{"C:\\Work\\Windsurf\\code-review-platform\\server\\app.js": {"path":"C:\\Work\\Windsurf\\code-review-platform\\server\\app.js","statementMap":{"0":{"start":{"line":1,"column":0},"end":{"line":1,"column":27}},"1":{"start":{"line":2,"column":16},"end":{"line":2,"column":34}},"2":{"start":{"line":3,"column":13},"end":{"line":3,"column":28}},"3":{"start":{"line":4,"column":15},"end":{"line":4,"column":32}},"4":{"start":{"line":5,"column":15},"end":{"line":5,"column":32}},"5":{"start":{"line":6,"column":18},"end":{"line":6,"column":47}},"6":{"start":{"line":7,"column":15},"end":{"line":7,"column":40}},"7":{"start":{"line":8,"column":18},"end":{"line":8,"column":37}},"8":{"start":{"line":9,"column":25},"end":{"line":9,"column":66}},"9":{"start":{"line":11,"column":12},"end":{"line":11,"column":21}},"10":{"start":{"line":14,"column":0},"end":{"line":14,"column":18}},"11":{"start":{"line":15,"column":0},"end":{"line":20,"column":4}},"12":{"start":{"line":21,"column":16},"end":{"line":25,"column":2}},"13":{"start":{"line":26,"column":0},"end":{"line":28,"column":1}},"14":{"start":{"line":27,"column":2},"end":{"line":27,"column":19}},"15":{"start":{"line":31,"column":0},"end":{"line":31,"column":83}},"16":{"start":{"line":31,"column":53},"end":{"line":31,"column":76}},"17":{"start":{"line":34,"column":0},"end":{"line":34,"column":41}},"18":{"start":{"line":35,"column":0},"end":{"line":35,"column":63}},"19":{"start":{"line":38,"column":0},"end":{"line":38,"column":27}},"20":{"start":{"line":41,"column":0},"end":{"line":43,"column":3}},"21":{"start":{"line":42,"column":2},"end":{"line":42,"column":64}},"22":{"start":{"line":46,"column":0},"end":{"line":46,"column":22}},"23":{"start":{"line":49,"column":0},"end":{"line":51,"column":3}},"24":{"start":{"line":50,"column":2},"end":{"line":50,"column":82}},"25":{"start":{"line":53,"column":0},"end":{"line":53,"column":21}}},"fnMap":{"0":{"name":"(anonymous_0)","decl":{"start":{"line":31,"column":46},"end":{"line":31,"column":47}},"loc":{"start":{"line":31,"column":53},"end":{"line":31,"column":76}},"line":31},"1":{"name":"(anonymous_1)","decl":{"start":{"line":41,"column":19},"end":{"line":41,"column":20}},"loc":{"start":{"line":41,"column":33},"end":{"line":43,"column":1}},"line":41},"2":{"name":"(anonymous_2)","decl":{"start":{"line":49,"column":8},"end":{"line":49,"column":9}},"loc":{"start":{"line":49,"column":22},"end":{"line":51,"column":1}},"line":49}},"branchMap":{"0":{"loc":{"start":{"line":16,"column":10},"end":{"line":18,"column":10}},"type":"cond-expr","locations":[{"start":{"line":17,"column":6},"end":{"line":17,"column":28}},{"start":{"line":18,"column":6},"end":{"line":18,"column":10}}],"line":16},"1":{"loc":{"start":{"line":26,"column":0},"end":{"line":28,"column":1}},"type":"if","locations":[{"start":{"line":26,"column":0},"end":{"line":28,"column":1}},{"start":{},"end":{}}],"line":26}},"s":{"0":13,"1":13,"2":13,"3":13,"4":13,"5":13,"6":13,"7":13,"8":13,"9":13,"10":13,"11":13,"12":13,"13":13,"14":5,"15":13,"16":302,"17":13,"18":13,"19":13,"20":13,"21":103,"22":13,"23":13,"24":2,"25":13},"f":{"0":302,"1":103,"2":2},"b":{"0":[1,12],"1":[5,8]},"_coverageSchema":"1a1c01bbd47fc00a2c39e90264f33305004495a9","hash":"aa3b619f5bc97d420665d6cdcf7c7e674f5dfe7a"}
,"C:\\Work\\Windsurf\\code-review-platform\\server\\babel.config.js": {"path":"C:\\Work\\Windsurf\\code-review-platform\\server\\babel.config.js","statementMap":{"0":{"start":{"line":1,"column":0},"end":{"line":6,"column":2}}},"fnMap":{},"branchMap":{},"s":{"0":0},"f":{},"b":{}}
,"C:\\Work\\Windsurf\\code-review-platform\\server\\server.js": {"path":"C:\\Work\\Windsurf\\code-review-platform\\server\\server.js","statementMap":{"0":{"start":{"line":1,"column":0},"end":{"line":1,"column":27}},"1":{"start":{"line":2,"column":13},"end":{"line":2,"column":28}},"2":{"start":{"line":3,"column":16},"end":{"line":3,"column":34}},"3":{"start":{"line":4,"column":17},"end":{"line":4,"column":36}},"4":{"start":{"line":5,"column":13},"end":{"line":5,"column":28}},"5":{"start":{"line":6,"column":15},"end":{"line":6,"column":32}},"6":{"start":{"line":7,"column":15},"end":{"line":7,"column":32}},"7":{"start":{"line":8,"column":18},"end":{"line":8,"column":47}},"8":{"start":{"line":9,"column":27},"end":{"line":9,"column":55}},"9":{"start":{"line":10,"column":15},"end":{"line":10,"column":40}},"10":{"start":{"line":11,"column":29},"end":{"line":11,"column":48}},"11":{"start":{"line":14,"column":18},"end":{"line":14,"column":37}},"12":{"start":{"line":15,"column":25},"end":{"line":15,"column":66}},"13":{"start":{"line":16,"column":12},"end":{"line":16,"column":28}},"14":{"start":{"line":18,"column":15},"end":{"line":18,"column":37}},"15":{"start":{"line":21,"column":0},"end":{"line":21,"column":25}},"16":{"start":{"line":24,"column":0},"end":{"line":24,"column":18}},"17":{"start":{"line":25,"column":0},"end":{"line":30,"column":4}},"18":{"start":{"line":33,"column":16},"end":{"line":37,"column":2}},"19":{"start":{"line":38,"column":0},"end":{"line":38,"column":17}},"20":{"start":{"line":41,"column":0},"end":{"line":41,"column":91}},"21":{"start":{"line":41,"column":57},"end":{"line":41,"column":84}},"22":{"start":{"line":44,"column":0},"end":{"line":44,"column":41}},"23":{"start":{"line":45,"column":0},"end":{"line":45,"column":63}},"24":{"start":{"line":48,"column":0},"end":{"line":48,"column":27}},"25":{"start":{"line":51,"column":0},"end":{"line":53,"column":3}},"26":{"start":{"line":52,"column":2},"end":{"line":52,"column":64}},"27":{"start":{"line":56,"column":0},"end":{"line":56,"column":22}},"28":{"start":{"line":59,"column":0},"end":{"line":65,"column":3}},"29":{"start":{"line":60,"column":2},"end":{"line":64,"column":5}},"30":{"start":{"line":69,"column":2},"end":{"line":69,"column":44}},"31":{"start":{"line":70,"column":2},"end":{"line":70,"column":36}},"32":{"start":{"line":74,"column":17},"end":{"line":76,"column":3}},"33":{"start":{"line":78,"column":20},"end":{"line":78,"column":63}},"34":{"start":{"line":78,"column":42},"end":{"line":78,"column":62}},"35":{"start":{"line":79,"column":2},"end":{"line":79,"column":87}},"36":{"start":{"line":82,"column":0},"end":{"line":88,"column":3}},"37":{"start":{"line":86,"column":20},"end":{"line":86,"column":76}},"38":{"start":{"line":87,"column":24},"end":{"line":87,"column":50}},"39":{"start":{"line":91,"column":0},"end":{"line":108,"column":1}},"40":{"start":{"line":92,"column":15},"end":{"line":92,"column":39}},"41":{"start":{"line":93,"column":22},"end":{"line":93,"column":88}},"42":{"start":{"line":94,"column":2},"end":{"line":105,"column":7}},"43":{"start":{"line":97,"column":6},"end":{"line":97,"column":42}},"44":{"start":{"line":98,"column":6},"end":{"line":100,"column":9}},"45":{"start":{"line":99,"column":8},"end":{"line":99,"column":54}},"46":{"start":{"line":103,"column":6},"end":{"line":103,"column":53}},"47":{"start":{"line":104,"column":6},"end":{"line":104,"column":22}},"48":{"start":{"line":111,"column":0},"end":{"line":115,"column":3}},"49":{"start":{"line":112,"column":2},"end":{"line":112,"column":44}},"50":{"start":{"line":114,"column":2},"end":{"line":114,"column":38}},"51":{"start":{"line":114,"column":21},"end":{"line":114,"column":36}},"52":{"start":{"line":117,"column":0},"end":{"line":117,"column":58}}},"fnMap":{"0":{"name":"(anonymous_0)","decl":{"start":{"line":41,"column":46},"end":{"line":41,"column":47}},"loc":{"start":{"line":41,"column":57},"end":{"line":41,"column":84}},"line":41},"1":{"name":"(anonymous_1)","decl":{"start":{"line":51,"column":19},"end":{"line":51,"column":20}},"loc":{"start":{"line":51,"column":33},"end":{"line":53,"column":1}},"line":51},"2":{"name":"(anonymous_2)","decl":{"start":{"line":59,"column":8},"end":{"line":59,"column":9}},"loc":{"start":{"line":59,"column":22},"end":{"line":65,"column":1}},"line":59},"3":{"name":"onSignal","decl":{"start":{"line":68,"column":15},"end":{"line":68,"column":23}},"loc":{"start":{"line":68,"column":26},"end":{"line":71,"column":1}},"line":68},"4":{"name":"onHealthCheck","decl":{"start":{"line":73,"column":15},"end":{"line":73,"column":28}},"loc":{"start":{"line":73,"column":31},"end":{"line":80,"column":1}},"line":73},"5":{"name":"(anonymous_5)","decl":{"start":{"line":78,"column":33},"end":{"line":78,"column":34}},"loc":{"start":{"line":78,"column":42},"end":{"line":78,"column":62}},"line":78},"6":{"name":"(anonymous_6)","decl":{"start":{"line":86,"column":14},"end":{"line":86,"column":15}},"loc":{"start":{"line":86,"column":20},"end":{"line":86,"column":76}},"line":86},"7":{"name":"(anonymous_7)","decl":{"start":{"line":87,"column":10},"end":{"line":87,"column":11}},"loc":{"start":{"line":87,"column":24},"end":{"line":87,"column":50}},"line":87},"8":{"name":"(anonymous_8)","decl":{"start":{"line":96,"column":10},"end":{"line":96,"column":11}},"loc":{"start":{"line":96,"column":16},"end":{"line":101,"column":5}},"line":96},"9":{"name":"(anonymous_9)","decl":{"start":{"line":98,"column":26},"end":{"line":98,"column":27}},"loc":{"start":{"line":98,"column":32},"end":{"line":100,"column":7}},"line":98},"10":{"name":"(anonymous_10)","decl":{"start":{"line":102,"column":11},"end":{"line":102,"column":12}},"loc":{"start":{"line":102,"column":20},"end":{"line":105,"column":5}},"line":102},"11":{"name":"(anonymous_11)","decl":{"start":{"line":111,"column":33},"end":{"line":111,"column":34}},"loc":{"start":{"line":111,"column":42},"end":{"line":115,"column":1}},"line":111},"12":{"name":"(anonymous_12)","decl":{"start":{"line":114,"column":15},"end":{"line":114,"column":16}},"loc":{"start":{"line":114,"column":21},"end":{"line":114,"column":36}},"line":114}},"branchMap":{"0":{"loc":{"start":{"line":26,"column":10},"end":{"line":28,"column":29}},"type":"cond-expr","locations":[{"start":{"line":27,"column":6},"end":{"line":27,"column":28}},{"start":{"line":28,"column":6},"end":{"line":28,"column":29}}],"line":26},"1":{"loc":{"start":{"line":75,"column":4},"end":{"line":75,"column":83}},"type":"cond-expr","locations":[{"start":{"line":75,"column":43},"end":{"line":75,"column":56}},{"start":{"line":75,"column":59},"end":{"line":75,"column":83}}],"line":75},"2":{"loc":{"start":{"line":79,"column":9},"end":{"line":79,"column":86}},"type":"cond-expr","locations":[{"start":{"line":79,"column":21},"end":{"line":79,"column":38}},{"start":{"line":79,"column":41},"end":{"line":79,"column":86}}],"line":79},"3":{"loc":{"start":{"line":91,"column":0},"end":{"line":108,"column":1}},"type":"if","locations":[{"start":{"line":91,"column":0},"end":{"line":108,"column":1}},{"start":{"line":106,"column":7},"end":{"line":108,"column":1}}],"line":91},"4":{"loc":{"start":{"line":92,"column":15},"end":{"line":92,"column":39}},"type":"binary-expr","locations":[{"start":{"line":92,"column":15},"end":{"line":92,"column":31}},{"start":{"line":92,"column":35},"end":{"line":92,"column":39}}],"line":92},"5":{"loc":{"start":{"line":93,"column":22},"end":{"line":93,"column":88}},"type":"binary-expr","locations":[{"start":{"line":93,"column":22},"end":{"line":93,"column":45}},{"start":{"line":93,"column":49},"end":{"line":93,"column":88}}],"line":93}},"s":{"0":9,"1":9,"2":9,"3":9,"4":9,"5":9,"6":9,"7":9,"8":9,"9":9,"10":9,"11":9,"12":9,"13":9,"14":9,"15":9,"16":9,"17":9,"18":9,"19":9,"20":9,"21":0,"22":9,"23":9,"24":9,"25":9,"26":0,"27":9,"28":9,"29":0,"30":1,"31":1,"32":4,"33":4,"34":4,"35":4,"36":9,"37":0,"38":1,"39":9,"40":1,"41":1,"42":1,"43":0,"44":0,"45":0,"46":1,"47":1,"48":9,"49":1,"50":1,"51":1,"52":9},"f":{"0":0,"1":0,"2":0,"3":1,"4":4,"5":4,"6":0,"7":1,"8":0,"9":0,"10":1,"11":1,"12":1},"b":{"0":[0,9],"1":[2,2],"2":[2,2],"3":[1,8],"4":[1,0],"5":[1,0]},"_coverageSchema":"1a1c01bbd47fc00a2c39e90264f33305004495a9","hash":"0a98f01cdd2facb96399a9358adcb2162f9ff084"}
,"C:\\Work\\Windsurf\\code-review-platform\\server\\socket.js": {"path":"C:\\Work\\Windsurf\\code-review-platform\\server\\socket.js","statementMap":{"0":{"start":{"line":1,"column":19},"end":{"line":1,"column":39}},"1":{"start":{"line":2,"column":15},"end":{"line":2,"column":40}},"2":{"start":{"line":6,"column":25},"end":{"line":61,"column":1}},"3":{"start":{"line":7,"column":2},"end":{"line":16,"column":5}},"4":{"start":{"line":19,"column":2},"end":{"line":58,"column":5}},"5":{"start":{"line":20,"column":21},"end":{"line":20,"column":30}},"6":{"start":{"line":21,"column":4},"end":{"line":21,"column":49}},"7":{"start":{"line":24,"column":4},"end":{"line":27,"column":7}},"8":{"start":{"line":25,"column":6},"end":{"line":25,"column":40}},"9":{"start":{"line":26,"column":6},"end":{"line":26,"column":66}},"10":{"start":{"line":30,"column":4},"end":{"line":33,"column":7}},"11":{"start":{"line":31,"column":6},"end":{"line":31,"column":41}},"12":{"start":{"line":32,"column":6},"end":{"line":32,"column":64}},"13":{"start":{"line":36,"column":4},"end":{"line":43,"column":7}},"14":{"start":{"line":37,"column":36},"end":{"line":37,"column":40}},"15":{"start":{"line":38,"column":6},"end":{"line":41,"column":9}},"16":{"start":{"line":42,"column":6},"end":{"line":42,"column":76}},"17":{"start":{"line":46,"column":4},"end":{"line":52,"column":7}},"18":{"start":{"line":47,"column":45},"end":{"line":47,"column":49}},"19":{"start":{"line":48,"column":6},"end":{"line":51,"column":9}},"20":{"start":{"line":55,"column":4},"end":{"line":57,"column":7}},"21":{"start":{"line":56,"column":6},"end":{"line":56,"column":54}},"22":{"start":{"line":60,"column":2},"end":{"line":60,"column":12}},"23":{"start":{"line":64,"column":21},"end":{"line":68,"column":1}},"24":{"start":{"line":65,"column":2},"end":{"line":67,"column":3}},"25":{"start":{"line":66,"column":4},"end":{"line":66,"column":50}},"26":{"start":{"line":71,"column":18},"end":{"line":75,"column":1}},"27":{"start":{"line":72,"column":2},"end":{"line":74,"column":3}},"28":{"start":{"line":73,"column":4},"end":{"line":73,"column":25}},"29":{"start":{"line":77,"column":0},"end":{"line":82,"column":2}},"30":{"start":{"line":81,"column":15},"end":{"line":81,"column":17}}},"fnMap":{"0":{"name":"(anonymous_0)","decl":{"start":{"line":6,"column":25},"end":{"line":6,"column":26}},"loc":{"start":{"line":6,"column":37},"end":{"line":61,"column":1}},"line":6},"1":{"name":"(anonymous_1)","decl":{"start":{"line":19,"column":22},"end":{"line":19,"column":23}},"loc":{"start":{"line":19,"column":34},"end":{"line":58,"column":3}},"line":19},"2":{"name":"(anonymous_2)","decl":{"start":{"line":24,"column":28},"end":{"line":24,"column":29}},"loc":{"start":{"line":24,"column":42},"end":{"line":27,"column":5}},"line":24},"3":{"name":"(anonymous_3)","decl":{"start":{"line":30,"column":29},"end":{"line":30,"column":30}},"loc":{"start":{"line":30,"column":43},"end":{"line":33,"column":5}},"line":30},"4":{"name":"(anonymous_4)","decl":{"start":{"line":36,"column":28},"end":{"line":36,"column":29}},"loc":{"start":{"line":36,"column":38},"end":{"line":43,"column":5}},"line":36},"5":{"name":"(anonymous_5)","decl":{"start":{"line":46,"column":28},"end":{"line":46,"column":29}},"loc":{"start":{"line":46,"column":38},"end":{"line":52,"column":5}},"line":46},"6":{"name":"(anonymous_6)","decl":{"start":{"line":55,"column":28},"end":{"line":55,"column":29}},"loc":{"start":{"line":55,"column":34},"end":{"line":57,"column":5}},"line":55},"7":{"name":"(anonymous_7)","decl":{"start":{"line":64,"column":21},"end":{"line":64,"column":22}},"loc":{"start":{"line":64,"column":48},"end":{"line":68,"column":1}},"line":64},"8":{"name":"(anonymous_8)","decl":{"start":{"line":71,"column":18},"end":{"line":71,"column":19}},"loc":{"start":{"line":71,"column":35},"end":{"line":75,"column":1}},"line":71},"9":{"name":"(anonymous_9)","decl":{"start":{"line":81,"column":9},"end":{"line":81,"column":10}},"loc":{"start":{"line":81,"column":15},"end":{"line":81,"column":17}},"line":81}},"branchMap":{"0":{"loc":{"start":{"line":9,"column":14},"end":{"line":11,"column":33}},"type":"cond-expr","locations":[{"start":{"line":10,"column":10},"end":{"line":10,"column":32}},{"start":{"line":11,"column":10},"end":{"line":11,"column":33}}],"line":9},"1":{"loc":{"start":{"line":65,"column":2},"end":{"line":67,"column":3}},"type":"if","locations":[{"start":{"line":65,"column":2},"end":{"line":67,"column":3}},{"start":{},"end":{}}],"line":65},"2":{"loc":{"start":{"line":72,"column":2},"end":{"line":74,"column":3}},"type":"if","locations":[{"start":{"line":72,"column":2},"end":{"line":74,"column":3}},{"start":{},"end":{}}],"line":72}},"s":{"0":15,"1":15,"2":15,"3":16,"4":16,"5":1,"6":1,"7":1,"8":1,"9":1,"10":1,"11":1,"12":1,"13":1,"14":1,"15":1,"16":1,"17":1,"18":1,"19":1,"20":1,"21":1,"22":16,"23":15,"24":1,"25":1,"26":15,"27":70,"28":70,"29":15,"30":1},"f":{"0":16,"1":1,"2":1,"3":1,"4":1,"5":1,"6":1,"7":1,"8":70,"9":1},"b":{"0":[1,15],"1":[1,0],"2":[70,0]},"_coverageSchema":"1a1c01bbd47fc00a2c39e90264f33305004495a9","hash":"5b19453be363030960e9b6285b58f18f554c3600"}
,"C:\\Work\\Windsurf\\code-review-platform\\server\\controllers\\analysis.controller.js": {"path":"C:\\Work\\Windsurf\\code-review-platform\\server\\controllers\\analysis.controller.js","statementMap":{"0":{"start":{"line":1,"column":17},"end":{"line":1,"column":46}},"1":{"start":{"line":2,"column":24},"end":{"line":2,"column":56}},"2":{"start":{"line":3,"column":33},"end":{"line":3,"column":64}},"3":{"start":{"line":10,"column":0},"end":{"line":57,"column":2}},"4":{"start":{"line":11,"column":2},"end":{"line":56,"column":3}},"5":{"start":{"line":12,"column":31},"end":{"line":12,"column":39}},"6":{"start":{"line":13,"column":19},"end":{"line":13,"column":30}},"7":{"start":{"line":15,"column":4},"end":{"line":17,"column":5}},"8":{"start":{"line":16,"column":6},"end":{"line":16,"column":67}},"9":{"start":{"line":20,"column":19},"end":{"line":20,"column":52}},"10":{"start":{"line":23,"column":20},"end":{"line":23,"column":46}},"11":{"start":{"line":26,"column":24},"end":{"line":26,"column":60}},"12":{"start":{"line":29,"column":4},"end":{"line":43,"column":5}},"13":{"start":{"line":30,"column":6},"end":{"line":42,"column":7}},"14":{"start":{"line":31,"column":25},"end":{"line":37,"column":10}},"15":{"start":{"line":38,"column":8},"end":{"line":38,"column":30}},"16":{"start":{"line":40,"column":8},"end":{"line":40,"column":69}},"17":{"start":{"line":45,"column":4},"end":{"line":49,"column":7}},"18":{"start":{"line":51,"column":4},"end":{"line":51,"column":44}},"19":{"start":{"line":52,"column":4},"end":{"line":55,"column":7}},"20":{"start":{"line":64,"column":0},"end":{"line":91,"column":2}},"21":{"start":{"line":65,"column":2},"end":{"line":90,"column":3}},"22":{"start":{"line":66,"column":21},"end":{"line":69,"column":16}},"23":{"start":{"line":72,"column":30},"end":{"line":81,"column":7}},"24":{"start":{"line":72,"column":56},"end":{"line":81,"column":5}},"25":{"start":{"line":83,"column":4},"end":{"line":83,"column":44}},"26":{"start":{"line":85,"column":4},"end":{"line":85,"column":56}},"27":{"start":{"line":86,"column":4},"end":{"line":89,"column":7}},"28":{"start":{"line":97,"column":22},"end":{"line":97,"column":24}},"29":{"start":{"line":100,"column":2},"end":{"line":102,"column":3}},"30":{"start":{"line":101,"column":4},"end":{"line":101,"column":147}},"31":{"start":{"line":105,"column":2},"end":{"line":111,"column":3}},"32":{"start":{"line":106,"column":4},"end":{"line":110,"column":5}},"33":{"start":{"line":107,"column":6},"end":{"line":107,"column":132}},"34":{"start":{"line":109,"column":6},"end":{"line":109,"column":130}},"35":{"start":{"line":114,"column":21},"end":{"line":114,"column":63}},"36":{"start":{"line":114,"column":49},"end":{"line":114,"column":61}},"37":{"start":{"line":116,"column":2},"end":{"line":118,"column":3}},"38":{"start":{"line":117,"column":4},"end":{"line":117,"column":108}},"39":{"start":{"line":120,"column":2},"end":{"line":122,"column":3}},"40":{"start":{"line":121,"column":4},"end":{"line":121,"column":105}},"41":{"start":{"line":124,"column":2},"end":{"line":126,"column":3}},"42":{"start":{"line":125,"column":4},"end":{"line":125,"column":95}},"43":{"start":{"line":128,"column":2},"end":{"line":130,"column":3}},"44":{"start":{"line":129,"column":4},"end":{"line":129,"column":89}},"45":{"start":{"line":132,"column":2},"end":{"line":134,"column":3}},"46":{"start":{"line":133,"column":4},"end":{"line":133,"column":77}},"47":{"start":{"line":137,"column":2},"end":{"line":139,"column":3}},"48":{"start":{"line":138,"column":4},"end":{"line":138,"column":92}},"49":{"start":{"line":142,"column":2},"end":{"line":144,"column":3}},"50":{"start":{"line":143,"column":4},"end":{"line":143,"column":23}},"51":{"start":{"line":147,"column":2},"end":{"line":147,"column":59}},"52":{"start":{"line":152,"column":2},"end":{"line":156,"column":3}},"53":{"start":{"line":153,"column":12},"end":{"line":153,"column":21}},"54":{"start":{"line":154,"column":12},"end":{"line":154,"column":21}},"55":{"start":{"line":155,"column":13},"end":{"line":155,"column":22}},"56":{"start":{"line":160,"column":0},"end":{"line":160,"column":50}},"57":{"start":{"line":161,"column":0},"end":{"line":161,"column":34}}},"fnMap":{"0":{"name":"(anonymous_0)","decl":{"start":{"line":10,"column":22},"end":{"line":10,"column":23}},"loc":{"start":{"line":10,"column":42},"end":{"line":57,"column":1}},"line":10},"1":{"name":"(anonymous_1)","decl":{"start":{"line":64,"column":29},"end":{"line":64,"column":30}},"loc":{"start":{"line":64,"column":49},"end":{"line":91,"column":1}},"line":64},"2":{"name":"(anonymous_2)","decl":{"start":{"line":72,"column":43},"end":{"line":72,"column":44}},"loc":{"start":{"line":72,"column":56},"end":{"line":81,"column":5}},"line":72},"3":{"name":"generateSuggestions","decl":{"start":{"line":96,"column":9},"end":{"line":96,"column":28}},"loc":{"start":{"line":96,"column":46},"end":{"line":148,"column":1}},"line":96},"4":{"name":"(anonymous_4)","decl":{"start":{"line":114,"column":40},"end":{"line":114,"column":41}},"loc":{"start":{"line":114,"column":49},"end":{"line":114,"column":61}},"line":114},"5":{"name":"getSeverity","decl":{"start":{"line":151,"column":9},"end":{"line":151,"column":20}},"loc":{"start":{"line":151,"column":37},"end":{"line":157,"column":1}},"line":151}},"branchMap":{"0":{"loc":{"start":{"line":15,"column":4},"end":{"line":17,"column":5}},"type":"if","locations":[{"start":{"line":15,"column":4},"end":{"line":17,"column":5}},{"start":{},"end":{}}],"line":15},"1":{"loc":{"start":{"line":29,"column":4},"end":{"line":43,"column":5}},"type":"if","locations":[{"start":{"line":29,"column":4},"end":{"line":43,"column":5}},{"start":{},"end":{}}],"line":29},"2":{"loc":{"start":{"line":54,"column":13},"end":{"line":54,"column":79}},"type":"cond-expr","locations":[{"start":{"line":54,"column":54},"end":{"line":54,"column":67}},{"start":{"line":54,"column":70},"end":{"line":54,"column":79}}],"line":54},"3":{"loc":{"start":{"line":76,"column":20},"end":{"line":76,"column":53}},"type":"binary-expr","locations":[{"start":{"line":76,"column":20},"end":{"line":76,"column":48}},{"start":{"line":76,"column":52},"end":{"line":76,"column":53}}],"line":76},"4":{"loc":{"start":{"line":77,"column":25},"end":{"line":77,"column":63}},"type":"binary-expr","locations":[{"start":{"line":77,"column":25},"end":{"line":77,"column":58}},{"start":{"line":77,"column":62},"end":{"line":77,"column":63}}],"line":77},"5":{"loc":{"start":{"line":78,"column":21},"end":{"line":78,"column":55}},"type":"binary-expr","locations":[{"start":{"line":78,"column":21},"end":{"line":78,"column":50}},{"start":{"line":78,"column":54},"end":{"line":78,"column":55}}],"line":78},"6":{"loc":{"start":{"line":88,"column":13},"end":{"line":88,"column":79}},"type":"cond-expr","locations":[{"start":{"line":88,"column":54},"end":{"line":88,"column":67}},{"start":{"line":88,"column":70},"end":{"line":88,"column":79}}],"line":88},"7":{"loc":{"start":{"line":100,"column":2},"end":{"line":102,"column":3}},"type":"if","locations":[{"start":{"line":100,"column":2},"end":{"line":102,"column":3}},{"start":{},"end":{}}],"line":100},"8":{"loc":{"start":{"line":105,"column":2},"end":{"line":111,"column":3}},"type":"if","locations":[{"start":{"line":105,"column":2},"end":{"line":111,"column":3}},{"start":{},"end":{}}],"line":105},"9":{"loc":{"start":{"line":106,"column":4},"end":{"line":110,"column":5}},"type":"if","locations":[{"start":{"line":106,"column":4},"end":{"line":110,"column":5}},{"start":{"line":108,"column":11},"end":{"line":110,"column":5}}],"line":106},"10":{"loc":{"start":{"line":116,"column":2},"end":{"line":118,"column":3}},"type":"if","locations":[{"start":{"line":116,"column":2},"end":{"line":118,"column":3}},{"start":{},"end":{}}],"line":116},"11":{"loc":{"start":{"line":120,"column":2},"end":{"line":122,"column":3}},"type":"if","locations":[{"start":{"line":120,"column":2},"end":{"line":122,"column":3}},{"start":{},"end":{}}],"line":120},"12":{"loc":{"start":{"line":124,"column":2},"end":{"line":126,"column":3}},"type":"if","locations":[{"start":{"line":124,"column":2},"end":{"line":126,"column":3}},{"start":{},"end":{}}],"line":124},"13":{"loc":{"start":{"line":128,"column":2},"end":{"line":130,"column":3}},"type":"if","locations":[{"start":{"line":128,"column":2},"end":{"line":130,"column":3}},{"start":{},"end":{}}],"line":128},"14":{"loc":{"start":{"line":132,"column":2},"end":{"line":134,"column":3}},"type":"if","locations":[{"start":{"line":132,"column":2},"end":{"line":134,"column":3}},{"start":{},"end":{}}],"line":132},"15":{"loc":{"start":{"line":137,"column":2},"end":{"line":139,"column":3}},"type":"if","locations":[{"start":{"line":137,"column":2},"end":{"line":139,"column":3}},{"start":{},"end":{}}],"line":137},"16":{"loc":{"start":{"line":142,"column":2},"end":{"line":144,"column":3}},"type":"if","locations":[{"start":{"line":142,"column":2},"end":{"line":144,"column":3}},{"start":{},"end":{}}],"line":142},"17":{"loc":{"start":{"line":152,"column":2},"end":{"line":156,"column":3}},"type":"switch","locations":[{"start":{"line":153,"column":4},"end":{"line":153,"column":21}},{"start":{"line":154,"column":4},"end":{"line":154,"column":21}},{"start":{"line":155,"column":4},"end":{"line":155,"column":22}}],"line":152}},"s":{"0":15,"1":15,"2":15,"3":15,"4":6,"5":6,"6":6,"7":6,"8":2,"9":4,"10":3,"11":3,"12":3,"13":2,"14":2,"15":2,"16":0,"17":3,"18":1,"19":1,"20":15,"21":4,"22":4,"23":3,"24":2,"25":3,"26":1,"27":1,"28":13,"29":13,"30":1,"31":13,"32":3,"33":1,"34":2,"35":13,"36":8,"37":13,"38":4,"39":13,"40":1,"41":13,"42":1,"43":13,"44":1,"45":13,"46":1,"47":13,"48":1,"49":13,"50":12,"51":1,"52":4,"53":1,"54":1,"55":2,"56":15,"57":15},"f":{"0":6,"1":4,"2":2,"3":13,"4":8,"5":4},"b":{"0":[2,4],"1":[2,1],"2":[0,1],"3":[2,0],"4":[2,0],"5":[2,0],"6":[0,1],"7":[1,12],"8":[3,10],"9":[1,2],"10":[4,9],"11":[1,12],"12":[1,12],"13":[1,12],"14":[1,12],"15":[1,12],"16":[12,1],"17":[1,1,2]},"_coverageSchema":"1a1c01bbd47fc00a2c39e90264f33305004495a9","hash":"839a6ce4b7a60d6ad8115eae43cfa73bc59fd984"}
,"C:\\Work\\Windsurf\\code-review-platform\\server\\controllers\\auth.controller.js": {"path":"C:\\Work\\Windsurf\\code-review-platform\\server\\controllers\\auth.controller.js","statementMap":{"0":{"start":{"line":1,"column":12},"end":{"line":1,"column":35}},"1":{"start":{"line":2,"column":15},"end":{"line":2,"column":34}},"2":{"start":{"line":3,"column":24},"end":{"line":3,"column":52}},"3":{"start":{"line":4,"column":21},"end":{"line":4,"column":63}},"4":{"start":{"line":5,"column":13},"end":{"line":5,"column":44}},"5":{"start":{"line":6,"column":15},"end":{"line":6,"column":41}},"6":{"start":{"line":7,"column":22},"end":{"line":7,"column":42}},"7":{"start":{"line":10,"column":22},"end":{"line":16,"column":1}},"8":{"start":{"line":11,"column":2},"end":{"line":15,"column":4}},"9":{"start":{"line":19,"column":29},"end":{"line":25,"column":1}},"10":{"start":{"line":20,"column":2},"end":{"line":24,"column":4}},"11":{"start":{"line":28,"column":23},"end":{"line":37,"column":1}},"12":{"start":{"line":29,"column":24},"end":{"line":34,"column":3}},"13":{"start":{"line":36,"column":2},"end":{"line":36,"column":51}},"14":{"start":{"line":40,"column":17},"end":{"line":89,"column":1}},"15":{"start":{"line":41,"column":2},"end":{"line":88,"column":3}},"16":{"start":{"line":42,"column":42},"end":{"line":42,"column":50}},"17":{"start":{"line":45,"column":25},"end":{"line":45,"column":79}},"18":{"start":{"line":46,"column":4},"end":{"line":51,"column":5}},"19":{"start":{"line":47,"column":6},"end":{"line":50,"column":8}},"20":{"start":{"line":54,"column":17},"end":{"line":58,"column":6}},"21":{"start":{"line":60,"column":4},"end":{"line":60,"column":22}},"22":{"start":{"line":63,"column":18},"end":{"line":63,"column":41}},"23":{"start":{"line":64,"column":25},"end":{"line":64,"column":55}},"24":{"start":{"line":67,"column":4},"end":{"line":67,"column":37}},"25":{"start":{"line":68,"column":4},"end":{"line":68,"column":22}},"26":{"start":{"line":71,"column":4},"end":{"line":71,"column":38}},"27":{"start":{"line":74,"column":4},"end":{"line":74,"column":30}},"28":{"start":{"line":75,"column":4},"end":{"line":75,"column":34}},"29":{"start":{"line":78,"column":4},"end":{"line":78,"column":79}},"30":{"start":{"line":80,"column":4},"end":{"line":85,"column":7}},"31":{"start":{"line":87,"column":4},"end":{"line":87,"column":16}},"32":{"start":{"line":92,"column":14},"end":{"line":137,"column":1}},"33":{"start":{"line":93,"column":2},"end":{"line":136,"column":3}},"34":{"start":{"line":94,"column":32},"end":{"line":94,"column":40}},"35":{"start":{"line":97,"column":17},"end":{"line":97,"column":66}},"36":{"start":{"line":98,"column":4},"end":{"line":103,"column":5}},"37":{"start":{"line":99,"column":6},"end":{"line":102,"column":8}},"38":{"start":{"line":106,"column":20},"end":{"line":106,"column":65}},"39":{"start":{"line":107,"column":4},"end":{"line":112,"column":5}},"40":{"start":{"line":108,"column":6},"end":{"line":111,"column":8}},"41":{"start":{"line":115,"column":18},"end":{"line":115,"column":41}},"42":{"start":{"line":116,"column":25},"end":{"line":116,"column":55}},"43":{"start":{"line":119,"column":4},"end":{"line":119,"column":37}},"44":{"start":{"line":120,"column":4},"end":{"line":120,"column":22}},"45":{"start":{"line":123,"column":4},"end":{"line":123,"column":38}},"46":{"start":{"line":126,"column":4},"end":{"line":126,"column":30}},"47":{"start":{"line":127,"column":4},"end":{"line":127,"column":34}},"48":{"start":{"line":129,"column":4},"end":{"line":133,"column":7}},"49":{"start":{"line":135,"column":4},"end":{"line":135,"column":16}},"50":{"start":{"line":140,"column":23},"end":{"line":153,"column":1}},"51":{"start":{"line":141,"column":2},"end":{"line":152,"column":3}},"52":{"start":{"line":142,"column":17},"end":{"line":142,"column":83}},"53":{"start":{"line":143,"column":4},"end":{"line":145,"column":5}},"54":{"start":{"line":144,"column":6},"end":{"line":144,"column":66}},"55":{"start":{"line":146,"column":4},"end":{"line":149,"column":7}},"56":{"start":{"line":151,"column":4},"end":{"line":151,"column":16}},"57":{"start":{"line":156,"column":21},"end":{"line":193,"column":1}},"58":{"start":{"line":157,"column":2},"end":{"line":192,"column":3}},"59":{"start":{"line":158,"column":25},"end":{"line":158,"column":49}},"60":{"start":{"line":159,"column":22},"end":{"line":159,"column":64}},"61":{"start":{"line":159,"column":55},"end":{"line":159,"column":63}},"62":{"start":{"line":160,"column":26},"end":{"line":160,"column":76}},"63":{"start":{"line":160,"column":46},"end":{"line":160,"column":75}},"64":{"start":{"line":161,"column":4},"end":{"line":163,"column":5}},"65":{"start":{"line":162,"column":6},"end":{"line":162,"column":80}},"66":{"start":{"line":164,"column":25},"end":{"line":164,"column":52}},"67":{"start":{"line":167,"column":20},"end":{"line":167,"column":76}},"68":{"start":{"line":170,"column":17},"end":{"line":170,"column":72}},"69":{"start":{"line":172,"column":4},"end":{"line":174,"column":5}},"70":{"start":{"line":173,"column":6},"end":{"line":173,"column":69}},"71":{"start":{"line":176,"column":4},"end":{"line":178,"column":5}},"72":{"start":{"line":177,"column":6},"end":{"line":177,"column":76}},"73":{"start":{"line":181,"column":18},"end":{"line":181,"column":41}},"74":{"start":{"line":183,"column":4},"end":{"line":186,"column":7}},"75":{"start":{"line":188,"column":4},"end":{"line":190,"column":5}},"76":{"start":{"line":189,"column":6},"end":{"line":189,"column":83}},"77":{"start":{"line":191,"column":4},"end":{"line":191,"column":16}},"78":{"start":{"line":196,"column":15},"end":{"line":219,"column":1}},"79":{"start":{"line":197,"column":2},"end":{"line":218,"column":3}},"80":{"start":{"line":199,"column":4},"end":{"line":203,"column":6}},"81":{"start":{"line":206,"column":4},"end":{"line":210,"column":7}},"82":{"start":{"line":212,"column":4},"end":{"line":215,"column":7}},"83":{"start":{"line":217,"column":4},"end":{"line":217,"column":16}},"84":{"start":{"line":222,"column":21},"end":{"line":254,"column":1}},"85":{"start":{"line":223,"column":2},"end":{"line":253,"column":3}},"86":{"start":{"line":227,"column":4},"end":{"line":231,"column":5}},"87":{"start":{"line":228,"column":6},"end":{"line":228,"column":54}},"88":{"start":{"line":229,"column":11},"end":{"line":231,"column":5}},"89":{"start":{"line":230,"column":6},"end":{"line":230,"column":32}},"90":{"start":{"line":233,"column":4},"end":{"line":235,"column":5}},"91":{"start":{"line":234,"column":6},"end":{"line":234,"column":90}},"92":{"start":{"line":238,"column":20},"end":{"line":238,"column":61}},"93":{"start":{"line":241,"column":17},"end":{"line":241,"column":82}},"94":{"start":{"line":243,"column":4},"end":{"line":245,"column":5}},"95":{"start":{"line":244,"column":6},"end":{"line":244,"column":69}},"96":{"start":{"line":248,"column":4},"end":{"line":248,"column":20}},"97":{"start":{"line":249,"column":4},"end":{"line":249,"column":11}},"98":{"start":{"line":251,"column":4},"end":{"line":251,"column":59}},"99":{"start":{"line":252,"column":4},"end":{"line":252,"column":67}},"100":{"start":{"line":256,"column":0},"end":{"line":263,"column":2}}},"fnMap":{"0":{"name":"(anonymous_0)","decl":{"start":{"line":10,"column":22},"end":{"line":10,"column":23}},"loc":{"start":{"line":10,"column":34},"end":{"line":16,"column":1}},"line":10},"1":{"name":"(anonymous_1)","decl":{"start":{"line":19,"column":29},"end":{"line":19,"column":30}},"loc":{"start":{"line":19,"column":41},"end":{"line":25,"column":1}},"line":19},"2":{"name":"(anonymous_2)","decl":{"start":{"line":28,"column":23},"end":{"line":28,"column":24}},"loc":{"start":{"line":28,"column":39},"end":{"line":37,"column":1}},"line":28},"3":{"name":"(anonymous_3)","decl":{"start":{"line":40,"column":17},"end":{"line":40,"column":18}},"loc":{"start":{"line":40,"column":43},"end":{"line":89,"column":1}},"line":40},"4":{"name":"(anonymous_4)","decl":{"start":{"line":92,"column":14},"end":{"line":92,"column":15}},"loc":{"start":{"line":92,"column":40},"end":{"line":137,"column":1}},"line":92},"5":{"name":"(anonymous_5)","decl":{"start":{"line":140,"column":23},"end":{"line":140,"column":24}},"loc":{"start":{"line":140,"column":49},"end":{"line":153,"column":1}},"line":140},"6":{"name":"(anonymous_6)","decl":{"start":{"line":156,"column":21},"end":{"line":156,"column":22}},"loc":{"start":{"line":156,"column":47},"end":{"line":193,"column":1}},"line":156},"7":{"name":"(anonymous_7)","decl":{"start":{"line":159,"column":50},"end":{"line":159,"column":51}},"loc":{"start":{"line":159,"column":55},"end":{"line":159,"column":63}},"line":159},"8":{"name":"(anonymous_8)","decl":{"start":{"line":160,"column":41},"end":{"line":160,"column":42}},"loc":{"start":{"line":160,"column":46},"end":{"line":160,"column":75}},"line":160},"9":{"name":"(anonymous_9)","decl":{"start":{"line":196,"column":15},"end":{"line":196,"column":16}},"loc":{"start":{"line":196,"column":41},"end":{"line":219,"column":1}},"line":196},"10":{"name":"(anonymous_10)","decl":{"start":{"line":222,"column":21},"end":{"line":222,"column":22}},"loc":{"start":{"line":222,"column":47},"end":{"line":254,"column":1}},"line":222}},"branchMap":{"0":{"loc":{"start":{"line":14,"column":17},"end":{"line":14,"column":47}},"type":"binary-expr","locations":[{"start":{"line":14,"column":17},"end":{"line":14,"column":39}},{"start":{"line":14,"column":43},"end":{"line":14,"column":47}}],"line":14},"1":{"loc":{"start":{"line":46,"column":4},"end":{"line":51,"column":5}},"type":"if","locations":[{"start":{"line":46,"column":4},"end":{"line":51,"column":5}},{"start":{},"end":{}}],"line":46},"2":{"loc":{"start":{"line":98,"column":4},"end":{"line":103,"column":5}},"type":"if","locations":[{"start":{"line":98,"column":4},"end":{"line":103,"column":5}},{"start":{},"end":{}}],"line":98},"3":{"loc":{"start":{"line":107,"column":4},"end":{"line":112,"column":5}},"type":"if","locations":[{"start":{"line":107,"column":4},"end":{"line":112,"column":5}},{"start":{},"end":{}}],"line":107},"4":{"loc":{"start":{"line":143,"column":4},"end":{"line":145,"column":5}},"type":"if","locations":[{"start":{"line":143,"column":4},"end":{"line":145,"column":5}},{"start":{},"end":{}}],"line":143},"5":{"loc":{"start":{"line":158,"column":25},"end":{"line":158,"column":49}},"type":"binary-expr","locations":[{"start":{"line":158,"column":25},"end":{"line":158,"column":43}},{"start":{"line":158,"column":47},"end":{"line":158,"column":49}}],"line":158},"6":{"loc":{"start":{"line":161,"column":4},"end":{"line":163,"column":5}},"type":"if","locations":[{"start":{"line":161,"column":4},"end":{"line":163,"column":5}},{"start":{},"end":{}}],"line":161},"7":{"loc":{"start":{"line":172,"column":4},"end":{"line":174,"column":5}},"type":"if","locations":[{"start":{"line":172,"column":4},"end":{"line":174,"column":5}},{"start":{},"end":{}}],"line":172},"8":{"loc":{"start":{"line":176,"column":4},"end":{"line":178,"column":5}},"type":"if","locations":[{"start":{"line":176,"column":4},"end":{"line":178,"column":5}},{"start":{},"end":{}}],"line":176},"9":{"loc":{"start":{"line":176,"column":8},"end":{"line":176,"column":64}},"type":"binary-expr","locations":[{"start":{"line":176,"column":8},"end":{"line":176,"column":26}},{"start":{"line":176,"column":30},"end":{"line":176,"column":64}}],"line":176},"10":{"loc":{"start":{"line":188,"column":4},"end":{"line":190,"column":5}},"type":"if","locations":[{"start":{"line":188,"column":4},"end":{"line":190,"column":5}},{"start":{},"end":{}}],"line":188},"11":{"loc":{"start":{"line":188,"column":8},"end":{"line":188,"column":80}},"type":"binary-expr","locations":[{"start":{"line":188,"column":8},"end":{"line":188,"column":42}},{"start":{"line":188,"column":46},"end":{"line":188,"column":80}}],"line":188},"12":{"loc":{"start":{"line":227,"column":4},"end":{"line":231,"column":5}},"type":"if","locations":[{"start":{"line":227,"column":4},"end":{"line":231,"column":5}},{"start":{"line":229,"column":11},"end":{"line":231,"column":5}}],"line":227},"13":{"loc":{"start":{"line":227,"column":8},"end":{"line":227,"column":83}},"type":"binary-expr","locations":[{"start":{"line":227,"column":8},"end":{"line":227,"column":33}},{"start":{"line":227,"column":37},"end":{"line":227,"column":83}}],"line":227},"14":{"loc":{"start":{"line":229,"column":11},"end":{"line":231,"column":5}},"type":"if","locations":[{"start":{"line":229,"column":11},"end":{"line":231,"column":5}},{"start":{},"end":{}}],"line":229},"15":{"loc":{"start":{"line":233,"column":4},"end":{"line":235,"column":5}},"type":"if","locations":[{"start":{"line":233,"column":4},"end":{"line":235,"column":5}},{"start":{},"end":{}}],"line":233},"16":{"loc":{"start":{"line":243,"column":4},"end":{"line":245,"column":5}},"type":"if","locations":[{"start":{"line":243,"column":4},"end":{"line":245,"column":5}},{"start":{},"end":{}}],"line":243}},"s":{"0":14,"1":14,"2":14,"3":14,"4":14,"5":14,"6":14,"7":14,"8":137,"9":14,"10":136,"11":14,"12":136,"13":136,"14":14,"15":70,"16":70,"17":70,"18":70,"19":1,"20":69,"21":69,"22":69,"23":69,"24":69,"25":69,"26":69,"27":69,"28":69,"29":69,"30":69,"31":1,"32":14,"33":69,"34":69,"35":69,"36":69,"37":1,"38":68,"39":68,"40":1,"41":67,"42":67,"43":67,"44":67,"45":67,"46":67,"47":67,"48":67,"49":2,"50":14,"51":1,"52":1,"53":1,"54":0,"55":1,"56":0,"57":14,"58":3,"59":3,"60":3,"61":5,"62":3,"63":3,"64":3,"65":1,"66":2,"67":2,"68":1,"69":1,"70":0,"71":1,"72":0,"73":1,"74":1,"75":2,"76":1,"77":1,"78":14,"79":1,"80":1,"81":1,"82":1,"83":0,"84":14,"85":8,"86":8,"87":5,"88":3,"89":0,"90":6,"91":1,"92":5,"93":3,"94":2,"95":0,"96":2,"97":2,"98":6,"99":6,"100":14},"f":{"0":137,"1":136,"2":136,"3":70,"4":69,"5":1,"6":3,"7":5,"8":3,"9":1,"10":8},"b":{"0":[137,0],"1":[1,69],"2":[1,68],"3":[1,67],"4":[0,1],"5":[3,1],"6":[1,2],"7":[0,1],"8":[0,1],"9":[1,1],"10":[1,1],"11":[2,1],"12":[5,3],"13":[8,5],"14":[0,1],"15":[1,5],"16":[0,2]},"_coverageSchema":"1a1c01bbd47fc00a2c39e90264f33305004495a9","hash":"58a10e951e0fe3a2c4cd6de562d0bae7fbb53470"}
,"C:\\Work\\Windsurf\\code-review-platform\\server\\controllers\\review.controller.js": {"path":"C:\\Work\\Windsurf\\code-review-platform\\server\\controllers\\review.controller.js","statementMap":{"0":{"start":{"line":1,"column":15},"end":{"line":1,"column":48}},"1":{"start":{"line":2,"column":21},"end":{"line":2,"column":63}},"2":{"start":{"line":3,"column":24},"end":{"line":3,"column":52}},"3":{"start":{"line":6,"column":0},"end":{"line":15,"column":2}},"4":{"start":{"line":7,"column":2},"end":{"line":14,"column":3}},"5":{"start":{"line":8,"column":20},"end":{"line":10,"column":30}},"6":{"start":{"line":11,"column":4},"end":{"line":11,"column":34}},"7":{"start":{"line":13,"column":4},"end":{"line":13,"column":14}},"8":{"start":{"line":18,"column":0},"end":{"line":28,"column":2}},"9":{"start":{"line":19,"column":2},"end":{"line":27,"column":3}},"10":{"start":{"line":20,"column":19},"end":{"line":20,"column":86}},"11":{"start":{"line":21,"column":4},"end":{"line":23,"column":5}},"12":{"start":{"line":22,"column":6},"end":{"line":22,"column":68}},"13":{"start":{"line":24,"column":4},"end":{"line":24,"column":33}},"14":{"start":{"line":26,"column":4},"end":{"line":26,"column":14}},"15":{"start":{"line":31,"column":0},"end":{"line":42,"column":2}},"16":{"start":{"line":32,"column":2},"end":{"line":41,"column":3}},"17":{"start":{"line":33,"column":19},"end":{"line":33,"column":30}},"18":{"start":{"line":34,"column":48},"end":{"line":34,"column":56}},"19":{"start":{"line":35,"column":19},"end":{"line":35,"column":82}},"20":{"start":{"line":36,"column":4},"end":{"line":36,"column":24}},"21":{"start":{"line":37,"column":22},"end":{"line":37,"column":65}},"22":{"start":{"line":38,"column":4},"end":{"line":38,"column":36}},"23":{"start":{"line":40,"column":4},"end":{"line":40,"column":14}},"24":{"start":{"line":45,"column":0},"end":{"line":62,"column":2}},"25":{"start":{"line":46,"column":2},"end":{"line":61,"column":3}},"26":{"start":{"line":47,"column":19},"end":{"line":47,"column":30}},"27":{"start":{"line":48,"column":19},"end":{"line":48,"column":55}},"28":{"start":{"line":49,"column":4},"end":{"line":51,"column":5}},"29":{"start":{"line":50,"column":6},"end":{"line":50,"column":68}},"30":{"start":{"line":52,"column":4},"end":{"line":54,"column":5}},"31":{"start":{"line":53,"column":6},"end":{"line":53,"column":88}},"32":{"start":{"line":55,"column":4},"end":{"line":55,"column":36}},"33":{"start":{"line":56,"column":4},"end":{"line":56,"column":24}},"34":{"start":{"line":57,"column":22},"end":{"line":57,"column":65}},"35":{"start":{"line":58,"column":4},"end":{"line":58,"column":36}},"36":{"start":{"line":60,"column":4},"end":{"line":60,"column":14}},"37":{"start":{"line":65,"column":0},"end":{"line":80,"column":2}},"38":{"start":{"line":66,"column":2},"end":{"line":79,"column":3}},"39":{"start":{"line":67,"column":19},"end":{"line":67,"column":30}},"40":{"start":{"line":68,"column":19},"end":{"line":68,"column":55}},"41":{"start":{"line":69,"column":4},"end":{"line":71,"column":5}},"42":{"start":{"line":70,"column":6},"end":{"line":70,"column":68}},"43":{"start":{"line":72,"column":4},"end":{"line":74,"column":5}},"44":{"start":{"line":73,"column":6},"end":{"line":73,"column":88}},"45":{"start":{"line":75,"column":4},"end":{"line":75,"column":50}},"46":{"start":{"line":76,"column":4},"end":{"line":76,"column":27}},"47":{"start":{"line":78,"column":4},"end":{"line":78,"column":14}}},"fnMap":{"0":{"name":"(anonymous_0)","decl":{"start":{"line":6,"column":24},"end":{"line":6,"column":25}},"loc":{"start":{"line":6,"column":50},"end":{"line":15,"column":1}},"line":6},"1":{"name":"(anonymous_1)","decl":{"start":{"line":18,"column":24},"end":{"line":18,"column":25}},"loc":{"start":{"line":18,"column":50},"end":{"line":28,"column":1}},"line":18},"2":{"name":"(anonymous_2)","decl":{"start":{"line":31,"column":23},"end":{"line":31,"column":24}},"loc":{"start":{"line":31,"column":49},"end":{"line":42,"column":1}},"line":31},"3":{"name":"(anonymous_3)","decl":{"start":{"line":45,"column":23},"end":{"line":45,"column":24}},"loc":{"start":{"line":45,"column":49},"end":{"line":62,"column":1}},"line":45},"4":{"name":"(anonymous_4)","decl":{"start":{"line":65,"column":23},"end":{"line":65,"column":24}},"loc":{"start":{"line":65,"column":49},"end":{"line":80,"column":1}},"line":65}},"branchMap":{"0":{"loc":{"start":{"line":21,"column":4},"end":{"line":23,"column":5}},"type":"if","locations":[{"start":{"line":21,"column":4},"end":{"line":23,"column":5}},{"start":{},"end":{}}],"line":21},"1":{"loc":{"start":{"line":49,"column":4},"end":{"line":51,"column":5}},"type":"if","locations":[{"start":{"line":49,"column":4},"end":{"line":51,"column":5}},{"start":{},"end":{}}],"line":49},"2":{"loc":{"start":{"line":52,"column":4},"end":{"line":54,"column":5}},"type":"if","locations":[{"start":{"line":52,"column":4},"end":{"line":54,"column":5}},{"start":{},"end":{}}],"line":52},"3":{"loc":{"start":{"line":69,"column":4},"end":{"line":71,"column":5}},"type":"if","locations":[{"start":{"line":69,"column":4},"end":{"line":71,"column":5}},{"start":{},"end":{}}],"line":69},"4":{"loc":{"start":{"line":72,"column":4},"end":{"line":74,"column":5}},"type":"if","locations":[{"start":{"line":72,"column":4},"end":{"line":74,"column":5}},{"start":{},"end":{}}],"line":72}},"s":{"0":13,"1":13,"2":13,"3":13,"4":2,"5":2,"6":2,"7":0,"8":13,"9":2,"10":2,"11":2,"12":1,"13":1,"14":1,"15":13,"16":19,"17":19,"18":19,"19":19,"20":19,"21":14,"22":14,"23":5,"24":13,"25":6,"26":6,"27":6,"28":6,"29":1,"30":5,"31":1,"32":4,"33":4,"34":1,"35":1,"36":5,"37":13,"38":3,"39":3,"40":3,"41":3,"42":1,"43":2,"44":1,"45":1,"46":1,"47":2},"f":{"0":2,"1":2,"2":19,"3":6,"4":3},"b":{"0":[1,1],"1":[1,5],"2":[1,4],"3":[1,2],"4":[1,1]},"_coverageSchema":"1a1c01bbd47fc00a2c39e90264f33305004495a9","hash":"653d226bbca5bc98289cddeb425773e76ac15e4f"}
,"C:\\Work\\Windsurf\\code-review-platform\\server\\middlewares\\auth.js": {"path":"C:\\Work\\Windsurf\\code-review-platform\\server\\middlewares\\auth.js","statementMap":{"0":{"start":{"line":1,"column":12},"end":{"line":1,"column":35}},"1":{"start":{"line":2,"column":21},"end":{"line":2,"column":50}},"2":{"start":{"line":3,"column":24},"end":{"line":3,"column":52}},"3":{"start":{"line":4,"column":13},"end":{"line":4,"column":44}},"4":{"start":{"line":9,"column":0},"end":{"line":30,"column":2}},"5":{"start":{"line":10,"column":2},"end":{"line":29,"column":3}},"6":{"start":{"line":11,"column":23},"end":{"line":11,"column":48}},"7":{"start":{"line":12,"column":4},"end":{"line":14,"column":5}},"8":{"start":{"line":13,"column":6},"end":{"line":13,"column":84}},"9":{"start":{"line":15,"column":18},"end":{"line":15,"column":42}},"10":{"start":{"line":16,"column":20},"end":{"line":16,"column":61}},"11":{"start":{"line":18,"column":17},"end":{"line":18,"column":48}},"12":{"start":{"line":19,"column":4},"end":{"line":21,"column":5}},"13":{"start":{"line":20,"column":6},"end":{"line":20,"column":69}},"14":{"start":{"line":22,"column":4},"end":{"line":22,"column":32}},"15":{"start":{"line":23,"column":4},"end":{"line":23,"column":11}},"16":{"start":{"line":25,"column":20},"end":{"line":27,"column":39}},"17":{"start":{"line":28,"column":4},"end":{"line":28,"column":65}}},"fnMap":{"0":{"name":"(anonymous_0)","decl":{"start":{"line":9,"column":18},"end":{"line":9,"column":19}},"loc":{"start":{"line":9,"column":44},"end":{"line":30,"column":1}},"line":9}},"branchMap":{"0":{"loc":{"start":{"line":12,"column":4},"end":{"line":14,"column":5}},"type":"if","locations":[{"start":{"line":12,"column":4},"end":{"line":14,"column":5}},{"start":{},"end":{}}],"line":12},"1":{"loc":{"start":{"line":12,"column":8},"end":{"line":12,"column":56}},"type":"binary-expr","locations":[{"start":{"line":12,"column":8},"end":{"line":12,"column":19}},{"start":{"line":12,"column":23},"end":{"line":12,"column":56}}],"line":12},"2":{"loc":{"start":{"line":19,"column":4},"end":{"line":21,"column":5}},"type":"if","locations":[{"start":{"line":19,"column":4},"end":{"line":21,"column":5}},{"start":{},"end":{}}],"line":19},"3":{"loc":{"start":{"line":25,"column":20},"end":{"line":27,"column":39}},"type":"cond-expr","locations":[{"start":{"line":26,"column":8},"end":{"line":26,"column":23}},{"start":{"line":27,"column":8},"end":{"line":27,"column":39}}],"line":25}},"s":{"0":13,"1":13,"2":13,"3":13,"4":13,"5":43,"6":43,"7":43,"8":7,"9":36,"10":36,"11":35,"12":35,"13":0,"14":35,"15":35,"16":8,"17":8},"f":{"0":43},"b":{"0":[7,36],"1":[43,36],"2":[0,35],"3":[0,8]},"_coverageSchema":"1a1c01bbd47fc00a2c39e90264f33305004495a9","hash":"545c6d8e426aea30af9bd6a38437ab570b2c5423"}
,"C:\\Work\\Windsurf\\code-review-platform\\server\\middlewares\\error.middleware.js": {"path":"C:\\Work\\Windsurf\\code-review-platform\\server\\middlewares\\error.middleware.js","statementMap":{"0":{"start":{"line":1,"column":24},"end":{"line":1,"column":52}},"1":{"start":{"line":2,"column":15},"end":{"line":2,"column":41}},"2":{"start":{"line":6,"column":4},"end":{"line":6,"column":19}},"3":{"start":{"line":7,"column":4},"end":{"line":7,"column":33}},"4":{"start":{"line":8,"column":4},"end":{"line":8,"column":39}},"5":{"start":{"line":9,"column":4},"end":{"line":9,"column":54}},"6":{"start":{"line":10,"column":4},"end":{"line":10,"column":69}},"7":{"start":{"line":11,"column":4},"end":{"line":15,"column":5}},"8":{"start":{"line":12,"column":6},"end":{"line":12,"column":25}},"9":{"start":{"line":14,"column":6},"end":{"line":14,"column":54}},"10":{"start":{"line":19,"column":23},"end":{"line":43,"column":1}},"11":{"start":{"line":20,"column":14},"end":{"line":20,"column":17}},"12":{"start":{"line":22,"column":2},"end":{"line":40,"column":3}},"13":{"start":{"line":23,"column":23},"end":{"line":23,"column":74}},"14":{"start":{"line":24,"column":20},"end":{"line":24,"column":54}},"15":{"start":{"line":25,"column":26},"end":{"line":25,"column":28}},"16":{"start":{"line":30,"column":4},"end":{"line":32,"column":5}},"17":{"start":{"line":31,"column":6},"end":{"line":31,"column":35}},"18":{"start":{"line":36,"column":26},"end":{"line":36,"column":92}},"19":{"start":{"line":39,"column":4},"end":{"line":39,"column":89}},"20":{"start":{"line":42,"column":2},"end":{"line":42,"column":14}},"21":{"start":{"line":46,"column":21},"end":{"line":70,"column":1}},"22":{"start":{"line":47,"column":34},"end":{"line":47,"column":37}},"23":{"start":{"line":48,"column":19},"end":{"line":51,"column":3}},"24":{"start":{"line":54,"column":2},"end":{"line":56,"column":3}},"25":{"start":{"line":55,"column":4},"end":{"line":55,"column":33}},"26":{"start":{"line":59,"column":2},"end":{"line":61,"column":3}},"27":{"start":{"line":60,"column":4},"end":{"line":60,"column":31}},"28":{"start":{"line":64,"column":2},"end":{"line":66,"column":4}},"29":{"start":{"line":69,"column":2},"end":{"line":69,"column":77}},"30":{"start":{"line":72,"column":17},"end":{"line":78,"column":1}},"31":{"start":{"line":73,"column":16},"end":{"line":76,"column":3}},"32":{"start":{"line":77,"column":2},"end":{"line":77,"column":14}},"33":{"start":{"line":80,"column":0},"end":{"line":85,"column":2}}},"fnMap":{"0":{"name":"(anonymous_0)","decl":{"start":{"line":5,"column":2},"end":{"line":5,"column":3}},"loc":{"start":{"line":5,"column":82},"end":{"line":16,"column":3}},"line":5},"1":{"name":"(anonymous_1)","decl":{"start":{"line":19,"column":23},"end":{"line":19,"column":24}},"loc":{"start":{"line":19,"column":48},"end":{"line":43,"column":1}},"line":19},"2":{"name":"(anonymous_2)","decl":{"start":{"line":46,"column":21},"end":{"line":46,"column":22}},"loc":{"start":{"line":46,"column":46},"end":{"line":70,"column":1}},"line":46},"3":{"name":"(anonymous_3)","decl":{"start":{"line":72,"column":17},"end":{"line":72,"column":18}},"loc":{"start":{"line":72,"column":37},"end":{"line":78,"column":1}},"line":72}},"branchMap":{"0":{"loc":{"start":{"line":5,"column":35},"end":{"line":5,"column":46}},"type":"default-arg","locations":[{"start":{"line":5,"column":44},"end":{"line":5,"column":46}}],"line":5},"1":{"loc":{"start":{"line":5,"column":48},"end":{"line":5,"column":68}},"type":"default-arg","locations":[{"start":{"line":5,"column":64},"end":{"line":5,"column":68}}],"line":5},"2":{"loc":{"start":{"line":5,"column":70},"end":{"line":5,"column":80}},"type":"default-arg","locations":[{"start":{"line":5,"column":78},"end":{"line":5,"column":80}}],"line":5},"3":{"loc":{"start":{"line":9,"column":18},"end":{"line":9,"column":53}},"type":"cond-expr","locations":[{"start":{"line":9,"column":42},"end":{"line":9,"column":48}},{"start":{"line":9,"column":51},"end":{"line":9,"column":53}}],"line":9},"4":{"loc":{"start":{"line":10,"column":18},"end":{"line":10,"column":68}},"type":"cond-expr","locations":[{"start":{"line":10,"column":52},"end":{"line":10,"column":58}},{"start":{"line":10,"column":61},"end":{"line":10,"column":68}}],"line":10},"5":{"loc":{"start":{"line":11,"column":4},"end":{"line":15,"column":5}},"type":"if","locations":[{"start":{"line":11,"column":4},"end":{"line":15,"column":5}},{"start":{"line":13,"column":11},"end":{"line":15,"column":5}}],"line":11},"6":{"loc":{"start":{"line":22,"column":2},"end":{"line":40,"column":3}},"type":"if","locations":[{"start":{"line":22,"column":2},"end":{"line":40,"column":3}},{"start":{},"end":{}}],"line":22},"7":{"loc":{"start":{"line":23,"column":23},"end":{"line":23,"column":74}},"type":"binary-expr","locations":[{"start":{"line":23,"column":23},"end":{"line":23,"column":37}},{"start":{"line":23,"column":41},"end":{"line":23,"column":74}}],"line":23},"8":{"loc":{"start":{"line":24,"column":20},"end":{"line":24,"column":54}},"type":"binary-expr","locations":[{"start":{"line":24,"column":20},"end":{"line":24,"column":31}},{"start":{"line":24,"column":35},"end":{"line":24,"column":54}}],"line":24},"9":{"loc":{"start":{"line":30,"column":4},"end":{"line":32,"column":5}},"type":"if","locations":[{"start":{"line":30,"column":4},"end":{"line":32,"column":5}},{"start":{},"end":{}}],"line":30},"10":{"loc":{"start":{"line":36,"column":26},"end":{"line":36,"column":92}},"type":"cond-expr","locations":[{"start":{"line":36,"column":67},"end":{"line":36,"column":84}},{"start":{"line":36,"column":87},"end":{"line":36,"column":92}}],"line":36},"11":{"loc":{"start":{"line":54,"column":2},"end":{"line":56,"column":3}},"type":"if","locations":[{"start":{"line":54,"column":2},"end":{"line":56,"column":3}},{"start":{},"end":{}}],"line":54},"12":{"loc":{"start":{"line":54,"column":6},"end":{"line":54,"column":41}},"type":"binary-expr","locations":[{"start":{"line":54,"column":6},"end":{"line":54,"column":16}},{"start":{"line":54,"column":20},"end":{"line":54,"column":41}}],"line":54},"13":{"loc":{"start":{"line":59,"column":2},"end":{"line":61,"column":3}},"type":"if","locations":[{"start":{"line":59,"column":2},"end":{"line":61,"column":3}},{"start":{},"end":{}}],"line":59},"14":{"loc":{"start":{"line":59,"column":6},"end":{"line":59,"column":66}},"type":"binary-expr","locations":[{"start":{"line":59,"column":6},"end":{"line":59,"column":44}},{"start":{"line":59,"column":48},"end":{"line":59,"column":66}}],"line":59},"15":{"loc":{"start":{"line":65,"column":7},"end":{"line":65,"column":24}},"type":"binary-expr","locations":[{"start":{"line":65,"column":7},"end":{"line":65,"column":17}},{"start":{"line":65,"column":21},"end":{"line":65,"column":24}}],"line":65},"16":{"loc":{"start":{"line":69,"column":13},"end":{"line":69,"column":60}},"type":"binary-expr","locations":[{"start":{"line":69,"column":13},"end":{"line":69,"column":23}},{"start":{"line":69,"column":27},"end":{"line":69,"column":60}}],"line":69}},"s":{"0":17,"1":17,"2":51,"3":51,"4":51,"5":51,"6":51,"7":51,"8":3,"9":48,"10":17,"11":4,"12":4,"13":2,"14":2,"15":2,"16":2,"17":0,"18":2,"19":2,"20":4,"21":17,"22":32,"23":32,"24":32,"25":1,"26":32,"27":9,"28":32,"29":32,"30":17,"31":2,"32":2,"33":17},"f":{"0":51,"1":4,"2":32,"3":2},"b":{"0":[40],"1":[41],"2":[48],"3":[50,1],"4":[47,4],"5":[3,48],"6":[2,2],"7":[2,1],"8":[2,0],"9":[0,2],"10":[0,2],"11":[1,31],"12":[32,32],"13":[9,23],"14":[32,31],"15":[32,8],"16":[32,8]},"_coverageSchema":"1a1c01bbd47fc00a2c39e90264f33305004495a9","hash":"8358c2915c796a5a01e31385a90071b0bc75d263"}
,"C:\\Work\\Windsurf\\code-review-platform\\server\\middlewares\\validation.middleware.js": {"path":"C:\\Work\\Windsurf\\code-review-platform\\server\\middlewares\\validation.middleware.js","statementMap":{"0":{"start":{"line":1,"column":29},"end":{"line":1,"column":57}},"1":{"start":{"line":2,"column":24},"end":{"line":2,"column":52}},"2":{"start":{"line":3,"column":21},"end":{"line":3,"column":50}},"3":{"start":{"line":11,"column":17},"end":{"line":31,"column":1}},"4":{"start":{"line":12,"column":17},"end":{"line":12,"column":38}},"5":{"start":{"line":13,"column":2},"end":{"line":15,"column":3}},"6":{"start":{"line":14,"column":4},"end":{"line":14,"column":18}},"7":{"start":{"line":18,"column":26},"end":{"line":18,"column":28}},"8":{"start":{"line":19,"column":2},"end":{"line":21,"column":4}},"9":{"start":{"line":20,"column":4},"end":{"line":20,"column":50}},"10":{"start":{"line":24,"column":2},"end":{"line":30,"column":4}},"11":{"start":{"line":37,"column":25},"end":{"line":54,"column":1}},"12":{"start":{"line":38,"column":2},"end":{"line":53,"column":4}},"13":{"start":{"line":39,"column":15},"end":{"line":39,"column":36}},"14":{"start":{"line":41,"column":4},"end":{"line":50,"column":5}},"15":{"start":{"line":43,"column":6},"end":{"line":49,"column":8}},"16":{"start":{"line":52,"column":4},"end":{"line":52,"column":11}},"17":{"start":{"line":56,"column":0},"end":{"line":59,"column":2}}},"fnMap":{"0":{"name":"(anonymous_0)","decl":{"start":{"line":11,"column":17},"end":{"line":11,"column":18}},"loc":{"start":{"line":11,"column":37},"end":{"line":31,"column":1}},"line":11},"1":{"name":"(anonymous_1)","decl":{"start":{"line":19,"column":21},"end":{"line":19,"column":22}},"loc":{"start":{"line":20,"column":4},"end":{"line":20,"column":50}},"line":20},"2":{"name":"(anonymous_2)","decl":{"start":{"line":37,"column":25},"end":{"line":37,"column":26}},"loc":{"start":{"line":37,"column":40},"end":{"line":54,"column":1}},"line":37},"3":{"name":"(anonymous_3)","decl":{"start":{"line":38,"column":9},"end":{"line":38,"column":10}},"loc":{"start":{"line":38,"column":29},"end":{"line":53,"column":3}},"line":38}},"branchMap":{"0":{"loc":{"start":{"line":13,"column":2},"end":{"line":15,"column":3}},"type":"if","locations":[{"start":{"line":13,"column":2},"end":{"line":15,"column":3}},{"start":{},"end":{}}],"line":13},"1":{"loc":{"start":{"line":41,"column":4},"end":{"line":50,"column":5}},"type":"if","locations":[{"start":{"line":41,"column":4},"end":{"line":50,"column":5}},{"start":{},"end":{}}],"line":41},"2":{"loc":{"start":{"line":41,"column":8},"end":{"line":41,"column":45}},"type":"binary-expr","locations":[{"start":{"line":41,"column":8},"end":{"line":41,"column":11}},{"start":{"line":41,"column":15},"end":{"line":41,"column":45}}],"line":41}},"s":{"0":15,"1":15,"2":15,"3":15,"4":143,"5":143,"6":140,"7":3,"8":3,"9":3,"10":3,"11":15,"12":3,"13":6,"14":6,"15":4,"16":2,"17":15},"f":{"0":143,"1":3,"2":3,"3":6},"b":{"0":[140,3],"1":[4,2],"2":[6,6]},"_coverageSchema":"1a1c01bbd47fc00a2c39e90264f33305004495a9","hash":"833893aa01f9967f5a4d40d984be57f9e1a6d273"}
,"C:\\Work\\Windsurf\\code-review-platform\\server\\models\\Analysis.js": {"path":"C:\\Work\\Windsurf\\code-review-platform\\server\\models\\Analysis.js","statementMap":{"0":{"start":{"line":1,"column":17},"end":{"line":1,"column":36}},"1":{"start":{"line":3,"column":20},"end":{"line":31,"column":2}},"2":{"start":{"line":33,"column":22},"end":{"line":51,"column":2}},"3":{"start":{"line":53,"column":23},"end":{"line":101,"column":1}},"4":{"start":{"line":74,"column":10},"end":{"line":78,"column":42}},"5":{"start":{"line":80,"column":26},"end":{"line":80,"column":75}},"6":{"start":{"line":94,"column":8},"end":{"line":94,"column":25}},"7":{"start":{"line":95,"column":8},"end":{"line":95,"column":23}},"8":{"start":{"line":96,"column":8},"end":{"line":96,"column":23}},"9":{"start":{"line":97,"column":8},"end":{"line":97,"column":19}},"10":{"start":{"line":104,"column":0},"end":{"line":104,"column":49}},"11":{"start":{"line":107,"column":0},"end":{"line":112,"column":2}},"12":{"start":{"line":108,"column":2},"end":{"line":111,"column":12}},"13":{"start":{"line":114,"column":17},"end":{"line":114,"column":59}},"14":{"start":{"line":116,"column":0},"end":{"line":116,"column":26}}},"fnMap":{"0":{"name":"(anonymous_0)","decl":{"start":{"line":73,"column":19},"end":{"line":73,"column":20}},"loc":{"start":{"line":73,"column":31},"end":{"line":79,"column":9}},"line":73},"1":{"name":"(anonymous_1)","decl":{"start":{"line":80,"column":17},"end":{"line":80,"column":18}},"loc":{"start":{"line":80,"column":26},"end":{"line":80,"column":75}},"line":80},"2":{"name":"(anonymous_2)","decl":{"start":{"line":93,"column":17},"end":{"line":93,"column":18}},"loc":{"start":{"line":93,"column":36},"end":{"line":98,"column":7}},"line":93},"3":{"name":"(anonymous_3)","decl":{"start":{"line":107,"column":36},"end":{"line":107,"column":37}},"loc":{"start":{"line":107,"column":71},"end":{"line":112,"column":1}},"line":107}},"branchMap":{"0":{"loc":{"start":{"line":74,"column":17},"end":{"line":78,"column":41}},"type":"binary-expr","locations":[{"start":{"line":74,"column":17},"end":{"line":74,"column":18}},{"start":{"line":75,"column":17},"end":{"line":75,"column":35}},{"start":{"line":76,"column":17},"end":{"line":76,"column":34}},{"start":{"line":77,"column":17},"end":{"line":77,"column":39}},{"start":{"line":78,"column":17},"end":{"line":78,"column":41}}],"line":74},"1":{"loc":{"start":{"line":107,"column":59},"end":{"line":107,"column":69}},"type":"default-arg","locations":[{"start":{"line":107,"column":67},"end":{"line":107,"column":69}}],"line":107}},"s":{"0":16,"1":16,"2":16,"3":16,"4":4,"5":1,"6":1,"7":1,"8":1,"9":1,"10":16,"11":16,"12":1,"13":16,"14":16},"f":{"0":4,"1":1,"2":1,"3":1},"b":{"0":[4,4,4,4,4],"1":[0]},"_coverageSchema":"1a1c01bbd47fc00a2c39e90264f33305004495a9","hash":"8eddef3eebbabca9756955876fd9eb496fd6ca62"}
,"C:\\Work\\Windsurf\\code-review-platform\\server\\models\\Comment.js": {"path":"C:\\Work\\Windsurf\\code-review-platform\\server\\models\\Comment.js","statementMap":{"0":{"start":{"line":1,"column":17},"end":{"line":1,"column":36}},"1":{"start":{"line":3,"column":22},"end":{"line":22,"column":2}},"2":{"start":{"line":24,"column":0},"end":{"line":24,"column":58}}},"fnMap":{},"branchMap":{},"s":{"0":13,"1":13,"2":13},"f":{},"b":{},"_coverageSchema":"1a1c01bbd47fc00a2c39e90264f33305004495a9","hash":"0e74ca6a06bb3998359733316a37ac6f505bce77"}
,"C:\\Work\\Windsurf\\code-review-platform\\server\\models\\review.model.js": {"path":"C:\\Work\\Windsurf\\code-review-platform\\server\\models\\review.model.js","statementMap":{"0":{"start":{"line":1,"column":17},"end":{"line":1,"column":36}},"1":{"start":{"line":2,"column":19},"end":{"line":2,"column":27}},"2":{"start":{"line":5,"column":20},"end":{"line":11,"column":2}},"3":{"start":{"line":14,"column":22},"end":{"line":18,"column":2}},"4":{"start":{"line":21,"column":21},"end":{"line":51,"column":1}},"5":{"start":{"line":44,"column":8},"end":{"line":44,"column":25}},"6":{"start":{"line":45,"column":8},"end":{"line":45,"column":23}},"7":{"start":{"line":46,"column":8},"end":{"line":46,"column":23}},"8":{"start":{"line":47,"column":8},"end":{"line":47,"column":19}},"9":{"start":{"line":54,"column":0},"end":{"line":54,"column":49}},"10":{"start":{"line":56,"column":15},"end":{"line":56,"column":53}},"11":{"start":{"line":57,"column":0},"end":{"line":57,"column":24}}},"fnMap":{"0":{"name":"(anonymous_0)","decl":{"start":{"line":43,"column":6},"end":{"line":43,"column":7}},"loc":{"start":{"line":43,"column":26},"end":{"line":48,"column":7}},"line":43}},"branchMap":{},"s":{"0":13,"1":13,"2":13,"3":13,"4":13,"5":17,"6":17,"7":17,"8":17,"9":13,"10":13,"11":13},"f":{"0":17},"b":{},"_coverageSchema":"1a1c01bbd47fc00a2c39e90264f33305004495a9","hash":"fca21d3d16d7be348beb6b9189ca3acb1b86edb9"}
,"C:\\Work\\Windsurf\\code-review-platform\\server\\models\\user.model.js": {"path":"C:\\Work\\Windsurf\\code-review-platform\\server\\models\\user.model.js","statementMap":{"0":{"start":{"line":1,"column":17},"end":{"line":1,"column":36}},"1":{"start":{"line":2,"column":15},"end":{"line":2,"column":34}},"2":{"start":{"line":3,"column":18},"end":{"line":3,"column":38}},"3":{"start":{"line":4,"column":23},"end":{"line":4,"column":38}},"4":{"start":{"line":5,"column":15},"end":{"line":5,"column":32}},"5":{"start":{"line":7,"column":19},"end":{"line":100,"column":1}},"6":{"start":{"line":11,"column":21},"end":{"line":11,"column":39}},"7":{"start":{"line":103,"column":0},"end":{"line":103,"column":54}},"8":{"start":{"line":104,"column":0},"end":{"line":104,"column":33}},"9":{"start":{"line":107,"column":0},"end":{"line":111,"column":3}},"10":{"start":{"line":114,"column":0},"end":{"line":118,"column":3}},"11":{"start":{"line":121,"column":0},"end":{"line":132,"column":3}},"12":{"start":{"line":123,"column":2},"end":{"line":123,"column":50}},"13":{"start":{"line":123,"column":36},"end":{"line":123,"column":50}},"14":{"start":{"line":125,"column":2},"end":{"line":131,"column":3}},"15":{"start":{"line":127,"column":4},"end":{"line":127,"column":57}},"16":{"start":{"line":128,"column":4},"end":{"line":128,"column":11}},"17":{"start":{"line":130,"column":4},"end":{"line":130,"column":16}},"18":{"start":{"line":135,"column":0},"end":{"line":137,"column":2}},"19":{"start":{"line":136,"column":2},"end":{"line":136,"column":63}},"20":{"start":{"line":140,"column":0},"end":{"line":146,"column":2}},"21":{"start":{"line":141,"column":2},"end":{"line":144,"column":3}},"22":{"start":{"line":142,"column":29},"end":{"line":142,"column":82}},"23":{"start":{"line":143,"column":4},"end":{"line":143,"column":43}},"24":{"start":{"line":145,"column":2},"end":{"line":145,"column":15}},"25":{"start":{"line":149,"column":0},"end":{"line":157,"column":2}},"26":{"start":{"line":150,"column":21},"end":{"line":150,"column":59}},"27":{"start":{"line":151,"column":2},"end":{"line":154,"column":19}},"28":{"start":{"line":155,"column":2},"end":{"line":155,"column":58}},"29":{"start":{"line":156,"column":2},"end":{"line":156,"column":20}},"30":{"start":{"line":160,"column":0},"end":{"line":170,"column":2}},"31":{"start":{"line":161,"column":15},"end":{"line":161,"column":64}},"32":{"start":{"line":162,"column":2},"end":{"line":164,"column":3}},"33":{"start":{"line":163,"column":4},"end":{"line":163,"column":39}},"34":{"start":{"line":165,"column":18},"end":{"line":165,"column":63}},"35":{"start":{"line":166,"column":2},"end":{"line":168,"column":3}},"36":{"start":{"line":167,"column":4},"end":{"line":167,"column":39}},"37":{"start":{"line":169,"column":2},"end":{"line":169,"column":14}},"38":{"start":{"line":173,"column":0},"end":{"line":184,"column":2}},"39":{"start":{"line":174,"column":15},"end":{"line":174,"column":19}},"40":{"start":{"line":175,"column":21},"end":{"line":175,"column":36}},"41":{"start":{"line":177,"column":2},"end":{"line":177,"column":29}},"42":{"start":{"line":178,"column":2},"end":{"line":178,"column":33}},"43":{"start":{"line":179,"column":2},"end":{"line":179,"column":24}},"44":{"start":{"line":180,"column":2},"end":{"line":180,"column":39}},"45":{"start":{"line":181,"column":2},"end":{"line":181,"column":41}},"46":{"start":{"line":183,"column":2},"end":{"line":183,"column":20}},"47":{"start":{"line":186,"column":13},"end":{"line":186,"column":47}},"48":{"start":{"line":188,"column":0},"end":{"line":188,"column":22}}},"fnMap":{"0":{"name":"(anonymous_0)","decl":{"start":{"line":11,"column":15},"end":{"line":11,"column":16}},"loc":{"start":{"line":11,"column":21},"end":{"line":11,"column":39}},"line":11},"1":{"name":"(anonymous_1)","decl":{"start":{"line":121,"column":23},"end":{"line":121,"column":24}},"loc":{"start":{"line":121,"column":45},"end":{"line":132,"column":1}},"line":121},"2":{"name":"(anonymous_2)","decl":{"start":{"line":135,"column":37},"end":{"line":135,"column":38}},"loc":{"start":{"line":135,"column":86},"end":{"line":137,"column":1}},"line":135},"3":{"name":"(anonymous_3)","decl":{"start":{"line":140,"column":42},"end":{"line":140,"column":43}},"loc":{"start":{"line":140,"column":66},"end":{"line":146,"column":1}},"line":140},"4":{"name":"(anonymous_4)","decl":{"start":{"line":149,"column":46},"end":{"line":149,"column":47}},"loc":{"start":{"line":149,"column":58},"end":{"line":157,"column":1}},"line":149},"5":{"name":"(anonymous_5)","decl":{"start":{"line":160,"column":39},"end":{"line":160,"column":40}},"loc":{"start":{"line":160,"column":66},"end":{"line":170,"column":1}},"line":160},"6":{"name":"(anonymous_6)","decl":{"start":{"line":173,"column":28},"end":{"line":173,"column":29}},"loc":{"start":{"line":173,"column":40},"end":{"line":184,"column":1}},"line":173}},"branchMap":{"0":{"loc":{"start":{"line":123,"column":2},"end":{"line":123,"column":50}},"type":"if","locations":[{"start":{"line":123,"column":2},"end":{"line":123,"column":50}},{"start":{},"end":{}}],"line":123},"1":{"loc":{"start":{"line":141,"column":2},"end":{"line":144,"column":3}},"type":"if","locations":[{"start":{"line":141,"column":2},"end":{"line":144,"column":3}},{"start":{},"end":{}}],"line":141},"2":{"loc":{"start":{"line":162,"column":2},"end":{"line":164,"column":3}},"type":"if","locations":[{"start":{"line":162,"column":2},"end":{"line":164,"column":3}},{"start":{},"end":{}}],"line":162},"3":{"loc":{"start":{"line":166,"column":2},"end":{"line":168,"column":3}},"type":"if","locations":[{"start":{"line":166,"column":2},"end":{"line":168,"column":3}},{"start":{},"end":{}}],"line":166}},"s":{"0":15,"1":15,"2":15,"3":15,"4":15,"5":15,"6":79,"7":15,"8":15,"9":15,"10":15,"11":15,"12":210,"13":136,"14":74,"15":74,"16":74,"17":0,"18":15,"19":1,"20":15,"21":2,"22":1,"23":1,"24":1,"25":15,"26":1,"27":1,"28":1,"29":1,"30":15,"31":3,"32":3,"33":1,"34":2,"35":2,"36":1,"37":1,"38":15,"39":157,"40":157,"41":157,"42":157,"43":157,"44":157,"45":157,"46":157,"47":15,"48":15},"f":{"0":79,"1":210,"2":1,"3":2,"4":1,"5":3,"6":157},"b":{"0":[136,74],"1":[1,1],"2":[1,2],"3":[1,1]},"_coverageSchema":"1a1c01bbd47fc00a2c39e90264f33305004495a9","hash":"db13b654042b24c32668f073f2e9425aa08179a4"}
,"C:\\Work\\Windsurf\\code-review-platform\\server\\routes\\analysis.routes.js": {"path":"C:\\Work\\Windsurf\\code-review-platform\\server\\routes\\analysis.routes.js","statementMap":{"0":{"start":{"line":1,"column":16},"end":{"line":1,"column":34}},"1":{"start":{"line":2,"column":15},"end":{"line":2,"column":31}},"2":{"start":{"line":3,"column":20},"end":{"line":3,"column":50}},"3":{"start":{"line":7,"column":4},"end":{"line":7,"column":49}},"4":{"start":{"line":10,"column":0},"end":{"line":10,"column":20}},"5":{"start":{"line":17,"column":0},"end":{"line":17,"column":30}},"6":{"start":{"line":24,"column":0},"end":{"line":24,"column":43}},"7":{"start":{"line":26,"column":0},"end":{"line":26,"column":24}}},"fnMap":{},"branchMap":{},"s":{"0":13,"1":13,"2":13,"3":13,"4":13,"5":13,"6":13,"7":13},"f":{},"b":{},"_coverageSchema":"1a1c01bbd47fc00a2c39e90264f33305004495a9","hash":"f841470b542e6739d0a0c39f490e8787e3f7b2e0"}
,"C:\\Work\\Windsurf\\code-review-platform\\server\\routes\\auth.routes.js": {"path":"C:\\Work\\Windsurf\\code-review-platform\\server\\routes\\auth.routes.js","statementMap":{"0":{"start":{"line":1,"column":16},"end":{"line":1,"column":34}},"1":{"start":{"line":2,"column":15},"end":{"line":2,"column":31}},"2":{"start":{"line":3,"column":18},"end":{"line":3,"column":46}},"3":{"start":{"line":4,"column":21},"end":{"line":4,"column":68}},"4":{"start":{"line":5,"column":23},"end":{"line":5,"column":64}},"5":{"start":{"line":10,"column":0},"end":{"line":22,"column":2}},"6":{"start":{"line":27,"column":0},"end":{"line":35,"column":2}},"7":{"start":{"line":40,"column":0},"end":{"line":40,"column":78}},"8":{"start":{"line":45,"column":0},"end":{"line":45,"column":59}},"9":{"start":{"line":50,"column":0},"end":{"line":50,"column":75}},"10":{"start":{"line":52,"column":0},"end":{"line":52,"column":24}}},"fnMap":{},"branchMap":{},"s":{"0":13,"1":13,"2":13,"3":13,"4":13,"5":13,"6":13,"7":13,"8":13,"9":13,"10":13},"f":{},"b":{},"_coverageSchema":"1a1c01bbd47fc00a2c39e90264f33305004495a9","hash":"84c5499c5a4cf54137ef899496cab952c47a9d43"}
,"C:\\Work\\Windsurf\\code-review-platform\\server\\routes\\comment.routes.js": {"path":"C:\\Work\\Windsurf\\code-review-platform\\server\\routes\\comment.routes.js","statementMap":{"0":{"start":{"line":1,"column":16},"end":{"line":1,"column":34}},"1":{"start":{"line":2,"column":15},"end":{"line":2,"column":31}},"2":{"start":{"line":3,"column":16},"end":{"line":3,"column":44}},"3":{"start":{"line":4,"column":20},"end":{"line":4,"column":50}},"4":{"start":{"line":7,"column":0},"end":{"line":23,"column":3}},"5":{"start":{"line":8,"column":2},"end":{"line":22,"column":3}},"6":{"start":{"line":9,"column":25},"end":{"line":9,"column":34}},"7":{"start":{"line":10,"column":4},"end":{"line":12,"column":5}},"8":{"start":{"line":11,"column":6},"end":{"line":11,"column":72}},"9":{"start":{"line":14,"column":21},"end":{"line":16,"column":30}},"10":{"start":{"line":18,"column":4},"end":{"line":18,"column":23}},"11":{"start":{"line":20,"column":4},"end":{"line":20,"column":53}},"12":{"start":{"line":21,"column":4},"end":{"line":21,"column":54}},"13":{"start":{"line":26,"column":0},"end":{"line":50,"column":3}},"14":{"start":{"line":27,"column":2},"end":{"line":49,"column":3}},"15":{"start":{"line":28,"column":34},"end":{"line":28,"column":42}},"16":{"start":{"line":30,"column":4},"end":{"line":32,"column":5}},"17":{"start":{"line":31,"column":6},"end":{"line":31,"column":85}},"18":{"start":{"line":34,"column":23},"end":{"line":38,"column":6}},"19":{"start":{"line":40,"column":4},"end":{"line":40,"column":28}},"20":{"start":{"line":43,"column":4},"end":{"line":43,"column":50}},"21":{"start":{"line":45,"column":4},"end":{"line":45,"column":37}},"22":{"start":{"line":47,"column":4},"end":{"line":47,"column":52}},"23":{"start":{"line":48,"column":4},"end":{"line":48,"column":54}},"24":{"start":{"line":52,"column":0},"end":{"line":52,"column":24}}},"fnMap":{"0":{"name":"(anonymous_0)","decl":{"start":{"line":7,"column":16},"end":{"line":7,"column":17}},"loc":{"start":{"line":7,"column":36},"end":{"line":23,"column":1}},"line":7},"1":{"name":"(anonymous_1)","decl":{"start":{"line":26,"column":26},"end":{"line":26,"column":27}},"loc":{"start":{"line":26,"column":46},"end":{"line":50,"column":1}},"line":26}},"branchMap":{"0":{"loc":{"start":{"line":10,"column":4},"end":{"line":12,"column":5}},"type":"if","locations":[{"start":{"line":10,"column":4},"end":{"line":12,"column":5}},{"start":{},"end":{}}],"line":10},"1":{"loc":{"start":{"line":30,"column":4},"end":{"line":32,"column":5}},"type":"if","locations":[{"start":{"line":30,"column":4},"end":{"line":32,"column":5}},{"start":{},"end":{}}],"line":30},"2":{"loc":{"start":{"line":30,"column":8},"end":{"line":30,"column":29}},"type":"binary-expr","locations":[{"start":{"line":30,"column":8},"end":{"line":30,"column":16}},{"start":{"line":30,"column":20},"end":{"line":30,"column":29}}],"line":30}},"s":{"0":13,"1":13,"2":13,"3":13,"4":13,"5":3,"6":3,"7":3,"8":1,"9":2,"10":2,"11":0,"12":0,"13":13,"14":2,"15":2,"16":2,"17":1,"18":1,"19":1,"20":1,"21":1,"22":0,"23":0,"24":13},"f":{"0":3,"1":2},"b":{"0":[1,2],"1":[1,1],"2":[2,1]},"_coverageSchema":"1a1c01bbd47fc00a2c39e90264f33305004495a9","hash":"739ec43f2760c9208c2fdcb56350ab3f62ff685f"}
,"C:\\Work\\Windsurf\\code-review-platform\\server\\routes\\index.js": {"path":"C:\\Work\\Windsurf\\code-review-platform\\server\\routes\\index.js","statementMap":{"0":{"start":{"line":1,"column":16},"end":{"line":1,"column":34}},"1":{"start":{"line":2,"column":15},"end":{"line":2,"column":31}},"2":{"start":{"line":3,"column":21},"end":{"line":3,"column":63}},"3":{"start":{"line":6,"column":19},"end":{"line":6,"column":43}},"4":{"start":{"line":7,"column":19},"end":{"line":7,"column":43}},"5":{"start":{"line":8,"column":21},"end":{"line":8,"column":47}},"6":{"start":{"line":9,"column":22},"end":{"line":9,"column":49}},"7":{"start":{"line":10,"column":23},"end":{"line":10,"column":51}},"8":{"start":{"line":13,"column":0},"end":{"line":13,"column":32}},"9":{"start":{"line":14,"column":0},"end":{"line":14,"column":33}},"10":{"start":{"line":15,"column":0},"end":{"line":15,"column":37}},"11":{"start":{"line":16,"column":0},"end":{"line":16,"column":39}},"12":{"start":{"line":17,"column":0},"end":{"line":17,"column":39}},"13":{"start":{"line":20,"column":0},"end":{"line":20,"column":31}},"14":{"start":{"line":22,"column":0},"end":{"line":22,"column":24}}},"fnMap":{},"branchMap":{},"s":{"0":13,"1":13,"2":13,"3":13,"4":13,"5":13,"6":13,"7":13,"8":13,"9":13,"10":13,"11":13,"12":13,"13":13,"14":13},"f":{},"b":{},"_coverageSchema":"1a1c01bbd47fc00a2c39e90264f33305004495a9","hash":"6a73d844ea167cddc910c0e23d5ab4f62725c45e"}
,"C:\\Work\\Windsurf\\code-review-platform\\server\\routes\\review.routes.js": {"path":"C:\\Work\\Windsurf\\code-review-platform\\server\\routes\\review.routes.js","statementMap":{"0":{"start":{"line":1,"column":16},"end":{"line":1,"column":34}},"1":{"start":{"line":2,"column":15},"end":{"line":2,"column":31}},"2":{"start":{"line":3,"column":20},"end":{"line":3,"column":50}},"3":{"start":{"line":10,"column":4},"end":{"line":10,"column":47}},"4":{"start":{"line":13,"column":0},"end":{"line":13,"column":31}},"5":{"start":{"line":14,"column":0},"end":{"line":14,"column":34}},"6":{"start":{"line":17,"column":0},"end":{"line":17,"column":20}},"7":{"start":{"line":18,"column":0},"end":{"line":18,"column":31}},"8":{"start":{"line":19,"column":0},"end":{"line":19,"column":33}},"9":{"start":{"line":20,"column":0},"end":{"line":20,"column":36}},"10":{"start":{"line":22,"column":0},"end":{"line":22,"column":24}}},"fnMap":{},"branchMap":{},"s":{"0":13,"1":13,"2":13,"3":13,"4":13,"5":13,"6":13,"7":13,"8":13,"9":13,"10":13},"f":{},"b":{},"_coverageSchema":"1a1c01bbd47fc00a2c39e90264f33305004495a9","hash":"63fa5092bb306ee99a5c08a9a7672f413200a38b"}
,"C:\\Work\\Windsurf\\code-review-platform\\server\\routes\\user.routes.js": {"path":"C:\\Work\\Windsurf\\code-review-platform\\server\\routes\\user.routes.js","statementMap":{"0":{"start":{"line":1,"column":16},"end":{"line":1,"column":34}},"1":{"start":{"line":2,"column":15},"end":{"line":2,"column":31}},"2":{"start":{"line":7,"column":0},"end":{"line":7,"column":24}}},"fnMap":{},"branchMap":{},"s":{"0":13,"1":13,"2":13},"f":{},"b":{},"_coverageSchema":"1a1c01bbd47fc00a2c39e90264f33305004495a9","hash":"f60f6d1acbe8fdb336c24de106525712fff54fd2"}
[...]
"loc":{"start":{"line":166,"column":18},"end":{"line":166,"column":35}},"type":"binary-expr","locations":[{"start":{"line":166,"column":18},"end":{"line":166,"column":30}},{"start":{"line":166,"column":34},"end":{"line":166,"column":35}}],"line":166},"19":{"loc":{"start":{"line":167,"column":20},"end":{"line":167,"column":50}},"type":"cond-expr","locations":[{"start":{"line":167,"column":45},"end":{"line":167,"column":46}},{"start":{"line":167,"column":49},"end":{"line":167,"column":50}}],"line":167},"20":{"loc":{"start":{"line":171,"column":8},"end":{"line":185,"column":9}},"type":"if","locations":[{"start":{"line":171,"column":8},"end":{"line":185,"column":9}},{"start":{},"end":{}}],"line":171},"21":{"loc":{"start":{"line":174,"column":12},"end":{"line":182,"column":13}},"type":"if","locations":[{"start":{"line":174,"column":12},"end":{"line":182,"column":13}},{"start":{},"end":{}}],"line":174},"22":{"loc":{"start":{"line":179,"column":24},"end":{"line":179,"column":47}},"type":"binary-expr","locations":[{"start":{"line":179,"column":24},"end":{"line":179,"column":42}},{"start":{"line":179,"column":46},"end":{"line":179,"column":47}}],"line":179},"23":{"loc":{"start":{"line":194,"column":51},"end":{"line":194,"column":83}},"type":"binary-expr","locations":[{"start":{"line":194,"column":51},"end":{"line":194,"column":64}},{"start":{"line":194,"column":68},"end":{"line":194,"column":83}}],"line":194},"24":{"loc":{"start":{"line":209,"column":6},"end":{"line":209,"column":35}},"type":"if","locations":[{"start":{"line":209,"column":6},"end":{"line":209,"column":35}},{"start":{},"end":{}}],"line":209},"25":{"loc":{"start":{"line":249,"column":12},"end":{"line":257,"column":13}},"type":"if","locations":[{"start":{"line":249,"column":12},"end":{"line":257,"column":13}},{"start":{},"end":{}}],"line":249},"26":{"loc":{"start":{"line":254,"column":24},"end":{"line":254,"column":47}},"type":"binary-expr","locations":[{"start":{"line":254,"column":24},"end":{"line":254,"column":42}},{"start":{"line":254,"column":46},"end":{"line":254,"column":47}}],"line":254},"27":{"loc":{"start":{"line":255,"column":26},"end":{"line":255,"column":68}},"type":"cond-expr","locations":[{"start":{"line":255,"column":63},"end":{"line":255,"column":64}},{"start":{"line":255,"column":67},"end":{"line":255,"column":68}}],"line":255},"28":{"loc":{"start":{"line":262,"column":28},"end":{"line":262,"column":96}},"type":"binary-expr","locations":[{"start":{"line":262,"column":28},"end":{"line":262,"column":57}},{"start":{"line":262,"column":61},"end":{"line":262,"column":90}},{"start":{"line":262,"column":94},"end":{"line":262,"column":96}}],"line":262},"29":{"loc":{"start":{"line":264,"column":10},"end":{"line":267,"column":11}},"type":"if","locations":[{"start":{"line":264,"column":10},"end":{"line":267,"column":11}},{"start":{},"end":{}}],"line":264},"30":{"loc":{"start":{"line":264,"column":14},"end":{"line":264,"column":172}},"type":"binary-expr","locations":[{"start":{"line":264,"column":14},"end":{"line":264,"column":42}},{"start":{"line":264,"column":46},"end":{"line":264,"column":97}},{"start":{"line":264,"column":101},"end":{"line":264,"column":172}}],"line":264},"31":{"loc":{"start":{"line":270,"column":10},"end":{"line":276,"column":11}},"type":"if","locations":[{"start":{"line":270,"column":10},"end":{"line":276,"column":11}},{"start":{},"end":{}}],"line":270},"32":{"loc":{"start":{"line":270,"column":14},"end":{"line":270,"column":60}},"type":"binary-expr","locations":[{"start":{"line":270,"column":14},"end":{"line":270,"column":25}},{"start":{"line":270,"column":29},"end":{"line":270,"column":60}}],"line":270},"33":{"loc":{"start":{"line":272,"column":12},"end":{"line":275,"column":13}},"type":"if","locations":[{"start":{"line":272,"column":12},"end":{"line":275,"column":13}},{"start":{},"end":{}}],"line":272},"34":{"loc":{"start":{"line":281,"column":12},"end":{"line":289,"column":13}},"type":"if","locations":[{"start":{"line":281,"column":12},"end":{"line":289,"column":13}},{"start":{},"end":{}}],"line":281},"35":{"loc":{"start":{"line":286,"column":24},"end":{"line":286,"column":47}},"type":"binary-expr","locations":[{"start":{"line":286,"column":24},"end":{"line":286,"column":42}},{"start":{"line":286,"column":46},"end":{"line":286,"column":47}}],"line":286},"36":{"loc":{"start":{"line":287,"column":26},"end":{"line":287,"column":68}},"type":"cond-expr","locations":[{"start":{"line":287,"column":63},"end":{"line":287,"column":64}},{"start":{"line":287,"column":67},"end":{"line":287,"column":68}}],"line":287},"37":{"loc":{"start":{"line":296,"column":8},"end":{"line":299,"column":9}},"type":"if","locations":[{"start":{"line":296,"column":8},"end":{"line":299,"column":9}},{"start":{},"end":{}}],"line":296},"38":{"loc":{"start":{"line":296,"column":12},"end":{"line":296,"column":173}},"type":"binary-expr","locations":[{"start":{"line":296,"column":12},"end":{"line":296,"column":35}},{"start":{"line":296,"column":39},"end":{"line":296,"column":94}},{"start":{"line":296,"column":98},"end":{"line":296,"column":173}}],"line":296},"39":{"loc":{"start":{"line":303,"column":49},"end":{"line":303,"column":81}},"type":"binary-expr","locations":[{"start":{"line":303,"column":49},"end":{"line":303,"column":62}},{"start":{"line":303,"column":66},"end":{"line":303,"column":81}}],"line":303},"40":{"loc":{"start":{"line":310,"column":8},"end":{"line":312,"column":9}},"type":"if","locations":[{"start":{"line":310,"column":8},"end":{"line":312,"column":9}},{"start":{},"end":{}}],"line":310},"41":{"loc":{"start":{"line":313,"column":8},"end":{"line":315,"column":9}},"type":"if","locations":[{"start":{"line":313,"column":8},"end":{"line":315,"column":9}},{"start":{},"end":{}}],"line":313},"42":{"loc":{"start":{"line":313,"column":12},"end":{"line":313,"column":53}},"type":"binary-expr","locations":[{"start":{"line":313,"column":12},"end":{"line":313,"column":23}},{"start":{"line":313,"column":27},"end":{"line":313,"column":53}}],"line":313},"43":{"loc":{"start":{"line":319,"column":8},"end":{"line":319,"column":87}},"type":"if","locations":[{"start":{"line":319,"column":8},"end":{"line":319,"column":87}},{"start":{},"end":{}}],"line":319},"44":{"loc":{"start":{"line":320,"column":8},"end":{"line":320,"column":87}},"type":"if","locations":[{"start":{"line":320,"column":8},"end":{"line":320,"column":87}},{"start":{},"end":{}}],"line":320},"45":{"loc":{"start":{"line":326,"column":47},"end":{"line":326,"column":79}},"type":"binary-expr","locations":[{"start":{"line":326,"column":47},"end":{"line":326,"column":60}},{"start":{"line":326,"column":64},"end":{"line":326,"column":79}}],"line":326},"46":{"loc":{"start":{"line":341,"column":6},"end":{"line":341,"column":35}},"type":"if","locations":[{"start":{"line":341,"column":6},"end":{"line":341,"column":35}},{"start":{},"end":{}}],"line":341},"47":{"loc":{"start":{"line":352,"column":10},"end":{"line":360,"column":11}},"type":"if","locations":[{"start":{"line":352,"column":10},"end":{"line":360,"column":11}},{"start":{},"end":{}}],"line":352},"48":{"loc":{"start":{"line":354,"column":22},"end":{"line":354,"column":40}},"type":"binary-expr","locations":[{"start":{"line":354,"column":22},"end":{"line":354,"column":30}},{"start":{"line":354,"column":34},"end":{"line":354,"column":40}}],"line":354},"49":{"loc":{"start":{"line":358,"column":24},"end":{"line":358,"column":66}},"type":"cond-expr","locations":[{"start":{"line":358,"column":61},"end":{"line":358,"column":62}},{"start":{"line":358,"column":65},"end":{"line":358,"column":66}}],"line":358},"50":{"loc":{"start":{"line":373,"column":49},"end":{"line":373,"column":81}},"type":"binary-expr","locations":[{"start":{"line":373,"column":49},"end":{"line":373,"column":62}},{"start":{"line":373,"column":66},"end":{"line":373,"column":81}}],"line":373},"51":{"loc":{"start":{"line":386,"column":22},"end":{"line":386,"column":35}},"type":"default-arg","locations":[{"start":{"line":386,"column":30},"end":{"line":386,"column":35}}],"line":386},"52":{"loc":{"start":{"line":388,"column":6},"end":{"line":388,"column":35}},"type":"if","locations":[{"start":{"line":388,"column":6},"end":{"line":388,"column":35}},{"start":{},"end":{}}],"line":388},"53":{"loc":{"start":{"line":390,"column":18},"end":{"line":390,"column":37}},"type":"cond-expr","locations":[{"start":{"line":390,"column":26},"end":{"line":390,"column":31}},{"start":{"line":390,"column":34},"end":{"line":390,"column":37}}],"line":390},"54":{"loc":{"start":{"line":400,"column":10},"end":{"line":408,"column":11}},"type":"if","locations":[{"start":{"line":400,"column":10},"end":{"line":408,"column":11}},{"start":{},"end":{}}],"line":400},"55":{"loc":{"start":{"line":402,"column":22},"end":{"line":402,"column":44}},"type":"binary-expr","locations":[{"start":{"line":402,"column":22},"end":{"line":402,"column":30}},{"start":{"line":402,"column":34},"end":{"line":402,"column":44}}],"line":402},"56":{"loc":{"start":{"line":405,"column":22},"end":{"line":405,"column":45}},"type":"binary-expr","locations":[{"start":{"line":405,"column":22},"end":{"line":405,"column":40}},{"start":{"line":405,"column":44},"end":{"line":405,"column":45}}],"line":405},"57":{"loc":{"start":{"line":406,"column":24},"end":{"line":406,"column":66}},"type":"cond-expr","locations":[{"start":{"line":406,"column":61},"end":{"line":406,"column":62}},{"start":{"line":406,"column":65},"end":{"line":406,"column":66}}],"line":406},"58":{"loc":{"start":{"line":415,"column":32},"end":{"line":415,"column":51}},"type":"cond-expr","locations":[{"start":{"line":415,"column":40},"end":{"line":415,"column":45}},{"start":{"line":415,"column":48},"end":{"line":415,"column":51}}],"line":415},"59":{"loc":{"start":{"line":418,"column":38},"end":{"line":418,"column":57}},"type":"cond-expr","locations":[{"start":{"line":418,"column":46},"end":{"line":418,"column":51}},{"start":{"line":418,"column":54},"end":{"line":418,"column":57}}],"line":418},"60":{"loc":{"start":{"line":418,"column":67},"end":{"line":418,"column":99}},"type":"binary-expr","locations":[{"start":{"line":418,"column":67},"end":{"line":418,"column":80}},{"start":{"line":418,"column":84},"end":{"line":418,"column":99}}],"line":418},"61":{"loc":{"start":{"line":437,"column":33},"end":{"line":437,"column":56}},"type":"default-arg","locations":[{"start":{"line":437,"column":44},"end":{"line":437,"column":56}}],"line":437},"62":{"loc":{"start":{"line":438,"column":2},"end":{"line":440,"column":3}},"type":"if","locations":[{"start":{"line":438,"column":2},"end":{"line":440,"column":3}},{"start":{},"end":{}}],"line":438},"63":{"loc":{"start":{"line":443,"column":4},"end":{"line":470,"column":5}},"type":"switch","locations":[{"start":{"line":444,"column":6},"end":{"line":445,"column":62}},{"start":{"line":446,"column":6},"end":{"line":446,"column":24}},{"start":{"line":447,"column":6},"end":{"line":448,"column":62}},{"start":{"line":449,"column":6},"end":{"line":449,"column":20}},{"start":{"line":450,"column":6},"end":{"line":451,"column":50}},{"start":{"line":452,"column":6},"end":{"line":452,"column":20}},{"start":{"line":453,"column":6},"end":{"line":454,"column":50}},{"start":{"line":455,"column":6},"end":{"line":456,"column":48}},{"start":{"line":457,"column":6},"end":{"line":458,"column":54}},{"start":{"line":459,"column":6},"end":{"line":459,"column":17}},{"start":{"line":460,"column":6},"end":{"line":461,"column":53}},{"start":{"line":462,"column":6},"end":{"line":469,"column":11}}],"line":443},"64":{"loc":{"start":{"line":475,"column":54},"end":{"line":475,"column":86}},"type":"binary-expr","locations":[{"start":{"line":475,"column":54},"end":{"line":475,"column":67}},{"start":{"line":475,"column":71},"end":{"line":475,"column":86}}],"line":475}},"s":{"0":16,"1":16,"2":16,"3":16,"4":16,"5":93,"6":93,"7":93,"8":0,"9":29,"10":29,"11":29,"12":36,"13":36,"14":32,"15":0,"16":10,"17":1,"18":9,"19":23,"20":17,"21":23,"22":14,"23":15,"24":15,"25":1,"26":14,"27":14,"28":14,"29":14,"30":14,"31":14,"32":14,"33":32,"34":14,"35":14,"36":0,"37":0,"38":2,"39":1,"40":1,"41":2,"42":3,"43":3,"44":0,"45":3,"46":3,"47":3,"48":3,"49":1,"50":1,"51":1,"52":2,"53":1,"54":1,"55":1,"56":1,"57":0,"58":1,"59":3,"60":1,"61":1,"62":3,"63":3,"64":0,"65":3,"66":3,"67":3,"68":3,"69":3,"70":3,"71":3,"72":3,"73":1,"74":1,"75":1,"76":1,"77":1,"78":0,"79":2,"80":2,"81":0,"82":0,"83":2,"84":2,"85":2,"86":0,"87":0,"88":2,"89":7,"90":7,"91":1,"92":6,"93":0,"94":0,"95":0,"96":0,"97":0,"98":3,"99":3,"100":3,"101":3,"102":3,"103":3,"104":3,"105":1,"106":3,"107":1,"108":0,"109":0,"110":5,"111":5,"112":1,"113":4,"114":4,"115":4,"116":4,"117":2,"118":2,"119":2,"120":2,"121":0,"122":4,"123":4,"124":4,"125":2,"126":2,"127":6,"128":6,"129":1,"130":5,"131":5,"132":5,"133":5,"134":5,"135":1,"136":1,"137":1,"138":1,"139":0,"140":5,"141":4,"142":4,"143":16,"144":16,"145":16,"146":16,"147":16,"148":28,"149":13,"150":15,"151":15,"152":3,"153":3,"154":1,"155":1,"156":1,"157":1,"158":2,"159":3,"160":0,"161":0,"162":16},"f":{"0":93,"1":93,"2":29,"3":36,"4":10,"5":23,"6":17,"7":23,"8":14,"9":15,"10":2,"11":2,"12":3,"13":1,"14":1,"15":3,"16":1,"17":7,"18":5,"19":2,"20":6,"21":1,"22":28},"b":{"0":[0,93],"1":[32,4],"2":[36,36],"3":[1,9],"4":[5,9],"5":[5,9],"6":[5,9],"7":[0],"8":[1,14],"9":[5,9],"10":[32,2],"11":[2,0],"12":[24,8],"13":[1,1],"14":[1,0],"15":[0,3],"16":[1,0],"17":[1,0,0],"18":[1,0],"19":[0,1],"20":[1,1],"21":[1,0],"22":[1,0],"23":[1,0],"24":[0,3],"25":[1,0],"26":[1,0],"27":[0,1],"28":[2,1,0],"29":[0,2],"30":[2,2,2],"31":[2,0],"32":[2,2],"33":[0,2],"34":[1,6],"35":[1,0],"36":[1,0],"37":[0,0],"38":[0,0,0],"39":[0,0],"40":[3,0],"41":[3,0],"42":[3,3],"43":[1,2],"44":[1,2],"45":[0,0],"46":[1,4],"47":[2,0],"48":[2,1],"49":[1,1],"50":[2,0],"51":[0],"52":[1,5],"53":[3,2],"54":[1,0],"55":[1,0],"56":[1,0],"57":[1,0],"58":[3,1],"59":[3,1],"60":[4,0],"61":[0],"62":[13,15],"63":[3,2,3,1,1,0,1,1,1,1,2,3],"64":[0,0]},"_coverageSchema":"1a1c01bbd47fc00a2c39e90264f33305004495a9","hash":"61080ab922769dd3ad3f8402ba00a301caaa69d1"}
,"C:\\Work\\Windsurf\\code-review-platform\\server\\utils\\codeMetrics.js": {"path":"C:\\Work\\Windsurf\\code-review-platform\\server\\utils\\codeMetrics.js","statementMap":{"0":{"start":{"line":1,"column":15},"end":{"line":1,"column":39}},"1":{"start":{"line":2,"column":17},"end":{"line":2,"column":51}},"2":{"start":{"line":4,"column":19},"end":{"line":7,"column":1}},"3":{"start":{"line":5,"column":2},"end":{"line":5,"column":22}},"4":{"start":{"line":5,"column":13},"end":{"line":5,"column":22}},"5":{"start":{"line":6,"column":2},"end":{"line":6,"column":41}},"6":{"start":{"line":10,"column":27},"end":{"line":25,"column":1}},"7":{"start":{"line":11,"column":2},"end":{"line":11,"column":22}},"8":{"start":{"line":11,"column":13},"end":{"line":11,"column":22}},"9":{"start":{"line":14,"column":31},"end":{"line":17,"column":3}},"10":{"start":{"line":19,"column":21},"end":{"line":22,"column":7}},"11":{"start":{"line":20,"column":20},"end":{"line":20,"column":56}},"12":{"start":{"line":21,"column":4},"end":{"line":21,"column":50}},"13":{"start":{"line":24,"column":2},"end":{"line":24,"column":35}},"14":{"start":{"line":32,"column":29},"end":{"line":62,"column":1}},"15":{"start":{"line":33,"column":2},"end":{"line":61,"column":3}},"16":{"start":{"line":35,"column":16},"end":{"line":35,"column":32}},"17":{"start":{"line":36,"column":28},"end":{"line":36,"column":52}},"18":{"start":{"line":41,"column":28},"end":{"line":44,"column":5}},"19":{"start":{"line":46,"column":4},"end":{"line":51,"column":6}},"20":{"start":{"line":53,"column":4},"end":{"line":53,"column":60}},"21":{"start":{"line":55,"column":4},"end":{"line":60,"column":6}},"22":{"start":{"line":64,"column":0},"end":{"line":66,"column":2}}},"fnMap":{"0":{"name":"(anonymous_0)","decl":{"start":{"line":4,"column":19},"end":{"line":4,"column":20}},"loc":{"start":{"line":4,"column":29},"end":{"line":7,"column":1}},"line":4},"1":{"name":"(anonymous_1)","decl":{"start":{"line":10,"column":27},"end":{"line":10,"column":28}},"loc":{"start":{"line":10,"column":37},"end":{"line":25,"column":1}},"line":10},"2":{"name":"(anonymous_2)","decl":{"start":{"line":19,"column":49},"end":{"line":19,"column":50}},"loc":{"start":{"line":19,"column":69},"end":{"line":22,"column":3}},"line":19},"3":{"name":"(anonymous_3)","decl":{"start":{"line":32,"column":29},"end":{"line":32,"column":30}},"loc":{"start":{"line":32,"column":39},"end":{"line":62,"column":1}},"line":32}},"branchMap":{"0":{"loc":{"start":{"line":5,"column":2},"end":{"line":5,"column":22}},"type":"if","locations":[{"start":{"line":5,"column":2},"end":{"line":5,"column":22}},{"start":{},"end":{}}],"line":5},"1":{"loc":{"start":{"line":11,"column":2},"end":{"line":11,"column":22}},"type":"if","locations":[{"start":{"line":11,"column":2},"end":{"line":11,"column":22}},{"start":{},"end":{}}],"line":11},"2":{"loc":{"start":{"line":21,"column":20},"end":{"line":21,"column":48}},"type":"cond-expr","locations":[{"start":{"line":21,"column":30},"end":{"line":21,"column":44}},{"start":{"line":21,"column":47},"end":{"line":21,"column":48}}],"line":21}},"s":{"0":15,"1":15,"2":15,"3":7,"4":2,"5":5,"6":15,"7":6,"8":2,"9":4,"10":4,"11":32,"12":32,"13":4,"14":15,"15":7,"16":7,"17":6,"18":6,"19":6,"20":1,"21":1,"22":15},"f":{"0":7,"1":6,"2":32,"3":7},"b":{"0":[2,5],"1":[2,4],"2":[7,25]},"_coverageSchema":"1a1c01bbd47fc00a2c39e90264f33305004495a9","hash":"0916fe16c1b67ebcc6e897ada8674b09ba3332f9"}
,"C:\\Work\\Windsurf\\code-review-platform\\server\\utils\\logger.js": {"path":"C:\\Work\\Windsurf\\code-review-platform\\server\\utils\\logger.js","statementMap":{"0":{"start":{"line":1,"column":16},"end":{"line":1,"column":34}},"1":{"start":{"line":2,"column":13},"end":{"line":2,"column":28}},"2":{"start":{"line":4,"column":55},"end":{"line":4,"column":69}},"3":{"start":{"line":6,"column":18},"end":{"line":10,"column":2}},"4":{"start":{"line":7,"column":21},"end":{"line":7,"column":89}},"5":{"start":{"line":8,"column":21},"end":{"line":8,"column":46}},"6":{"start":{"line":9,"column":2},"end":{"line":9,"column":71}},"7":{"start":{"line":12,"column":15},"end":{"line":34,"column":2}},"8":{"start":{"line":37,"column":0},"end":{"line":41,"column":2}},"9":{"start":{"line":39,"column":4},"end":{"line":39,"column":32}},"10":{"start":{"line":43,"column":0},"end":{"line":43,"column":24}}},"fnMap":{"0":{"name":"(anonymous_0)","decl":{"start":{"line":6,"column":25},"end":{"line":6,"column":26}},"loc":{"start":{"line":6,"column":76},"end":{"line":10,"column":1}},"line":6},"1":{"name":"(anonymous_1)","decl":{"start":{"line":38,"column":9},"end":{"line":38,"column":10}},"loc":{"start":{"line":38,"column":22},"end":{"line":40,"column":3}},"line":38}},"branchMap":{"0":{"loc":{"start":{"line":7,"column":21},"end":{"line":7,"column":89}},"type":"cond-expr","locations":[{"start":{"line":7,"column":48},"end":{"line":7,"column":84}},{"start":{"line":7,"column":87},"end":{"line":7,"column":89}}],"line":7},"1":{"loc":{"start":{"line":8,"column":21},"end":{"line":8,"column":46}},"type":"cond-expr","locations":[{"start":{"line":8,"column":29},"end":{"line":8,"column":41}},{"start":{"line":8,"column":44},"end":{"line":8,"column":46}}],"line":8},"2":{"loc":{"start":{"line":13,"column":9},"end":{"line":13,"column":40}},"type":"binary-expr","locations":[{"start":{"line":13,"column":9},"end":{"line":13,"column":30}},{"start":{"line":13,"column":34},"end":{"line":13,"column":40}}],"line":13},"3":{"loc":{"start":{"line":17,"column":4},"end":{"line":17,"column":83}},"type":"cond-expr","locations":[{"start":{"line":17,"column":44},"end":{"line":17,"column":50}},{"start":{"line":17,"column":53},"end":{"line":17,"column":83}}],"line":17}},"s":{"0":19,"1":19,"2":19,"3":19,"4":341,"5":341,"6":341,"7":19,"8":19,"9":1,"10":19},"f":{"0":341,"1":1},"b":{"0":[0,341],"1":[0,341],"2":[19,19],"3":[2,17]},"_coverageSchema":"1a1c01bbd47fc00a2c39e90264f33305004495a9","hash":"fa756a7dbac0540dc4101eb6a69f805bd1be2b09"}
}
