{"C:\\Work\\Windsurf\\code-review-platform\\server\\app.js": {"path":"C:\\Work\\Windsurf\\code-review-platform\\server\\app.js","statementMap":{"0":{"start":{"line":1,"column":0},"end":{"line":1,"column":27}},"1":{"start":{"line":2,"column":16},"end":{"line":2,"column":34}},"2":{"start":{"line":3,"column":13},"end":{"line":3,"column":28}},"3":{"start":{"line":4,"column":15},"end":{"line":4,"column":32}},"4":{"start":{"line":5,"column":15},"end":{"line":5,"column":32}},"5":{"start":{"line":6,"column":18},"end":{"line":6,"column":47}},"6":{"start":{"line":7,"column":15},"end":{"line":7,"column":40}},"7":{"start":{"line":8,"column":18},"end":{"line":8,"column":37}},"8":{"start":{"line":9,"column":25},"end":{"line":9,"column":66}},"9":{"start":{"line":11,"column":12},"end":{"line":11,"column":21}},"10":{"start":{"line":14,"column":0},"end":{"line":14,"column":18}},"11":{"start":{"line":15,"column":0},"end":{"line":20,"column":4}},"12":{"start":{"line":21,"column":16},"end":{"line":25,"column":2}},"13":{"start":{"line":26,"column":0},"end":{"line":28,"column":1}},"14":{"start":{"line":27,"column":2},"end":{"line":27,"column":19}},"15":{"start":{"line":31,"column":0},"end":{"line":31,"column":83}},"16":{"start":{"line":31,"column":53},"end":{"line":31,"column":76}},"17":{"start":{"line":34,"column":0},"end":{"line":34,"column":41}},"18":{"start":{"line":35,"column":0},"end":{"line":35,"column":63}},"19":{"start":{"line":38,"column":0},"end":{"line":38,"column":27}},"20":{"start":{"line":41,"column":0},"end":{"line":43,"column":3}},"21":{"start":{"line":42,"column":2},"end":{"line":42,"column":64}},"22":{"start":{"line":46,"column":0},"end":{"line":46,"column":22}},"23":{"start":{"line":49,"column":0},"end":{"line":51,"column":3}},"24":{"start":{"line":50,"column":2},"end":{"line":50,"column":82}},"25":{"start":{"line":53,"column":0},"end":{"line":53,"column":21}}},"fnMap":{"0":{"name":"(anonymous_0)","decl":{"start":{"line":31,"column":46},"end":{"line":31,"column":47}},"loc":{"start":{"line":31,"column":53},"end":{"line":31,"column":76}},"line":31},"1":{"name":"(anonymous_1)","decl":{"start":{"line":41,"column":19},"end":{"line":41,"column":20}},"loc":{"start":{"line":41,"column":33},"end":{"line":43,"column":1}},"line":41},"2":{"name":"(anonymous_2)","decl":{"start":{"line":49,"column":8},"end":{"line":49,"column":9}},"loc":{"start":{"line":49,"column":22},"end":{"line":51,"column":1}},"line":49}},"branchMap":{"0":{"loc":{"start":{"line":16,"column":10},"end":{"line":18,"column":10}},"type":"cond-expr","locations":[{"start":{"line":17,"column":6},"end":{"line":17,"column":28}},{"start":{"line":18,"column":6},"end":{"line":18,"column":10}}],"line":16},"1":{"loc":{"start":{"line":26,"column":0},"end":{"line":28,"column":1}},"type":"if","locations":[{"start":{"line":26,"column":0},"end":{"line":28,"column":1}},{"start":{},"end":{}}],"line":26}},"s":{"0":14,"1":14,"2":14,"3":14,"4":14,"5":14,"6":14,"7":14,"8":14,"9":14,"10":14,"11":14,"12":14,"13":14,"14":5,"15":14,"16":311,"17":14,"18":14,"19":14,"20":14,"21":103,"22":14,"23":14,"24":2,"25":14},"f":{"0":311,"1":103,"2":2},"b":{"0":[1,13],"1":[5,9]},"_coverageSchema":"1a1c01bbd47fc00a2c39e90264f33305004495a9","hash":"aa3b619f5bc97d420665d6cdcf7c7e674f5dfe7a"}
,"C:\\Work\\Windsurf\\code-review-platform\\server\\babel.config.js": {"path":"C:\\Work\\Windsurf\\code-review-platform\\server\\babel.config.js","statementMap":{"0":{"start":{"line":1,"column":0},"end":{"line":6,"column":2}}},"fnMap":{},"branchMap":{},"s":{"0":0},"f":{},"b":{}}
,"C:\\Work\\Windsurf\\code-review-platform\\server\\server.js": {"path":"C:\\Work\\Windsurf\\code-review-platform\\server\\server.js","statementMap":{"0":{"start":{"line":1,"column":0},"end":{"line":1,"column":27}},"1":{"start":{"line":2,"column":13},"end":{"line":2,"column":28}},"2":{"start":{"line":3,"column":16},"end":{"line":3,"column":34}},"3":{"start":{"line":4,"column":17},"end":{"line":4,"column":36}},"4":{"start":{"line":5,"column":13},"end":{"line":5,"column":28}},"5":{"start":{"line":6,"column":15},"end":{"line":6,"column":32}},"6":{"start":{"line":7,"column":15},"end":{"line":7,"column":32}},"7":{"start":{"line":8,"column":18},"end":{"line":8,"column":47}},"8":{"start":{"line":9,"column":27},"end":{"line":9,"column":55}},"9":{"start":{"line":10,"column":15},"end":{"line":10,"column":40}},"10":{"start":{"line":11,"column":29},"end":{"line":11,"column":48}},"11":{"start":{"line":14,"column":18},"end":{"line":14,"column":37}},"12":{"start":{"line":15,"column":25},"end":{"line":15,"column":66}},"13":{"start":{"line":16,"column":12},"end":{"line":16,"column":28}},"14":{"start":{"line":18,"column":15},"end":{"line":18,"column":37}},"15":{"start":{"line":21,"column":0},"end":{"line":21,"column":25}},"16":{"start":{"line":24,"column":0},"end":{"line":24,"column":18}},"17":{"start":{"line":25,"column":0},"end":{"line":30,"column":4}},"18":{"start":{"line":33,"column":16},"end":{"line":37,"column":2}},"19":{"start":{"line":38,"column":0},"end":{"line":38,"column":17}},"20":{"start":{"line":41,"column":0},"end":{"line":41,"column":91}},"21":{"start":{"line":41,"column":57},"end":{"line":41,"column":84}},"22":{"start":{"line":44,"column":0},"end":{"line":44,"column":41}},"23":{"start":{"line":45,"column":0},"end":{"line":45,"column":63}},"24":{"start":{"line":48,"column":0},"end":{"line":48,"column":27}},"25":{"start":{"line":51,"column":0},"end":{"line":53,"column":3}},"26":{"start":{"line":52,"column":2},"end":{"line":52,"column":64}},"27":{"start":{"line":56,"column":0},"end":{"line":56,"column":22}},"28":{"start":{"line":59,"column":0},"end":{"line":65,"column":3}},"29":{"start":{"line":60,"column":2},"end":{"line":64,"column":5}},"30":{"start":{"line":69,"column":2},"end":{"line":69,"column":44}},"31":{"start":{"line":70,"column":2},"end":{"line":70,"column":36}},"32":{"start":{"line":74,"column":17},"end":{"line":76,"column":3}},"33":{"start":{"line":78,"column":20},"end":{"line":78,"column":63}},"34":{"start":{"line":78,"column":42},"end":{"line":78,"column":62}},"35":{"start":{"line":79,"column":2},"end":{"line":79,"column":87}},"36":{"start":{"line":82,"column":0},"end":{"line":88,"column":3}},"37":{"start":{"line":86,"column":20},"end":{"line":86,"column":76}},"38":{"start":{"line":87,"column":24},"end":{"line":87,"column":50}},"39":{"start":{"line":91,"column":0},"end":{"line":108,"column":1}},"40":{"start":{"line":92,"column":15},"end":{"line":92,"column":39}},"41":{"start":{"line":93,"column":22},"end":{"line":93,"column":88}},"42":{"start":{"line":94,"column":2},"end":{"line":105,"column":7}},"43":{"start":{"line":97,"column":6},"end":{"line":97,"column":42}},"44":{"start":{"line":98,"column":6},"end":{"line":100,"column":9}},"45":{"start":{"line":99,"column":8},"end":{"line":99,"column":54}},"46":{"start":{"line":103,"column":6},"end":{"line":103,"column":53}},"47":{"start":{"line":104,"column":6},"end":{"line":104,"column":22}},"48":{"start":{"line":111,"column":0},"end":{"line":115,"column":3}},"49":{"start":{"line":112,"column":2},"end":{"line":112,"column":44}},"50":{"start":{"line":114,"column":2},"end":{"line":114,"column":38}},"51":{"start":{"line":114,"column":21},"end":{"line":114,"column":36}},"52":{"start":{"line":117,"column":0},"end":{"line":117,"column":58}}},"fnMap":{"0":{"name":"(anonymous_0)","decl":{"start":{"line":41,"column":46},"end":{"line":41,"column":47}},"loc":{"start":{"line":41,"column":57},"end":{"line":41,"column":84}},"line":41},"1":{"name":"(anonymous_1)","decl":{"start":{"line":51,"column":19},"end":{"line":51,"column":20}},"loc":{"start":{"line":51,"column":33},"end":{"line":53,"column":1}},"line":51},"2":{"name":"(anonymous_2)","decl":{"start":{"line":59,"column":8},"end":{"line":59,"column":9}},"loc":{"start":{"line":59,"column":22},"end":{"line":65,"column":1}},"line":59},"3":{"name":"onSignal","decl":{"start":{"line":68,"column":15},"end":{"line":68,"column":23}},"loc":{"start":{"line":68,"column":26},"end":{"line":71,"column":1}},"line":68},"4":{"name":"onHealthCheck","decl":{"start":{"line":73,"column":15},"end":{"line":73,"column":28}},"loc":{"start":{"line":73,"column":31},"end":{"line":80,"column":1}},"line":73},"5":{"name":"(anonymous_5)","decl":{"start":{"line":78,"column":33},"end":{"line":78,"column":34}},"loc":{"start":{"line":78,"column":42},"end":{"line":78,"column":62}},"line":78},"6":{"name":"(anonymous_6)","decl":{"start":{"line":86,"column":14},"end":{"line":86,"column":15}},"loc":{"start":{"line":86,"column":20},"end":{"line":86,"column":76}},"line":86},"7":{"name":"(anonymous_7)","decl":{"start":{"line":87,"column":10},"end":{"line":87,"column":11}},"loc":{"start":{"line":87,"column":24},"end":{"line":87,"column":50}},"line":87},"8":{"name":"(anonymous_8)","decl":{"start":{"line":96,"column":10},"end":{"line":96,"column":11}},"loc":{"start":{"line":96,"column":16},"end":{"line":101,"column":5}},"line":96},"9":{"name":"(anonymous_9)","decl":{"start":{"line":98,"column":26},"end":{"line":98,"column":27}},"loc":{"start":{"line":98,"column":32},"end":{"line":100,"column":7}},"line":98},"10":{"name":"(anonymous_10)","decl":{"start":{"line":102,"column":11},"end":{"line":102,"column":12}},"loc":{"start":{"line":102,"column":20},"end":{"line":105,"column":5}},"line":102},"11":{"name":"(anonymous_11)","decl":{"start":{"line":111,"column":33},"end":{"line":111,"column":34}},"loc":{"start":{"line":111,"column":42},"end":{"line":115,"column":1}},"line":111},"12":{"name":"(anonymous_12)","decl":{"start":{"line":114,"column":15},"end":{"line":114,"column":16}},"loc":{"start":{"line":114,"column":21},"end":{"line":114,"column":36}},"line":114}},"branchMap":{"0":{"loc":{"start":{"line":26,"column":10},"end":{"line":28,"column":29}},"type":"cond-expr","locations":[{"start":{"line":27,"column":6},"end":{"line":27,"column":28}},{"start":{"line":28,"column":6},"end":{"line":28,"column":29}}],"line":26},"1":{"loc":{"start":{"line":75,"column":4},"end":{"line":75,"column":83}},"type":"cond-expr","locations":[{"start":{"line":75,"column":43},"end":{"line":75,"column":56}},{"start":{"line":75,"column":59},"end":{"line":75,"column":83}}],"line":75},"2":{"loc":{"start":{"line":79,"column":9},"end":{"line":79,"column":86}},"type":"cond-expr","locations":[{"start":{"line":79,"column":21},"end":{"line":79,"column":38}},{"start":{"line":79,"column":41},"end":{"line":79,"column":86}}],"line":79},"3":{"loc":{"start":{"line":91,"column":0},"end":{"line":108,"column":1}},"type":"if","locations":[{"start":{"line":91,"column":0},"end":{"line":108,"column":1}},{"start":{"line":106,"column":7},"end":{"line":108,"column":1}}],"line":91},"4":{"loc":{"start":{"line":92,"column":15},"end":{"line":92,"column":39}},"type":"binary-expr","locations":[{"start":{"line":92,"column":15},"end":{"line":92,"column":31}},{"start":{"line":92,"column":35},"end":{"line":92,"column":39}}],"line":92},"5":{"loc":{"start":{"line":93,"column":22},"end":{"line":93,"column":88}},"type":"binary-expr","locations":[{"start":{"line":93,"column":22},"end":{"line":93,"column":45}},{"start":{"line":93,"column":49},"end":{"line":93,"column":88}}],"line":93}},"s":{"0":10,"1":10,"2":10,"3":10,"4":10,"5":10,"6":10,"7":10,"8":10,"9":10,"10":10,"11":10,"12":10,"13":10,"14":10,"15":10,"16":10,"17":10,"18":10,"19":10,"20":10,"21":0,"22":10,"23":10,"24":10,"25":10,"26":0,"27":10,"28":10,"29":0,"30":1,"31":1,"32":4,"33":4,"34":4,"35":4,"36":10,"37":0,"38":1,"39":10,"40":1,"41":1,"42":1,"43":0,"44":0,"45":0,"46":1,"47":1,"48":10,"49":1,"50":1,"51":1,"52":10},"f":{"0":0,"1":0,"2":0,"3":1,"4":4,"5":4,"6":0,"7":1,"8":0,"9":0,"10":1,"11":1,"12":1},"b":{"0":[0,10],"1":[2,2],"2":[2,2],"3":[1,9],"4":[1,0],"5":[1,0]},"_coverageSchema":"1a1c01bbd47fc00a2c39e90264f33305004495a9","hash":"0a98f01cdd2facb96399a9358adcb2162f9ff084"}
,"C:\\Work\\Windsurf\\code-review-platform\\server\\socket.js": {"path":"C:\\Work\\Windsurf\\code-review-platform\\server\\socket.js","statementMap":{"0":{"start":{"line":1,"column":19},"end":{"line":1,"column":39}},"1":{"start":{"line":2,"column":15},"end":{"line":2,"column":40}},"2":{"start":{"line":6,"column":25},"end":{"line":61,"column":1}},"3":{"start":{"line":7,"column":2},"end":{"line":16,"column":5}},"4":{"start":{"line":19,"column":2},"end":{"line":58,"column":5}},"5":{"start":{"line":20,"column":21},"end":{"line":20,"column":30}},"6":{"start":{"line":21,"column":4},"end":{"line":21,"column":49}},"7":{"start":{"line":24,"column":4},"end":{"line":27,"column":7}},"8":{"start":{"line":25,"column":6},"end":{"line":25,"column":40}},"9":{"start":{"line":26,"column":6},"end":{"line":26,"column":66}},"10":{"start":{"line":30,"column":4},"end":{"line":33,"column":7}},"11":{"start":{"line":31,"column":6},"end":{"line":31,"column":41}},"12":{"start":{"line":32,"column":6},"end":{"line":32,"column":64}},"13":{"start":{"line":36,"column":4},"end":{"line":43,"column":7}},"14":{"start":{"line":37,"column":36},"end":{"line":37,"column":40}},"15":{"start":{"line":38,"column":6},"end":{"line":41,"column":9}},"16":{"start":{"line":42,"column":6},"end":{"line":42,"column":76}},"17":{"start":{"line":46,"column":4},"end":{"line":52,"column":7}},"18":{"start":{"line":47,"column":45},"end":{"line":47,"column":49}},"19":{"start":{"line":48,"column":6},"end":{"line":51,"column":9}},"20":{"start":{"line":55,"column":4},"end":{"line":57,"column":7}},"21":{"start":{"line":56,"column":6},"end":{"line":56,"column":54}},"22":{"start":{"line":60,"column":2},"end":{"line":60,"column":12}},"23":{"start":{"line":64,"column":21},"end":{"line":68,"column":1}},"24":{"start":{"line":65,"column":2},"end":{"line":67,"column":3}},"25":{"start":{"line":66,"column":4},"end":{"line":66,"column":50}},"26":{"start":{"line":71,"column":18},"end":{"line":75,"column":1}},"27":{"start":{"line":72,"column":2},"end":{"line":74,"column":3}},"28":{"start":{"line":73,"column":4},"end":{"line":73,"column":25}},"29":{"start":{"line":77,"column":0},"end":{"line":82,"column":2}},"30":{"start":{"line":81,"column":15},"end":{"line":81,"column":17}}},"fnMap":{"0":{"name":"(anonymous_0)","decl":{"start":{"line":6,"column":25},"end":{"line":6,"column":26}},"loc":{"start":{"line":6,"column":37},"end":{"line":61,"column":1}},"line":6},"1":{"name":"(anonymous_1)","decl":{"start":{"line":19,"column":22},"end":{"line":19,"column":23}},"loc":{"start":{"line":19,"column":34},"end":{"line":58,"column":3}},"line":19},"2":{"name":"(anonymous_2)","decl":{"start":{"line":24,"column":28},"end":{"line":24,"column":29}},"loc":{"start":{"line":24,"column":42},"end":{"line":27,"column":5}},"line":24},"3":{"name":"(anonymous_3)","decl":{"start":{"line":30,"column":29},"end":{"line":30,"column":30}},"loc":{"start":{"line":30,"column":43},"end":{"line":33,"column":5}},"line":30},"4":{"name":"(anonymous_4)","decl":{"start":{"line":36,"column":28},"end":{"line":36,"column":29}},"loc":{"start":{"line":36,"column":38},"end":{"line":43,"column":5}},"line":36},"5":{"name":"(anonymous_5)","decl":{"start":{"line":46,"column":28},"end":{"line":46,"column":29}},"loc":{"start":{"line":46,"column":38},"end":{"line":52,"column":5}},"line":46},"6":{"name":"(anonymous_6)","decl":{"start":{"line":55,"column":28},"end":{"line":55,"column":29}},"loc":{"start":{"line":55,"column":34},"end":{"line":57,"column":5}},"line":55},"7":{"name":"(anonymous_7)","decl":{"start":{"line":64,"column":21},"end":{"line":64,"column":22}},"loc":{"start":{"line":64,"column":48},"end":{"line":68,"column":1}},"line":64},"8":{"name":"(anonymous_8)","decl":{"start":{"line":71,"column":18},"end":{"line":71,"column":19}},"loc":{"start":{"line":71,"column":35},"end":{"line":75,"column":1}},"line":71},"9":{"name":"(anonymous_9)","decl":{"start":{"line":81,"column":9},"end":{"line":81,"column":10}},"loc":{"start":{"line":81,"column":15},"end":{"line":81,"column":17}},"line":81}},"branchMap":{"0":{"loc":{"start":{"line":9,"column":14},"end":{"line":11,"column":33}},"type":"cond-expr","locations":[{"start":{"line":10,"column":10},"end":{"line":10,"column":32}},{"start":{"line":11,"column":10},"end":{"line":11,"column":33}}],"line":9},"1":{"loc":{"start":{"line":65,"column":2},"end":{"line":67,"column":3}},"type":"if","locations":[{"start":{"line":65,"column":2},"end":{"line":67,"column":3}},{"start":{},"end":{}}],"line":65},"2":{"loc":{"start":{"line":72,"column":2},"end":{"line":74,"column":3}},"type":"if","locations":[{"start":{"line":72,"column":2},"end":{"line":74,"column":3}},{"start":{},"end":{}}],"line":72}},"s":{"0":16,"1":16,"2":16,"3":17,"4":17,"5":1,"6":1,"7":1,"8":1,"9":1,"10":1,"11":1,"12":1,"13":1,"14":1,"15":1,"16":1,"17":1,"18":1,"19":1,"20":1,"21":1,"22":17,"23":16,"24":1,"25":1,"26":16,"27":73,"28":73,"29":16,"30":1},"f":{"0":17,"1":1,"2":1,"3":1,"4":1,"5":1,"6":1,"7":1,"8":73,"9":1},"b":{"0":[1,16],"1":[1,0],"2":[73,0]},"_coverageSchema":"1a1c01bbd47fc00a2c39e90264f33305004495a9","hash":"5b19453be363030960e9b6285b58f18f554c3600"}
,"C:\\Work\\Windsurf\\code-review-platform\\server\\controllers\\analysis.controller.js": {"path":"C:\\Work\\Windsurf\\code-review-platform\\server\\controllers\\analysis.controller.js","statementMap":{"0":{"start":{"line":1,"column":17},"end":{"line":1,"column":46}},"1":{"start":{"line":2,"column":24},"end":{"line":2,"column":56}},"2":{"start":{"line":3,"column":33},"end":{"line":3,"column":64}},"3":{"start":{"line":4,"column":18},"end":{"line":4,"column":59}},"4":{"start":{"line":5,"column":31},"end":{"line":5,"column":66}},"5":{"start":{"line":14,"column":0},"end":{"line":83,"column":2}},"6":{"start":{"line":15,"column":2},"end":{"line":82,"column":3}},"7":{"start":{"line":16,"column":31},"end":{"line":16,"column":39}},"8":{"start":{"line":17,"column":19},"end":{"line":17,"column":30}},"9":{"start":{"line":19,"column":4},"end":{"line":21,"column":5}},"10":{"start":{"line":20,"column":6},"end":{"line":20,"column":67}},"11":{"start":{"line":24,"column":15},"end":{"line":24,"column":25}},"12":{"start":{"line":25,"column":23},"end":{"line":25,"column":46}},"13":{"start":{"line":27,"column":19},"end":{"line":27,"column":52}},"14":{"start":{"line":29,"column":27},"end":{"line":29,"column":42}},"15":{"start":{"line":30,"column":21},"end":{"line":30,"column":44}},"16":{"start":{"line":31,"column":26},"end":{"line":31,"column":71}},"17":{"start":{"line":32,"column":28},"end":{"line":32,"column":77}},"18":{"start":{"line":33,"column":21},"end":{"line":33,"column":36}},"19":{"start":{"line":36,"column":20},"end":{"line":36,"column":30}},"20":{"start":{"line":37,"column":26},"end":{"line":37,"column":76}},"21":{"start":{"line":38,"column":21},"end":{"line":38,"column":41}},"22":{"start":{"line":39,"column":27},"end":{"line":39,"column":61}},"23":{"start":{"line":40,"column":22},"end":{"line":40,"column":52}},"24":{"start":{"line":43,"column":20},"end":{"line":43,"column":46}},"25":{"start":{"line":44,"column":4},"end":{"line":44,"column":44}},"26":{"start":{"line":45,"column":4},"end":{"line":45,"column":32}},"27":{"start":{"line":46,"column":4},"end":{"line":46,"column":42}},"28":{"start":{"line":47,"column":4},"end":{"line":47,"column":46}},"29":{"start":{"line":48,"column":4},"end":{"line":48,"column":32}},"30":{"start":{"line":51,"column":24},"end":{"line":51,"column":63}},"31":{"start":{"line":54,"column":4},"end":{"line":68,"column":5}},"32":{"start":{"line":55,"column":6},"end":{"line":67,"column":7}},"33":{"start":{"line":56,"column":25},"end":{"line":62,"column":10}},"34":{"start":{"line":63,"column":8},"end":{"line":63,"column":30}},"35":{"start":{"line":65,"column":8},"end":{"line":65,"column":69}},"36":{"start":{"line":70,"column":4},"end":{"line":75,"column":7}},"37":{"start":{"line":77,"column":4},"end":{"line":77,"column":44}},"38":{"start":{"line":78,"column":4},"end":{"line":81,"column":7}},"39":{"start":{"line":90,"column":0},"end":{"line":117,"column":2}},"40":{"start":{"line":91,"column":2},"end":{"line":116,"column":3}},"41":{"start":{"line":92,"column":21},"end":{"line":95,"column":16}},"42":{"start":{"line":98,"column":30},"end":{"line":107,"column":7}},"43":{"start":{"line":98,"column":56},"end":{"line":107,"column":5}},"44":{"start":{"line":109,"column":4},"end":{"line":109,"column":44}},"45":{"start":{"line":111,"column":4},"end":{"line":111,"column":56}},"46":{"start":{"line":112,"column":4},"end":{"line":115,"column":7}},"47":{"start":{"line":123,"column":22},"end":{"line":123,"column":24}},"48":{"start":{"line":126,"column":2},"end":{"line":128,"column":3}},"49":{"start":{"line":127,"column":4},"end":{"line":127,"column":147}},"50":{"start":{"line":131,"column":2},"end":{"line":137,"column":3}},"51":{"start":{"line":132,"column":4},"end":{"line":136,"column":5}},"52":{"start":{"line":133,"column":6},"end":{"line":133,"column":132}},"53":{"start":{"line":135,"column":6},"end":{"line":135,"column":130}},"54":{"start":{"line":140,"column":21},"end":{"line":140,"column":63}},"55":{"start":{"line":140,"column":49},"end":{"line":140,"column":61}},"56":{"start":{"line":142,"column":2},"end":{"line":144,"column":3}},"57":{"start":{"line":143,"column":4},"end":{"line":143,"column":108}},"58":{"start":{"line":146,"column":2},"end":{"line":148,"column":3}},"59":{"start":{"line":147,"column":4},"end":{"line":147,"column":105}},"60":{"start":{"line":150,"column":2},"end":{"line":152,"column":3}},"61":{"start":{"line":151,"column":4},"end":{"line":151,"column":95}},"62":{"start":{"line":154,"column":2},"end":{"line":156,"column":3}},"63":{"start":{"line":155,"column":4},"end":{"line":155,"column":89}},"64":{"start":{"line":158,"column":2},"end":{"line":160,"column":3}},"65":{"start":{"line":159,"column":4},"end":{"line":159,"column":77}},"66":{"start":{"line":163,"column":2},"end":{"line":165,"column":3}},"67":{"start":{"line":164,"column":4},"end":{"line":164,"column":92}},"68":{"start":{"line":168,"column":2},"end":{"line":170,"column":3}},"69":{"start":{"line":169,"column":4},"end":{"line":169,"column":23}},"70":{"start":{"line":173,"column":2},"end":{"line":173,"column":59}},"71":{"start":{"line":178,"column":2},"end":{"line":182,"column":3}},"72":{"start":{"line":179,"column":12},"end":{"line":179,"column":21}},"73":{"start":{"line":180,"column":12},"end":{"line":180,"column":21}},"74":{"start":{"line":181,"column":13},"end":{"line":181,"column":22}},"75":{"start":{"line":186,"column":0},"end":{"line":186,"column":50}},"76":{"start":{"line":187,"column":0},"end":{"line":187,"column":34}}},"fnMap":{"0":{"name":"(anonymous_0)","decl":{"start":{"line":14,"column":22},"end":{"line":14,"column":23}},"loc":{"start":{"line":14,"column":42},"end":{"line":83,"column":1}},"line":14},"1":{"name":"(anonymous_1)","decl":{"start":{"line":90,"column":29},"end":{"line":90,"column":30}},"loc":{"start":{"line":90,"column":49},"end":{"line":117,"column":1}},"line":90},"2":{"name":"(anonymous_2)","decl":{"start":{"line":98,"column":43},"end":{"line":98,"column":44}},"loc":{"start":{"line":98,"column":56},"end":{"line":107,"column":5}},"line":98},"3":{"name":"generateSuggestions","decl":{"start":{"line":122,"column":9},"end":{"line":122,"column":28}},"loc":{"start":{"line":122,"column":46},"end":{"line":174,"column":1}},"line":122},"4":{"name":"(anonymous_4)","decl":{"start":{"line":140,"column":40},"end":{"line":140,"column":41}},"loc":{"start":{"line":140,"column":49},"end":{"line":140,"column":61}},"line":140},"5":{"name":"getSeverity","decl":{"start":{"line":177,"column":9},"end":{"line":177,"column":20}},"loc":{"start":{"line":177,"column":37},"end":{"line":183,"column":1}},"line":177}},"branchMap":{"0":{"loc":{"start":{"line":19,"column":4},"end":{"line":21,"column":5}},"type":"if","locations":[{"start":{"line":19,"column":4},"end":{"line":21,"column":5}},{"start":{},"end":{}}],"line":19},"1":{"loc":{"start":{"line":54,"column":4},"end":{"line":68,"column":5}},"type":"if","locations":[{"start":{"line":54,"column":4},"end":{"line":68,"column":5}},{"start":{},"end":{}}],"line":54},"2":{"loc":{"start":{"line":80,"column":13},"end":{"line":80,"column":79}},"type":"cond-expr","locations":[{"start":{"line":80,"column":54},"end":{"line":80,"column":67}},{"start":{"line":80,"column":70},"end":{"line":80,"column":79}}],"line":80},"3":{"loc":{"start":{"line":102,"column":20},"end":{"line":102,"column":53}},"type":"binary-expr","locations":[{"start":{"line":102,"column":20},"end":{"line":102,"column":48}},{"start":{"line":102,"column":52},"end":{"line":102,"column":53}}],"line":102},"4":{"loc":{"start":{"line":103,"column":25},"end":{"line":103,"column":63}},"type":"binary-expr","locations":[{"start":{"line":103,"column":25},"end":{"line":103,"column":58}},{"start":{"line":103,"column":62},"end":{"line":103,"column":63}}],"line":103},"5":{"loc":{"start":{"line":104,"column":21},"end":{"line":104,"column":55}},"type":"binary-expr","locations":[{"start":{"line":104,"column":21},"end":{"line":104,"column":50}},{"start":{"line":104,"column":54},"end":{"line":104,"column":55}}],"line":104},"6":{"loc":{"start":{"line":114,"column":13},"end":{"line":114,"column":79}},"type":"cond-expr","locations":[{"start":{"line":114,"column":54},"end":{"line":114,"column":67}},{"start":{"line":114,"column":70},"end":{"line":114,"column":79}}],"line":114},"7":{"loc":{"start":{"line":126,"column":2},"end":{"line":128,"column":3}},"type":"if","locations":[{"start":{"line":126,"column":2},"end":{"line":128,"column":3}},{"start":{},"end":{}}],"line":126},"8":{"loc":{"start":{"line":131,"column":2},"end":{"line":137,"column":3}},"type":"if","locations":[{"start":{"line":131,"column":2},"end":{"line":137,"column":3}},{"start":{},"end":{}}],"line":131},"9":{"loc":{"start":{"line":132,"column":4},"end":{"line":136,"column":5}},"type":"if","locations":[{"start":{"line":132,"column":4},"end":{"line":136,"column":5}},{"start":{"line":134,"column":11},"end":{"line":136,"column":5}}],"line":132},"10":{"loc":{"start":{"line":142,"column":2},"end":{"line":144,"column":3}},"type":"if","locations":[{"start":{"line":142,"column":2},"end":{"line":144,"column":3}},{"start":{},"end":{}}],"line":142},"11":{"loc":{"start":{"line":146,"column":2},"end":{"line":148,"column":3}},"type":"if","locations":[{"start":{"line":146,"column":2},"end":{"line":148,"column":3}},{"start":{},"end":{}}],"line":146},"12":{"loc":{"start":{"line":150,"column":2},"end":{"line":152,"column":3}},"type":"if","locations":[{"start":{"line":150,"column":2},"end":{"line":152,"column":3}},{"start":{},"end":{}}],"line":150},"13":{"loc":{"start":{"line":154,"column":2},"end":{"line":156,"column":3}},"type":"if","locations":[{"start":{"line":154,"column":2},"end":{"line":156,"column":3}},{"start":{},"end":{}}],"line":154},"14":{"loc":{"start":{"line":158,"column":2},"end":{"line":160,"column":3}},"type":"if","locations":[{"start":{"line":158,"column":2},"end":{"line":160,"column":3}},{"start":{},"end":{}}],"line":158},"15":{"loc":{"start":{"line":163,"column":2},"end":{"line":165,"column":3}},"type":"if","locations":[{"start":{"line":163,"column":2},"end":{"line":165,"column":3}},{"start":{},"end":{}}],"line":163},"16":{"loc":{"start":{"line":168,"column":2},"end":{"line":170,"column":3}},"type":"if","locations":[{"start":{"line":168,"column":2},"end":{"line":170,"column":3}},{"start":{},"end":{}}],"line":168},"17":{"loc":{"start":{"line":178,"column":2},"end":{"line":182,"column":3}},"type":"switch","locations":[{"start":{"line":179,"column":4},"end":{"line":179,"column":21}},{"start":{"line":180,"column":4},"end":{"line":180,"column":21}},{"start":{"line":181,"column":4},"end":{"line":181,"column":22}}],"line":178}},"s":{"0":16,"1":16,"2":16,"3":16,"4":16,"5":16,"6":7,"7":7,"8":7,"9":7,"10":2,"11":5,"12":5,"13":5,"14":4,"15":4,"16":4,"17":4,"18":4,"19":4,"20":4,"21":4,"22":4,"23":4,"24":4,"25":4,"26":4,"27":4,"28":4,"29":4,"30":4,"31":4,"32":4,"33":4,"34":2,"35":2,"36":4,"37":1,"38":1,"39":16,"40":4,"41":4,"42":3,"43":2,"44":3,"45":1,"46":1,"47":14,"48":14,"49":1,"50":14,"51":4,"52":1,"53":3,"54":14,"55":9,"56":14,"57":4,"58":14,"59":1,"60":14,"61":1,"62":14,"63":1,"64":14,"65":1,"66":14,"67":1,"68":14,"69":13,"70":1,"71":4,"72":1,"73":1,"74":2,"75":16,"76":16},"f":{"0":7,"1":4,"2":2,"3":14,"4":9,"5":4},"b":{"0":[2,5],"1":[4,0],"2":[0,1],"3":[2,0],"4":[2,0],"5":[2,0],"6":[0,1],"7":[1,13],"8":[4,10],"9":[1,3],"10":[4,10],"11":[1,13],"12":[1,13],"13":[1,13],"14":[1,13],"15":[1,13],"16":[13,1],"17":[1,1,2]},"_coverageSchema":"1a1c01bbd47fc00a2c39e90264f33305004495a9","hash":"acbe0f403a4e8db6901d3d57849f96df0e6b4349"}
,"C:\\Work\\Windsurf\\code-review-platform\\server\\controllers\\auth.controller.js": {"path":"C:\\Work\\Windsurf\\code-review-platform\\server\\controllers\\auth.controller.js","statementMap":{"0":{"start":{"line":1,"column":12},"end":{"line":1,"column":35}},"1":{"start":{"line":2,"column":15},"end":{"line":2,"column":34}},"2":{"start":{"line":3,"column":24},"end":{"line":3,"column":52}},"3":{"start":{"line":4,"column":21},"end":{"line":4,"column":63}},"4":{"start":{"line":5,"column":13},"end":{"line":5,"column":44}},"5":{"start":{"line":6,"column":15},"end":{"line":6,"column":41}},"6":{"start":{"line":7,"column":22},"end":{"line":7,"column":42}},"7":{"start":{"line":10,"column":22},"end":{"line":16,"column":1}},"8":{"start":{"line":11,"column":2},"end":{"line":15,"column":4}},"9":{"start":{"line":19,"column":29},"end":{"line":25,"column":1}},"10":{"start":{"line":20,"column":2},"end":{"line":24,"column":4}},"11":{"start":{"line":28,"column":23},"end":{"line":37,"column":1}},"12":{"start":{"line":29,"column":24},"end":{"line":34,"column":3}},"13":{"start":{"line":36,"column":2},"end":{"line":36,"column":51}},"14":{"start":{"line":40,"column":17},"end":{"line":89,"column":1}},"15":{"start":{"line":41,"column":2},"end":{"line":88,"column":3}},"16":{"start":{"line":42,"column":42},"end":{"line":42,"column":50}},"17":{"start":{"line":45,"column":25},"end":{"line":45,"column":79}},"18":{"start":{"line":46,"column":4},"end":{"line":51,"column":5}},"19":{"start":{"line":47,"column":6},"end":{"line":50,"column":8}},"20":{"start":{"line":54,"column":17},"end":{"line":58,"column":6}},"21":{"start":{"line":60,"column":4},"end":{"line":60,"column":22}},"22":{"start":{"line":63,"column":18},"end":{"line":63,"column":41}},"23":{"start":{"line":64,"column":25},"end":{"line":64,"column":55}},"24":{"start":{"line":67,"column":4},"end":{"line":67,"column":37}},"25":{"start":{"line":68,"column":4},"end":{"line":68,"column":22}},"26":{"start":{"line":71,"column":4},"end":{"line":71,"column":38}},"27":{"start":{"line":74,"column":4},"end":{"line":74,"column":30}},"28":{"start":{"line":75,"column":4},"end":{"line":75,"column":34}},"29":{"start":{"line":78,"column":4},"end":{"line":78,"column":79}},"30":{"start":{"line":80,"column":4},"end":{"line":85,"column":7}},"31":{"start":{"line":87,"column":4},"end":{"line":87,"column":16}},"32":{"start":{"line":92,"column":14},"end":{"line":137,"column":1}},"33":{"start":{"line":93,"column":2},"end":{"line":136,"column":3}},"34":{"start":{"line":94,"column":32},"end":{"line":94,"column":40}},"35":{"start":{"line":97,"column":17},"end":{"line":97,"column":66}},"36":{"start":{"line":98,"column":4},"end":{"line":103,"column":5}},"37":{"start":{"line":99,"column":6},"end":{"line":102,"column":8}},"38":{"start":{"line":106,"column":20},"end":{"line":106,"column":65}},"39":{"start":{"line":107,"column":4},"end":{"line":112,"column":5}},"40":{"start":{"line":108,"column":6},"end":{"line":111,"column":8}},"41":{"start":{"line":115,"column":18},"end":{"line":115,"column":41}},"42":{"start":{"line":116,"column":25},"end":{"line":116,"column":55}},"43":{"start":{"line":119,"column":4},"end":{"line":119,"column":37}},"44":{"start":{"line":120,"column":4},"end":{"line":120,"column":22}},"45":{"start":{"line":123,"column":4},"end":{"line":123,"column":38}},"46":{"start":{"line":126,"column":4},"end":{"line":126,"column":30}},"47":{"start":{"line":127,"column":4},"end":{"line":127,"column":34}},"48":{"start":{"line":129,"column":4},"end":{"line":133,"column":7}},"49":{"start":{"line":135,"column":4},"end":{"line":135,"column":16}},"50":{"start":{"line":140,"column":23},"end":{"line":153,"column":1}},"51":{"start":{"line":141,"column":2},"end":{"line":152,"column":3}},"52":{"start":{"line":142,"column":17},"end":{"line":142,"column":83}},"53":{"start":{"line":143,"column":4},"end":{"line":145,"column":5}},"54":{"start":{"line":144,"column":6},"end":{"line":144,"column":66}},"55":{"start":{"line":146,"column":4},"end":{"line":149,"column":7}},"56":{"start":{"line":151,"column":4},"end":{"line":151,"column":16}},"57":{"start":{"line":156,"column":21},"end":{"line":193,"column":1}},"58":{"start":{"line":157,"column":2},"end":{"line":192,"column":3}},"59":{"start":{"line":158,"column":25},"end":{"line":158,"column":49}},"60":{"start":{"line":159,"column":22},"end":{"line":159,"column":64}},"61":{"start":{"line":159,"column":55},"end":{"line":159,"column":63}},"62":{"start":{"line":160,"column":26},"end":{"line":160,"column":76}},"63":{"start":{"line":160,"column":46},"end":{"line":160,"column":75}},"64":{"start":{"line":161,"column":4},"end":{"line":163,"column":5}},"65":{"start":{"line":162,"column":6},"end":{"line":162,"column":80}},"66":{"start":{"line":164,"column":25},"end":{"line":164,"column":52}},"67":{"start":{"line":167,"column":20},"end":{"line":167,"column":76}},"68":{"start":{"line":170,"column":17},"end":{"line":170,"column":72}},"69":{"start":{"line":172,"column":4},"end":{"line":174,"column":5}},"70":{"start":{"line":173,"column":6},"end":{"line":173,"column":69}},"71":{"start":{"line":176,"column":4},"end":{"line":178,"column":5}},"72":{"start":{"line":177,"column":6},"end":{"line":177,"column":76}},"73":{"start":{"line":181,"column":18},"end":{"line":181,"column":41}},"74":{"start":{"line":183,"column":4},"end":{"line":186,"column":7}},"75":{"start":{"line":188,"column":4},"end":{"line":190,"column":5}},"76":{"start":{"line":189,"column":6},"end":{"line":189,"column":83}},"77":{"start":{"line":191,"column":4},"end":{"line":191,"column":16}},"78":{"start":{"line":196,"column":15},"end":{"line":219,"column":1}},"79":{"start":{"line":197,"column":2},"end":{"line":218,"column":3}},"80":{"start":{"line":199,"column":4},"end":{"line":203,"column":6}},"81":{"start":{"line":206,"column":4},"end":{"line":210,"column":7}},"82":{"start":{"line":212,"column":4},"end":{"line":215,"column":7}},"83":{"start":{"line":217,"column":4},"end":{"line":217,"column":16}},"84":{"start":{"line":222,"column":21},"end":{"line":254,"column":1}},"85":{"start":{"line":223,"column":2},"end":{"line":253,"column":3}},"86":{"start":{"line":227,"column":4},"end":{"line":231,"column":5}},"87":{"start":{"line":228,"column":6},"end":{"line":228,"column":54}},"88":{"start":{"line":229,"column":11},"end":{"line":231,"column":5}},"89":{"start":{"line":230,"column":6},"end":{"line":230,"column":32}},"90":{"start":{"line":233,"column":4},"end":{"line":235,"column":5}},"91":{"start":{"line":234,"column":6},"end":{"line":234,"column":90}},"92":{"start":{"line":238,"column":20},"end":{"line":238,"column":61}},"93":{"start":{"line":241,"column":17},"end":{"line":241,"column":82}},"94":{"start":{"line":243,"column":4},"end":{"line":245,"column":5}},"95":{"start":{"line":244,"column":6},"end":{"line":244,"column":69}},"96":{"start":{"line":248,"column":4},"end":{"line":248,"column":20}},"97":{"start":{"line":249,"column":4},"end":{"line":249,"column":11}},"98":{"start":{"line":251,"column":4},"end":{"line":251,"column":59}},"99":{"start":{"line":252,"column":4},"end":{"line":252,"column":67}},"100":{"start":{"line":256,"column":0},"end":{"line":263,"column":2}}},"fnMap":{"0":{"name":"(anonymous_0)","decl":{"start":{"line":10,"column":22},"end":{"line":10,"column":23}},"loc":{"start":{"line":10,"column":34},"end":{"line":16,"column":1}},"line":10},"1":{"name":"(anonymous_1)","decl":{"start":{"line":19,"column":29},"end":{"line":19,"column":30}},"loc":{"start":{"line":19,"column":41},"end":{"line":25,"column":1}},"line":19},"2":{"name":"(anonymous_2)","decl":{"start":{"line":28,"column":23},"end":{"line":28,"column":24}},"loc":{"start":{"line":28,"column":39},"end":{"line":37,"column":1}},"line":28},"3":{"name":"(anonymous_3)","decl":{"start":{"line":40,"column":17},"end":{"line":40,"column":18}},"loc":{"start":{"line":40,"column":43},"end":{"line":89,"column":1}},"line":40},"4":{"name":"(anonymous_4)","decl":{"start":{"line":92,"column":14},"end":{"line":92,"column":15}},"loc":{"start":{"line":92,"column":40},"end":{"line":137,"column":1}},"line":92},"5":{"name":"(anonymous_5)","decl":{"start":{"line":140,"column":23},"end":{"line":140,"column":24}},"loc":{"start":{"line":140,"column":49},"end":{"line":153,"column":1}},"line":140},"6":{"name":"(anonymous_6)","decl":{"start":{"line":156,"column":21},"end":{"line":156,"column":22}},"loc":{"start":{"line":156,"column":47},"end":{"line":193,"column":1}},"line":156},"7":{"name":"(anonymous_7)","decl":{"start":{"line":159,"column":50},"end":{"line":159,"column":51}},"loc":{"start":{"line":159,"column":55},"end":{"line":159,"column":63}},"line":159},"8":{"name":"(anonymous_8)","decl":{"start":{"line":160,"column":41},"end":{"line":160,"column":42}},"loc":{"start":{"line":160,"column":46},"end":{"line":160,"column":75}},"line":160},"9":{"name":"(anonymous_9)","decl":{"start":{"line":196,"column":15},"end":{"line":196,"column":16}},"loc":{"start":{"line":196,"column":41},"end":{"line":219,"column":1}},"line":196},"10":{"name":"(anonymous_10)","decl":{"start":{"line":222,"column":21},"end":{"line":222,"column":22}},"loc":{"start":{"line":222,"column":47},"end":{"line":254,"column":1}},"line":222}},"branchMap":{"0":{"loc":{"start":{"line":14,"column":17},"end":{"line":14,"column":47}},"type":"binary-expr","locations":[{"start":{"line":14,"column":17},"end":{"line":14,"column":39}},{"start":{"line":14,"column":43},"end":{"line":14,"column":47}}],"line":14},"1":{"loc":{"start":{"line":46,"column":4},"end":{"line":51,"column":5}},"type":"if","locations":[{"start":{"line":46,"column":4},"end":{"line":51,"column":5}},{"start":{},"end":{}}],"line":46},"2":{"loc":{"start":{"line":98,"column":4},"end":{"line":103,"column":5}},"type":"if","locations":[{"start":{"line":98,"column":4},"end":{"line":103,"column":5}},{"start":{},"end":{}}],"line":98},"3":{"loc":{"start":{"line":107,"column":4},"end":{"line":112,"column":5}},"type":"if","locations":[{"start":{"line":107,"column":4},"end":{"line":112,"column":5}},{"start":{},"end":{}}],"line":107},"4":{"loc":{"start":{"line":143,"column":4},"end":{"line":145,"column":5}},"type":"if","locations":[{"start":{"line":143,"column":4},"end":{"line":145,"column":5}},{"start":{},"end":{}}],"line":143},"5":{"loc":{"start":{"line":158,"column":25},"end":{"line":158,"column":49}},"type":"binary-expr","locations":[{"start":{"line":158,"column":25},"end":{"line":158,"column":43}},{"start":{"line":158,"column":47},"end":{"line":158,"column":49}}],"line":158},"6":{"loc":{"start":{"line":161,"column":4},"end":{"line":163,"column":5}},"type":"if","locations":[{"start":{"line":161,"column":4},"end":{"line":163,"column":5}},{"start":{},"end":{}}],"line":161},"7":{"loc":{"start":{"line":172,"column":4},"end":{"line":174,"column":5}},"type":"if","locations":[{"start":{"line":172,"column":4},"end":{"line":174,"column":5}},{"start":{},"end":{}}],"line":172},"8":{"loc":{"start":{"line":176,"column":4},"end":{"line":178,"column":5}},"type":"if","locations":[{"start":{"line":176,"column":4},"end":{"line":178,"column":5}},{"start":{},"end":{}}],"line":176},"9":{"loc":{"start":{"line":176,"column":8},"end":{"line":176,"column":64}},"type":"binary-expr","locations":[{"start":{"line":176,"column":8},"end":{"line":176,"column":26}},{"start":{"line":176,"column":30},"end":{"line":176,"column":64}}],"line":176},"10":{"loc":{"start":{"line":188,"column":4},"end":{"line":190,"column":5}},"type":"if","locations":[{"start":{"line":188,"column":4},"end":{"line":190,"column":5}},{"start":{},"end":{}}],"line":188},"11":{"loc":{"start":{"line":188,"column":8},"end":{"line":188,"column":80}},"type":"binary-expr","locations":[{"start":{"line":188,"column":8},"end":{"line":188,"column":42}},{"start":{"line":188,"column":46},"end":{"line":188,"column":80}}],"line":188},"12":{"loc":{"start":{"line":227,"column":4},"end":{"line":231,"column":5}},"type":"if","locations":[{"start":{"line":227,"column":4},"end":{"line":231,"column":5}},{"start":{"line":229,"column":11},"end":{"line":231,"column":5}}],"line":227},"13":{"loc":{"start":{"line":227,"column":8},"end":{"line":227,"column":83}},"type":"binary-expr","locations":[{"start":{"line":227,"column":8},"end":{"line":227,"column":33}},{"start":{"line":227,"column":37},"end":{"line":227,"column":83}}],"line":227},"14":{"loc":{"start":{"line":229,"column":11},"end":{"line":231,"column":5}},"type":"if","locations":[{"start":{"line":229,"column":11},"end":{"line":231,"column":5}},{"start":{},"end":{}}],"line":229},"15":{"loc":{"start":{"line":233,"column":4},"end":{"line":235,"column":5}},"type":"if","locations":[{"start":{"line":233,"column":4},"end":{"line":235,"column":5}},{"start":{},"end":{}}],"line":233},"16":{"loc":{"start":{"line":243,"column":4},"end":{"line":245,"column":5}},"type":"if","locations":[{"start":{"line":243,"column":4},"end":{"line":245,"column":5}},{"start":{},"end":{}}],"line":243}},"s":{"0":15,"1":15,"2":15,"3":15,"4":15,"5":15,"6":15,"7":15,"8":143,"9":15,"10":142,"11":15,"12":142,"13":142,"14":15,"15":73,"16":73,"17":73,"18":73,"19":1,"20":72,"21":72,"22":72,"23":72,"24":72,"25":72,"26":72,"27":72,"28":72,"29":72,"30":72,"31":1,"32":15,"33":72,"34":72,"35":72,"36":72,"37":1,"38":71,"39":71,"40":1,"41":70,"42":70,"43":70,"44":70,"45":70,"46":70,"47":70,"48":70,"49":2,"50":15,"51":1,"52":1,"53":1,"54":0,"55":1,"56":0,"57":15,"58":3,"59":3,"60":3,"61":5,"62":3,"63":3,"64":3,"65":1,"66":2,"67":2,"68":1,"69":1,"70":0,"71":1,"72":0,"73":1,"74":1,"75":2,"76":1,"77":1,"78":15,"79":1,"80":1,"81":1,"82":1,"83":0,"84":15,"85":8,"86":8,"87":5,"88":3,"89":0,"90":6,"91":1,"92":5,"93":3,"94":2,"95":0,"96":2,"97":2,"98":6,"99":6,"100":15},"f":{"0":143,"1":142,"2":142,"3":73,"4":72,"5":1,"6":3,"7":5,"8":3,"9":1,"10":8},"b":{"0":[143,0],"1":[1,72],"2":[1,71],"3":[1,70],"4":[0,1],"5":[3,1],"6":[1,2],"7":[0,1],"8":[0,1],"9":[1,1],"10":[1,1],"11":[2,1],"12":[5,3],"13":[8,5],"14":[0,1],"15":[1,5],"16":[0,2]},"_coverageSchema":"1a1c01bbd47fc00a2c39e90264f33305004495a9","hash":"58a10e951e0fe3a2c4cd6de562d0bae7fbb53470"}
,"C:\\Work\\Windsurf\\code-review-platform\\server\\controllers\\feedback.controller.js": {"path":"C:\\Work\\Windsurf\\code-review-platform\\server\\controllers\\feedback.controller.js","statementMap":{"0":{"start":{"line":1,"column":15},"end":{"line":1,"column":32}},"1":{"start":{"line":2,"column":39},"end":{"line":2,"column":80}},"2":{"start":{"line":9,"column":0},"end":{"line":27,"column":2}},"3":{"start":{"line":10,"column":2},"end":{"line":26,"column":3}},"4":{"start":{"line":11,"column":68},"end":{"line":11,"column":76}},"5":{"start":{"line":12,"column":19},"end":{"line":12,"column":38}},"6":{"start":{"line":13,"column":4},"end":{"line":15,"column":5}},"7":{"start":{"line":14,"column":6},"end":{"line":14,"column":81}},"8":{"start":{"line":18,"column":29},"end":{"line":18,"column":69}},"9":{"start":{"line":20,"column":17},"end":{"line":20,"column":71}},"10":{"start":{"line":21,"column":4},"end":{"line":21,"column":111}},"11":{"start":{"line":22,"column":4},"end":{"line":22,"column":59}},"12":{"start":{"line":24,"column":4},"end":{"line":24,"column":49}},"13":{"start":{"line":25,"column":4},"end":{"line":25,"column":140}}},"fnMap":{"0":{"name":"(anonymous_0)","decl":{"start":{"line":9,"column":25},"end":{"line":9,"column":26}},"loc":{"start":{"line":9,"column":45},"end":{"line":27,"column":1}},"line":9}},"branchMap":{"0":{"loc":{"start":{"line":11,"column":12},"end":{"line":11,"column":21}},"type":"default-arg","locations":[{"start":{"line":11,"column":19},"end":{"line":11,"column":21}}],"line":11},"1":{"loc":{"start":{"line":11,"column":23},"end":{"line":11,"column":36}},"type":"default-arg","locations":[{"start":{"line":11,"column":34},"end":{"line":11,"column":36}}],"line":11},"2":{"loc":{"start":{"line":11,"column":38},"end":{"line":11,"column":48}},"type":"default-arg","locations":[{"start":{"line":11,"column":47},"end":{"line":11,"column":48}}],"line":11},"3":{"loc":{"start":{"line":11,"column":50},"end":{"line":11,"column":63}},"type":"default-arg","locations":[{"start":{"line":11,"column":61},"end":{"line":11,"column":63}}],"line":11},"4":{"loc":{"start":{"line":12,"column":19},"end":{"line":12,"column":38}},"type":"binary-expr","locations":[{"start":{"line":12,"column":19},"end":{"line":12,"column":30}},{"start":{"line":12,"column":34},"end":{"line":12,"column":38}}],"line":12},"5":{"loc":{"start":{"line":13,"column":4},"end":{"line":15,"column":5}},"type":"if","locations":[{"start":{"line":13,"column":4},"end":{"line":15,"column":5}},{"start":{},"end":{}}],"line":13},"6":{"loc":{"start":{"line":13,"column":8},"end":{"line":13,"column":26}},"type":"binary-expr","locations":[{"start":{"line":13,"column":8},"end":{"line":13,"column":13}},{"start":{"line":13,"column":17},"end":{"line":13,"column":26}}],"line":13},"7":{"loc":{"start":{"line":25,"column":72},"end":{"line":25,"column":136}},"type":"cond-expr","locations":[{"start":{"line":25,"column":113},"end":{"line":25,"column":124}},{"start":{"line":25,"column":127},"end":{"line":25,"column":136}}],"line":25}},"s":{"0":15,"1":15,"2":15,"3":4,"4":4,"5":4,"6":4,"7":2,"8":2,"9":2,"10":2,"11":2,"12":0,"13":0},"f":{"0":4},"b":{"0":[2],"1":[0],"2":[2],"3":[2],"4":[4,0],"5":[2,2],"6":[4,2],"7":[0,0]},"_coverageSchema":"1a1c01bbd47fc00a2c39e90264f33305004495a9","hash":"c0a167d0a50e4e6ef6bd06d188fcafbea394c430"}
,"C:\\Work\\Windsurf\\code-review-platform\\server\\controllers\\review.controller.js": {"path":"C:\\Work\\Windsurf\\code-review-platform\\server\\controllers\\review.controller.js","statementMap":{"0":{"start":{"line":1,"column":15},"end":{"line":1,"column":48}},"1":{"start":{"line":2,"column":21},"end":{"line":2,"column":63}},"2":{"start":{"line":3,"column":24},"end":{"line":3,"column":52}},"3":{"start":{"line":6,"column":0},"end":{"line":15,"column":2}},"4":{"start":{"line":7,"column":2},"end":{"line":14,"column":3}},"5":{"start":{"line":8,"column":20},"end":{"line":10,"column":30}},"6":{"start":{"line":11,"column":4},"end":{"line":11,"column":34}},"7":{"start":{"line":13,"column":4},"end":{"line":13,"column":14}},"8":{"start":{"line":18,"column":0},"end":{"line":28,"column":2}},"9":{"start":{"line":19,"column":2},"end":{"line":27,"column":3}},"10":{"start":{"line":20,"column":19},"end":{"line":20,"column":86}},"11":{"start":{"line":21,"column":4},"end":{"line":23,"column":5}},"12":{"start":{"line":22,"column":6},"end":{"line":22,"column":68}},"13":{"start":{"line":24,"column":4},"end":{"line":24,"column":33}},"14":{"start":{"line":26,"column":4},"end":{"line":26,"column":14}},"15":{"start":{"line":31,"column":0},"end":{"line":42,"column":2}},"16":{"start":{"line":32,"column":2},"end":{"line":41,"column":3}},"17":{"start":{"line":33,"column":19},"end":{"line":33,"column":30}},"18":{"start":{"line":34,"column":48},"end":{"line":34,"column":56}},"19":{"start":{"line":35,"column":19},"end":{"line":35,"column":82}},"20":{"start":{"line":36,"column":4},"end":{"line":36,"column":24}},"21":{"start":{"line":37,"column":22},"end":{"line":37,"column":65}},"22":{"start":{"line":38,"column":4},"end":{"line":38,"column":36}},"23":{"start":{"line":40,"column":4},"end":{"line":40,"column":14}},"24":{"start":{"line":45,"column":0},"end":{"line":62,"column":2}},"25":{"start":{"line":46,"column":2},"end":{"line":61,"column":3}},"26":{"start":{"line":47,"column":19},"end":{"line":47,"column":30}},"27":{"start":{"line":48,"column":19},"end":{"line":48,"column":55}},"28":{"start":{"line":49,"column":4},"end":{"line":51,"column":5}},"29":{"start":{"line":50,"column":6},"end":{"line":50,"column":68}},"30":{"start":{"line":52,"column":4},"end":{"line":54,"column":5}},"31":{"start":{"line":53,"column":6},"end":{"line":53,"column":88}},"32":{"start":{"line":55,"column":4},"end":{"line":55,"column":36}},"33":{"start":{"line":56,"column":4},"end":{"line":56,"column":24}},"34":{"start":{"line":57,"column":22},"end":{"line":57,"column":65}},"35":{"start":{"line":58,"column":4},"end":{"line":58,"column":36}},"36":{"start":{"line":60,"column":4},"end":{"line":60,"column":14}},"37":{"start":{"line":65,"column":0},"end":{"line":80,"column":2}},"38":{"start":{"line":66,"column":2},"end":{"line":79,"column":3}},"39":{"start":{"line":67,"column":19},"end":{"line":67,"column":30}},"40":{"start":{"line":68,"column":19},"end":{"line":68,"column":55}},"41":{"start":{"line":69,"column":4},"end":{"line":71,"column":5}},"42":{"start":{"line":70,"column":6},"end":{"line":70,"column":68}},"43":{"start":{"line":72,"column":4},"end":{"line":74,"column":5}},"44":{"start":{"line":73,"column":6},"end":{"line":73,"column":88}},"45":{"start":{"line":75,"column":4},"end":{"line":75,"column":50}},"46":{"start":{"line":76,"column":4},"end":{"line":76,"column":27}},"47":{"start":{"line":78,"column":4},"end":{"line":78,"column":14}}},"fnMap":{"0":{"name":"(anonymous_0)","decl":{"start":{"line":6,"column":24},"end":{"line":6,"column":25}},"loc":{"start":{"line":6,"column":50},"end":{"line":15,"column":1}},"line":6},"1":{"name":"(anonymous_1)","decl":{"start":{"line":18,"column":24},"end":{"line":18,"column":25}},"loc":{"start":{"line":18,"column":50},"end":{"line":28,"column":1}},"line":18},"2":{"name":"(anonymous_2)","decl":{"start":{"line":31,"column":23},"end":{"line":31,"column":24}},"loc":{"start":{"line":31,"column":49},"end":{"line":42,"column":1}},"line":31},"3":{"name":"(anonymous_3)","decl":{"start":{"line":45,"column":23},"end":{"line":45,"column":24}},"loc":{"start":{"line":45,"column":49},"end":{"line":62,"column":1}},"line":45},"4":{"name":"(anonymous_4)","decl":{"start":{"line":65,"column":23},"end":{"line":65,"column":24}},"loc":{"start":{"line":65,"column":49},"end":{"line":80,"column":1}},"line":65}},"branchMap":{"0":{"loc":{"start":{"line":21,"column":4},"end":{"line":23,"column":5}},"type":"if","locations":[{"start":{"line":21,"column":4},"end":{"line":23,"column":5}},{"start":{},"end":{}}],"line":21},"1":{"loc":{"start":{"line":49,"column":4},"end":{"line":51,"column":5}},"type":"if","locations":[{"start":{"line":49,"column":4},"end":{"line":51,"column":5}},{"start":{},"end":{}}],"line":49},"2":{"loc":{"start":{"line":52,"column":4},"end":{"line":54,"column":5}},"type":"if","locations":[{"start":{"line":52,"column":4},"end":{"line":54,"column":5}},{"start":{},"end":{}}],"line":52},"3":{"loc":{"start":{"line":69,"column":4},"end":{"line":71,"column":5}},"type":"if","locations":[{"start":{"line":69,"column":4},"end":{"line":71,"column":5}},{"start":{},"end":{}}],"line":69},"4":{"loc":{"start":{"line":72,"column":4},"end":{"line":74,"column":5}},"type":"if","locations":[{"start":{"line":72,"column":4},"end":{"line":74,"column":5}},{"start":{},"end":{}}],"line":72}},"s":{"0":14,"1":14,"2":14,"3":14,"4":2,"5":2,"6":2,"7":0,"8":14,"9":2,"10":2,"11":2,"12":1,"13":1,"14":1,"15":14,"16":19,"17":19,"18":19,"19":19,"20":19,"21":14,"22":14,"23":5,"24":14,"25":6,"26":6,"27":6,"28":6,"29":1,"30":5,"31":1,"32":4,"33":4,"34":1,"35":1,"36":5,"37":14,"38":3,"39":3,"40":3,"41":3,"42":1,"43":2,"44":1,"45":1,"46":1,"47":2},"f":{"0":2,"1":2,"2":19,"3":6,"4":3},"b":{"0":[1,1],"1":[1,5],"2":[1,4],"3":[1,2],"4":[1,1]},"_coverageSchema":"1a1c01bbd47fc00a2c39e90264f33305004495a9","hash":"653d226bbca5bc98289cddeb425773e76ac15e4f"}
,"C:\\Work\\Windsurf\\code-review-platform\\server\\middlewares\\auth.js": {"path":"C:\\Work\\Windsurf\\code-review-platform\\server\\middlewares\\auth.js","statementMap":{"0":{"start":{"line":1,"column":12},"end":{"line":1,"column":35}},"1":{"start":{"line":2,"column":21},"end":{"line":2,"column":50}},"2":{"start":{"line":3,"column":24},"end":{"line":3,"column":52}},"3":{"start":{"line":4,"column":13},"end":{"line":4,"column":44}},"4":{"start":{"line":9,"column":0},"end":{"line":30,"column":2}},"5":{"start":{"line":10,"column":2},"end":{"line":29,"column":3}},"6":{"start":{"line":11,"column":23},"end":{"line":11,"column":48}},"7":{"start":{"line":12,"column":4},"end":{"line":14,"column":5}},"8":{"start":{"line":13,"column":6},"end":{"line":13,"column":84}},"9":{"start":{"line":15,"column":18},"end":{"line":15,"column":42}},"10":{"start":{"line":16,"column":20},"end":{"line":16,"column":61}},"11":{"start":{"line":18,"column":17},"end":{"line":18,"column":48}},"12":{"start":{"line":19,"column":4},"end":{"line":21,"column":5}},"13":{"start":{"line":20,"column":6},"end":{"line":20,"column":69}},"14":{"start":{"line":22,"column":4},"end":{"line":22,"column":32}},"15":{"start":{"line":23,"column":4},"end":{"line":23,"column":11}},"16":{"start":{"line":25,"column":20},"end":{"line":27,"column":39}},"17":{"start":{"line":28,"column":4},"end":{"line":28,"column":65}}},"fnMap":{"0":{"name":"(anonymous_0)","decl":{"start":{"line":9,"column":18},"end":{"line":9,"column":19}},"loc":{"start":{"line":9,"column":44},"end":{"line":30,"column":1}},"line":9}},"branchMap":{"0":{"loc":{"start":{"line":12,"column":4},"end":{"line":14,"column":5}},"type":"if","locations":[{"start":{"line":12,"column":4},"end":{"line":14,"column":5}},{"start":{},"end":{}}],"line":12},"1":{"loc":{"start":{"line":12,"column":8},"end":{"line":12,"column":56}},"type":"binary-expr","locations":[{"start":{"line":12,"column":8},"end":{"line":12,"column":19}},{"start":{"line":12,"column":23},"end":{"line":12,"column":56}}],"line":12},"2":{"loc":{"start":{"line":19,"column":4},"end":{"line":21,"column":5}},"type":"if","locations":[{"start":{"line":19,"column":4},"end":{"line":21,"column":5}},{"start":{},"end":{}}],"line":19},"3":{"loc":{"start":{"line":25,"column":20},"end":{"line":27,"column":39}},"type":"cond-expr","locations":[{"start":{"line":26,"column":8},"end":{"line":26,"column":23}},{"start":{"line":27,"column":8},"end":{"line":27,"column":39}}],"line":25}},"s":{"0":14,"1":14,"2":14,"3":14,"4":14,"5":46,"6":46,"7":46,"8":8,"9":38,"10":38,"11":37,"12":37,"13":0,"14":37,"15":37,"16":9,"17":9},"f":{"0":46},"b":{"0":[8,38],"1":[46,38],"2":[0,37],"3":[0,9]},"_coverageSchema":"1a1c01bbd47fc00a2c39e90264f33305004495a9","hash":"545c6d8e426aea30af9bd6a38437ab570b2c5423"}
,"C:\\Work\\Windsurf\\code-review-platform\\server\\middlewares\\error.middleware.js": {"path":"C:\\Work\\Windsurf\\code-review-platform\\server\\middlewares\\error.middleware.js","statementMap":{"0":{"start":{"line":1,"column":24},"end":{"line":1,"column":52}},"1":{"start":{"line":2,"column":15},"end":{"line":2,"column":41}},"2":{"start":{"line":6,"column":4},"end":{"line":6,"column":19}},"3":{"start":{"line":7,"column":4},"end":{"line":7,"column":33}},"4":{"start":{"line":8,"column":4},"end":{"line":8,"column":39}},"5":{"start":{"line":9,"column":4},"end":{"line":9,"column":54}},"6":{"start":{"line":10,"column":4},"end":{"line":10,"column":69}},"7":{"start":{"line":11,"column":4},"end":{"line":15,"column":5}},"8":{"start":{"line":12,"column":6},"end":{"line":12,"column":25}},"9":{"start":{"line":14,"column":6},"end":{"line":14,"column":54}},"10":{"start":{"line":19,"column":23},"end":{"line":43,"column":1}},"11":{"start":{"line":20,"column":14},"end":{"line":20,"column":17}},"12":{"start":{"line":22,"column":2},"end":{"line":40,"column":3}},"13":{"start":{"line":23,"column":23},"end":{"line":23,"column":74}},"14":{"start":{"line":24,"column":20},"end":{"line":24,"column":54}},"15":{"start":{"line":25,"column":26},"end":{"line":25,"column":28}},"16":{"start":{"line":30,"column":4},"end":{"line":32,"column":5}},"17":{"start":{"line":31,"column":6},"end":{"line":31,"column":35}},"18":{"start":{"line":36,"column":26},"end":{"line":36,"column":92}},"19":{"start":{"line":39,"column":4},"end":{"line":39,"column":89}},"20":{"start":{"line":42,"column":2},"end":{"line":42,"column":14}},"21":{"start":{"line":46,"column":21},"end":{"line":70,"column":1}},"22":{"start":{"line":47,"column":34},"end":{"line":47,"column":37}},"23":{"start":{"line":48,"column":19},"end":{"line":51,"column":3}},"24":{"start":{"line":54,"column":2},"end":{"line":56,"column":3}},"25":{"start":{"line":55,"column":4},"end":{"line":55,"column":33}},"26":{"start":{"line":59,"column":2},"end":{"line":61,"column":3}},"27":{"start":{"line":60,"column":4},"end":{"line":60,"column":31}},"28":{"start":{"line":64,"column":2},"end":{"line":66,"column":4}},"29":{"start":{"line":69,"column":2},"end":{"line":69,"column":77}},"30":{"start":{"line":72,"column":17},"end":{"line":78,"column":1}},"31":{"start":{"line":73,"column":16},"end":{"line":76,"column":3}},"32":{"start":{"line":77,"column":2},"end":{"line":77,"column":14}},"33":{"start":{"line":80,"column":0},"end":{"line":85,"column":2}}},"fnMap":{"0":{"name":"(anonymous_0)","decl":{"start":{"line":5,"column":2},"end":{"line":5,"column":3}},"loc":{"start":{"line":5,"column":82},"end":{"line":16,"column":3}},"line":5},"1":{"name":"(anonymous_1)","decl":{"start":{"line":19,"column":23},"end":{"line":19,"column":24}},"loc":{"start":{"line":19,"column":48},"end":{"line":43,"column":1}},"line":19},"2":{"name":"(anonymous_2)","decl":{"start":{"line":46,"column":21},"end":{"line":46,"column":22}},"loc":{"start":{"line":46,"column":46},"end":{"line":70,"column":1}},"line":46},"3":{"name":"(anonymous_3)","decl":{"start":{"line":72,"column":17},"end":{"line":72,"column":18}},"loc":{"start":{"line":72,"column":37},"end":{"line":78,"column":1}},"line":72}},"branchMap":{"0":{"loc":{"start":{"line":5,"column":35},"end":{"line":5,"column":46}},"type":"default-arg","locations":[{"start":{"line":5,"column":44},"end":{"line":5,"column":46}}],"line":5},"1":{"loc":{"start":{"line":5,"column":48},"end":{"line":5,"column":68}},"type":"default-arg","locations":[{"start":{"line":5,"column":64},"end":{"line":5,"column":68}}],"line":5},"2":{"loc":{"start":{"line":5,"column":70},"end":{"line":5,"column":80}},"type":"default-arg","locations":[{"start":{"line":5,"column":78},"end":{"line":5,"column":80}}],"line":5},"3":{"loc":{"start":{"line":9,"column":18},"end":{"line":9,"column":53}},"type":"cond-expr","locations":[{"start":{"line":9,"column":42},"end":{"line":9,"column":48}},{"start":{"line":9,"column":51},"end":{"line":9,"column":53}}],"line":9},"4":{"loc":{"start":{"line":10,"column":18},"end":{"line":10,"column":68}},"type":"cond-expr","locations":[{"start":{"line":10,"column":52},"end":{"line":10,"column":58}},{"start":{"line":10,"column":61},"end":{"line":10,"column":68}}],"line":10},"5":{"loc":{"start":{"line":11,"column":4},"end":{"line":15,"column":5}},"type":"if","locations":[{"start":{"line":11,"column":4},"end":{"line":15,"column":5}},{"start":{"line":13,"column":11},"end":{"line":15,"column":5}}],"line":11},"6":{"loc":{"start":{"line":22,"column":2},"end":{"line":40,"column":3}},"type":"if","locations":[{"start":{"line":22,"column":2},"end":{"line":40,"column":3}},{"start":{},"end":{}}],"line":22},"7":{"loc":{"start":{"line":23,"column":23},"end":{"line":23,"column":74}},"type":"binary-expr","locations":[{"start":{"line":23,"column":23},"end":{"line":23,"column":37}},{"start":{"line":23,"column":41},"end":{"line":23,"column":74}}],"line":23},"8":{"loc":{"start":{"line":24,"column":20},"end":{"line":24,"column":54}},"type":"binary-expr","locations":[{"start":{"line":24,"column":20},"end":{"line":24,"column":31}},{"start":{"line":24,"column":35},"end":{"line":24,"column":54}}],"line":24},"9":{"loc":{"start":{"line":30,"column":4},"end":{"line":32,"column":5}},"type":"if","locations":[{"start":{"line":30,"column":4},"end":{"line":32,"column":5}},{"start":{},"end":{}}],"line":30},"10":{"loc":{"start":{"line":36,"column":26},"end":{"line":36,"column":92}},"type":"cond-expr","locations":[{"start":{"line":36,"column":67},"end":{"line":36,"column":84}},{"start":{"line":36,"column":87},"end":{"line":36,"column":92}}],"line":36},"11":{"loc":{"start":{"line":54,"column":2},"end":{"line":56,"column":3}},"type":"if","locations":[{"start":{"line":54,"column":2},"end":{"line":56,"column":3}},{"start":{},"end":{}}],"line":54},"12":{"loc":{"start":{"line":54,"column":6},"end":{"line":54,"column":41}},"type":"binary-expr","locations":[{"start":{"line":54,"column":6},"end":{"line":54,"column":16}},{"start":{"line":54,"column":20},"end":{"line":54,"column":41}}],"line":54},"13":{"loc":{"start":{"line":59,"column":2},"end":{"line":61,"column":3}},"type":"if","locations":[{"start":{"line":59,"column":2},"end":{"line":61,"column":3}},{"start":{},"end":{}}],"line":59},"14":{"loc":{"start":{"line":59,"column":6},"end":{"line":59,"column":66}},"type":"binary-expr","locations":[{"start":{"line":59,"column":6},"end":{"line":59,"column":44}},{"start":{"line":59,"column":48},"end":{"line":59,"column":66}}],"line":59},"15":{"loc":{"start":{"line":65,"column":7},"end":{"line":65,"column":24}},"type":"binary-expr","locations":[{"start":{"line":65,"column":7},"end":{"line":65,"column":17}},{"start":{"line":65,"column":21},"end":{"line":65,"column":24}}],"line":65},"16":{"loc":{"start":{"line":69,"column":13},"end":{"line":69,"column":60}},"type":"binary-expr","locations":[{"start":{"line":69,"column":13},"end":{"line":69,"column":23}},{"start":{"line":69,"column":27},"end":{"line":69,"column":60}}],"line":69}},"s":{"0":18,"1":18,"2":53,"3":53,"4":53,"5":53,"6":53,"7":53,"8":3,"9":50,"10":18,"11":4,"12":4,"13":2,"14":2,"15":2,"16":2,"17":0,"18":2,"19":2,"20":4,"21":18,"22":33,"23":33,"24":33,"25":1,"26":33,"27":9,"28":33,"29":33,"30":18,"31":2,"32":2,"33":18},"f":{"0":53,"1":4,"2":33,"3":2},"b":{"0":[42],"1":[43],"2":[50],"3":[52,1],"4":[49,4],"5":[3,50],"6":[2,2],"7":[2,1],"8":[2,0],"9":[0,2],"10":[0,2],"11":[1,32],"12":[33,33],"13":[9,24],"14":[33,32],"15":[33,8],"16":[33,8]},"_coverageSchema":"1a1c01bbd47fc00a2c39e90264f33305004495a9","hash":"8358c2915c796a5a01e31385a90071b0bc75d263"}
,"C:\\Work\\Windsurf\\code-review-platform\\server\\middlewares\\rateLimit.js": {"path":"C:\\Work\\Windsurf\\code-review-platform\\server\\middlewares\\rateLimit.js","statementMap":{"0":{"start":{"line":1,"column":18},"end":{"line":1,"column":47}},"1":{"start":{"line":3,"column":18},"end":{"line":7,"column":2}},"2":{"start":{"line":9,"column":0},"end":{"line":9,"column":31}}},"fnMap":{},"branchMap":{},"s":{"0":14,"1":14,"2":14},"f":{},"b":{},"_coverageSchema":"1a1c01bbd47fc00a2c39e90264f33305004495a9","hash":"264bf97ded261e90a726b5781c1a1595aa85fe2d"}
,"C:\\Work\\Windsurf\\code-review-platform\\server\\middlewares\\validation.middleware.js": {"path":"C:\\Work\\Windsurf\\code-review-platform\\server\\middlewares\\validation.middleware.js","statementMap":{"0":{"start":{"line":1,"column":29},"end":{"line":1,"column":57}},"1":{"start":{"line":2,"column":24},"end":{"line":2,"column":52}},"2":{"start":{"line":3,"column":21},"end":{"line":3,"column":50}},"3":{"start":{"line":11,"column":17},"end":{"line":31,"column":1}},"4":{"start":{"line":12,"column":17},"end":{"line":12,"column":38}},"5":{"start":{"line":13,"column":2},"end":{"line":15,"column":3}},"6":{"start":{"line":14,"column":4},"end":{"line":14,"column":18}},"7":{"start":{"line":18,"column":26},"end":{"line":18,"column":28}},"8":{"start":{"line":19,"column":2},"end":{"line":21,"column":4}},"9":{"start":{"line":20,"column":4},"end":{"line":20,"column":50}},"10":{"start":{"line":24,"column":2},"end":{"line":30,"column":4}},"11":{"start":{"line":37,"column":25},"end":{"line":54,"column":1}},"12":{"start":{"line":38,"column":2},"end":{"line":53,"column":4}},"13":{"start":{"line":39,"column":15},"end":{"line":39,"column":36}},"14":{"start":{"line":41,"column":4},"end":{"line":50,"column":5}},"15":{"start":{"line":43,"column":6},"end":{"line":49,"column":8}},"16":{"start":{"line":52,"column":4},"end":{"line":52,"column":11}},"17":{"start":{"line":56,"column":0},"end":{"line":59,"column":2}}},"fnMap":{"0":{"name":"(anonymous_0)","decl":{"start":{"line":11,"column":17},"end":{"line":11,"column":18}},"loc":{"start":{"line":11,"column":37},"end":{"line":31,"column":1}},"line":11},"1":{"name":"(anonymous_1)","decl":{"start":{"line":19,"column":21},"end":{"line":19,"column":22}},"loc":{"start":{"line":20,"column":4},"end":{"line":20,"column":50}},"line":20},"2":{"name":"(anonymous_2)","decl":{"start":{"line":37,"column":25},"end":{"line":37,"column":26}},"loc":{"start":{"line":37,"column":40},"end":{"line":54,"column":1}},"line":37},"3":{"name":"(anonymous_3)","decl":{"start":{"line":38,"column":9},"end":{"line":38,"column":10}},"loc":{"start":{"line":38,"column":29},"end":{"line":53,"column":3}},"line":38}},"branchMap":{"0":{"loc":{"start":{"line":13,"column":2},"end":{"line":15,"column":3}},"type":"if","locations":[{"start":{"line":13,"column":2},"end":{"line":15,"column":3}},{"start":{},"end":{}}],"line":13},"1":{"loc":{"start":{"line":41,"column":4},"end":{"line":50,"column":5}},"type":"if","locations":[{"start":{"line":41,"column":4},"end":{"line":50,"column":5}},{"start":{},"end":{}}],"line":41},"2":{"loc":{"start":{"line":41,"column":8},"end":{"line":41,"column":45}},"type":"binary-expr","locations":[{"start":{"line":41,"column":8},"end":{"line":41,"column":11}},{"start":{"line":41,"column":15},"end":{"line":41,"column":45}}],"line":41}},"s":{"0":16,"1":16,"2":16,"3":16,"4":149,"5":149,"6":146,"7":3,"8":3,"9":3,"10":3,"11":16,"12":3,"13":6,"14":6,"15":4,"16":2,"17":16},"f":{"0":149,"1":3,"2":3,"3":6},"b":{"0":[146,3],"1":[4,2],"2":[6,6]},"_coverageSchema":"1a1c01bbd47fc00a2c39e90264f33305004495a9","hash":"833893aa01f9967f5a4d40d984be57f9e1a6d273"}
,"C:\\Work\\Windsurf\\code-review-platform\\server\\models\\Analysis.js": {"path":"C:\\Work\\Windsurf\\code-review-platform\\server\\models\\Analysis.js","statementMap":{"0":{"start":{"line":1,"column":17},"end":{"line":1,"column":36}},"1":{"start":{"line":3,"column":20},"end":{"line":31,"column":2}},"2":{"start":{"line":33,"column":22},"end":{"line":51,"column":2}},"3":{"start":{"line":53,"column":23},"end":{"line":101,"column":1}},"4":{"start":{"line":74,"column":10},"end":{"line":78,"column":42}},"5":{"start":{"line":80,"column":26},"end":{"line":80,"column":75}},"6":{"start":{"line":94,"column":8},"end":{"line":94,"column":25}},"7":{"start":{"line":95,"column":8},"end":{"line":95,"column":23}},"8":{"start":{"line":96,"column":8},"end":{"line":96,"column":23}},"9":{"start":{"line":97,"column":8},"end":{"line":97,"column":19}},"10":{"start":{"line":104,"column":0},"end":{"line":104,"column":49}},"11":{"start":{"line":107,"column":0},"end":{"line":112,"column":2}},"12":{"start":{"line":108,"column":2},"end":{"line":111,"column":12}},"13":{"start":{"line":114,"column":17},"end":{"line":114,"column":59}},"14":{"start":{"line":116,"column":0},"end":{"line":116,"column":26}}},"fnMap":{"0":{"name":"(anonymous_0)","decl":{"start":{"line":73,"column":19},"end":{"line":73,"column":20}},"loc":{"start":{"line":73,"column":31},"end":{"line":79,"column":9}},"line":73},"1":{"name":"(anonymous_1)","decl":{"start":{"line":80,"column":17},"end":{"line":80,"column":18}},"loc":{"start":{"line":80,"column":26},"end":{"line":80,"column":75}},"line":80},"2":{"name":"(anonymous_2)","decl":{"start":{"line":93,"column":17},"end":{"line":93,"column":18}},"loc":{"start":{"line":93,"column":36},"end":{"line":98,"column":7}},"line":93},"3":{"name":"(anonymous_3)","decl":{"start":{"line":107,"column":36},"end":{"line":107,"column":37}},"loc":{"start":{"line":107,"column":71},"end":{"line":112,"column":1}},"line":107}},"branchMap":{"0":{"loc":{"start":{"line":74,"column":17},"end":{"line":78,"column":41}},"type":"binary-expr","locations":[{"start":{"line":74,"column":17},"end":{"line":74,"column":18}},{"start":{"line":75,"column":17},"end":{"line":75,"column":35}},{"start":{"line":76,"column":17},"end":{"line":76,"column":34}},{"start":{"line":77,"column":17},"end":{"line":77,"column":39}},{"start":{"line":78,"column":17},"end":{"line":78,"column":41}}],"line":74},"1":{"loc":{"start":{"line":107,"column":59},"end":{"line":107,"column":69}},"type":"default-arg","locations":[{"start":{"line":107,"column":67},"end":{"line":107,"column":69}}],"line":107}},"s":{"0":16,"1":16,"2":16,"3":16,"4":4,"5":1,"6":1,"7":1,"8":1,"9":1,"10":16,"11":16,"12":1,"13":16,"14":16},"f":{"0":4,"1":1,"2":1,"3":1},"b":{"0":[4,4,4,4,4],"1":[0]},"_coverageSchema":"1a1c01bbd47fc00a2c39e90264f33305004495a9","hash":"8eddef3eebbabca9756955876fd9eb496fd6ca62"}
,"C:\\Work\\Windsurf\\code-review-platform\\server\\models\\Comment.js": {"path":"C:\\Work\\Windsurf\\code-review-platform\\server\\models\\Comment.js","statementMap":{"0":{"start":{"line":1,"column":17},"end":{"line":1,"column":36}},"1":{"start":{"line":3,"column":22},"end":{"line":22,"column":2}},"2":{"start":{"line":24,"column":0},"end":{"line":24,"column":58}}},"fnMap":{},"branchMap":{},"s":{"0":14,"1":14,"2":14},"f":{},"b":{},"_coverageSchema":"1a1c01bbd47fc00a2c39e90264f33305004495a9","hash":"0e74ca6a06bb3998359733316a37ac6f505bce77"}
,"C:\\Work\\Windsurf\\code-review-platform\\server\\models\\Feedback.js": {"path":"C:\\Work\\Windsurf\\code-review-platform\\server\\models\\Feedback.js","statementMap":{"0":{"start":{"line":1,"column":33},"end":{"line":1,"column":52}},"1":{"start":{"line":3,"column":23},"end":{"line":12,"column":1}},"2":{"start":{"line":14,"column":0},"end":{"line":14,"column":51}}},"fnMap":{},"branchMap":{},"s":{"0":0,"1":0,"2":0},"f":{},"b":{}}
,"C:\\Work\\Windsurf\\code-review-platform\\server\\models\\review.model.js": {"path":"C:\\Work\\Windsurf\\code-review-platform\\server\\models\\review.model.js","statementMap":{"0":{"start":{"line":1,"column":17},"end":{"line":1,"column":36}},"1":{"start":{"line":2,"column":19},"end":{"line":2,"column":27}},"2":{"start":{"line":5,"column":20},"end":{"line":11,"column":2}},"3":{"start":{"line":14,"column":22},"end":{"line":18,"column":2}},"4":{"start":{"line":21,"column":21},"end":{"line":51,"column":1}},"5":{"start":{"line":44,"column":8},"end":{"line":44,"column":25}},"6":{"start":{"line":45,"column":8},"end":{"line":45,"column":23}},"7":{"start":{"line":46,"column":8},"end":{"line":46,"column":23}},"8":{"start":{"line":47,"column":8},"end":{"line":47,"column":19}},"9":{"start":{"line":54,"column":0},"end":{"line":54,"column":49}},"10":{"start":{"line":56,"column":15},"end":{"line":56,"column":53}},"11":{"start":{"line":57,"column":0},"end":{"line":57,"column":24}}},"fnMap":{"0":{"name":"(anonymous_0)","decl":{"start":{"line":43,"column":6},"end":{"line":43,"column":7}},"loc":{"start":{"line":43,"column":26},"end":{"line":48,"column":7}},"line":43}},"branchMap":{},"s":{"0":14,"1":14,"2":14,"3":14,"4":14,"5":17,"6":17,"7":17,"8":17,"9":14,"10":14,"11":14},"f":{"0":17},"b":{},"_coverageSchema":"1a1c01bbd47fc00a2c39e90264f33305004495a9","hash":"fca21d3d16d7be348beb6b9189ca3acb1b86edb9"}
,"C:\\Work\\Windsurf\\code-review-platform\\server\\models\\user.model.js": {"path":"C:\\Work\\Windsurf\\code-review-platform\\server\\models\\user.model.js","statementMap":{"0":{"start":{"line":1,"column":17},"end":{"line":1,"column":36}},"1":{"start":{"line":2,"column":15},"end":{"line":2,"column":34}},"2":{"start":{"line":3,"column":18},"end":{"line":3,"column":38}},"3":{"start":{"line":4,"column":23},"end":{"line":4,"column":38}},"4":{"start":{"line":5,"column":15},"end":{"line":5,"column":32}},"5":{"start":{"line":7,"column":19},"end":{"line":100,"column":1}},"6":{"start":{"line":11,"column":21},"end":{"line":11,"column":39}},"7":{"start":{"line":103,"column":0},"end":{"line":103,"column":54}},"8":{"start":{"line":104,"column":0},"end":{"line":104,"column":33}},"9":{"start":{"line":107,"column":0},"end":{"line":111,"column":3}},"10":{"start":{"line":114,"column":0},"end":{"line":118,"column":3}},"11":{"start":{"line":121,"column":0},"end":{"line":132,"column":3}},"12":{"start":{"line":123,"column":2},"end":{"line":123,"column":50}},"13":{"start":{"line":123,"column":36},"end":{"line":123,"column":50}},"14":{"start":{"line":125,"column":2},"end":{"line":131,"column":3}},"15":{"start":{"line":127,"column":4},"end":{"line":127,"column":57}},"16":{"start":{"line":128,"column":4},"end":{"line":128,"column":11}},"17":{"start":{"line":130,"column":4},"end":{"line":130,"column":16}},"18":{"start":{"line":135,"column":0},"end":{"line":137,"column":2}},"19":{"start":{"line":136,"column":2},"end":{"line":136,"column":63}},"20":{"start":{"line":140,"column":0},"end":{"line":146,"column":2}},"21":{"start":{"line":141,"column":2},"end":{"line":144,"column":3}},"22":{"start":{"line":142,"column":29},"end":{"line":142,"column":82}},"23":{"start":{"line":143,"column":4},"end":{"line":143,"column":43}},"24":{"start":{"line":145,"column":2},"end":{"line":145,"column":15}},"25":{"start":{"line":149,"column":0},"end":{"line":157,"column":2}},"26":{"start":{"line":150,"column":21},"end":{"line":150,"column":59}},"27":{"start":{"line":151,"column":2},"end":{"line":154,"column":19}},"28":{"start":{"line":155,"column":2},"end":{"line":155,"column":58}},"29":{"start":{"line":156,"column":2},"end":{"line":156,"column":20}},"30":{"start":{"line":160,"column":0},"end":{"line":170,"column":2}},"31":{"start":{"line":161,"column":15},"end":{"line":161,"column":64}},"32":{"start":{"line":162,"column":2},"end":{"line":164,"column":3}},"33":{"start":{"line":163,"column":4},"end":{"line":163,"column":39}},"34":{"start":{"line":165,"column":18},"end":{"line":165,"column":63}},"35":{"start":{"line":166,"column":2},"end":{"line":168,"column":3}},"36":{"start":{"line":167,"column":4},"end":{"line":167,"column":39}},"37":{"start":{"line":169,"column":2},"end":{"line":169,"column":14}},"38":{"start":{"line":173,"column":0},"end":{"line":184,"column":2}},"39":{"start":{"line":174,"column":15},"end":{"line":174,"column":19}},"40":{"start":{"line":175,"column":21},"end":{"line":175,"column":36}},"41":{"start":{"line":177,"column":2},"end":{"line":177,"column":29}},"42":{"start":{"line":178,"column":2},"end":{"line":178,"column":33}},"43":{"start":{"line":179,"column":2},"end":{"line":179,"column":24}},"44":{"start":{"line":180,"column":2},"end":{"line":180,"column":39}},"45":{"start":{"line":181,"column":2},"end":{"line":181,"column":41}},"46":{"start":{"line":183,"column":2},"end":{"line":183,"column":20}},"47":{"start":{"line":186,"column":13},"end":{"line":186,"column":47}},"48":{"start":{"line":188,"column":0},"end":{"line":188,"column":22}}},"fnMap":{"0":{"name":"(anonymous_0)","decl":{"start":{"line":11,"column":15},"end":{"line":11,"column":16}},"loc":{"start":{"line":11,"column":21},"end":{"line":11,"column":39}},"line":11},"1":{"name":"(anonymous_1)","decl":{"start":{"line":121,"column":23},"end":{"line":121,"column":24}},"loc":{"start":{"line":121,"column":45},"end":{"line":132,"column":1}},"line":121},"2":{"name":"(anonymous_2)","decl":{"start":{"line":135,"column":37},"end":{"line":135,"column":38}},"loc":{"start":{"line":135,"column":86},"end":{"line":137,"column":1}},"line":135},"3":{"name":"(anonymous_3)","decl":{"start":{"line":140,"column":42},"end":{"line":140,"column":43}},"loc":{"start":{"line":140,"column":66},"end":{"line":146,"column":1}},"line":140},"4":{"name":"(anonymous_4)","decl":{"start":{"line":149,"column":46},"end":{"line":149,"column":47}},"loc":{"start":{"line":149,"column":58},"end":{"line":157,"column":1}},"line":149},"5":{"name":"(anonymous_5)","decl":{"start":{"line":160,"column":39},"end":{"line":160,"column":40}},"loc":{"start":{"line":160,"column":66},"end":{"line":170,"column":1}},"line":160},"6":{"name":"(anonymous_6)","decl":{"start":{"line":173,"column":28},"end":{"line":173,"column":29}},"loc":{"start":{"line":173,"column":40},"end":{"line":184,"column":1}},"line":173}},"branchMap":{"0":{"loc":{"start":{"line":123,"column":2},"end":{"line":123,"column":50}},"type":"if","locations":[{"start":{"line":123,"column":2},"end":{"line":123,"column":50}},{"start":{},"end":{}}],"line":123},"1":{"loc":{"start":{"line":141,"column":2},"end":{"line":144,"column":3}},"type":"if","locations":[{"start":{"line":141,"column":2},"end":{"line":144,"column":3}},{"start":{},"end":{}}],"line":141},"2":{"loc":{"start":{"line":162,"column":2},"end":{"line":164,"column":3}},"type":"if","locations":[{"start":{"line":162,"column":2},"end":{"line":164,"column":3}},{"start":{},"end":{}}],"line":162},"3":{"loc":{"start":{"line":166,"column":2},"end":{"line":168,"column":3}},"type":"if","locations":[{"start":{"line":166,"column":2},"end":{"line":168,"column":3}},{"start":{},"end":{}}],"line":166}},"s":{"0":16,"1":16,"2":16,"3":16,"4":16,"5":16,"6":82,"7":16,"8":16,"9":16,"10":16,"11":16,"12":219,"13":142,"14":77,"15":77,"16":77,"17":0,"18":16,"19":1,"20":16,"21":2,"22":1,"23":1,"24":1,"25":16,"26":1,"27":1,"28":1,"29":1,"30":16,"31":3,"32":3,"33":1,"34":2,"35":2,"36":1,"37":1,"38":16,"39":163,"40":163,"41":163,"42":163,"43":163,"44":163,"45":163,"46":163,"47":16,"48":16},"f":{"0":82,"1":219,"2":1,"3":2,"4":1,"5":3,"6":163},"b":{"0":[142,77],"1":[1,1],"2":[1,2],"3":[1,1]},"_coverageSchema":"1a1c01bbd47fc00a2c39e90264f33305004495a9","hash":"db13b654042b24c32668f073f2e9425aa08179a4"}
,"C:\\Work\\Windsurf\\code-review-platform\\server\\routes\\analysis.routes.js": {"path":"C:\\Work\\Windsurf\\code-review-platform\\server\\routes\\analysis.routes.js","statementMap":{"0":{"start":{"line":1,"column":16},"end":{"line":1,"column":34}},"1":{"start":{"line":2,"column":15},"end":{"line":2,"column":31}},"2":{"start":{"line":3,"column":20},"end":{"line":3,"column":50}},"3":{"start":{"line":4,"column":22},"end":{"line":4,"column":57}},"4":{"start":{"line":5,"column":27},"end":{"line":5,"column":72}},"5":{"start":{"line":8,"column":0},"end":{"line":8,"column":20}},"6":{"start":{"line":11,"column":0},"end":{"line":11,"column":60}},"7":{"start":{"line":14,"column":0},"end":{"line":14,"column":62}},"8":{"start":{"line":16,"column":0},"end":{"line":16,"column":24}}},"fnMap":{},"branchMap":{},"s":{"0":14,"1":14,"2":14,"3":14,"4":14,"5":14,"6":14,"7":14,"8":14},"f":{},"b":{},"_coverageSchema":"1a1c01bbd47fc00a2c39e90264f33305004495a9","hash":"3ad0466cb935029c9e4960782151326c9b8d31f4"}
,"C:\\Work\\Windsurf\\code-review-platform\\server\\routes\\auth.routes.js": {"path":"C:\\Work\\Windsurf\\code-review-platform\\server\\routes\\auth.routes.js","statementMap":{"0":{"start":{"line":1,"column":16},"end":{"line":1,"column":34}},"1":{"start":{"line":2,"column":15},"end":{"line":2,"column":31}},"2":{"start":{"line":3,"column":18},"end":{"line":3,"column":46}},"3":{"start":{"line":4,"column":21},"end":{"line":4,"column":68}},"4":{"start":{"line":5,"column":23},"end":{"line":5,"column":64}},"5":{"start":{"line":10,"column":0},"end":{"line":22,"column":2}},"6":{"start":{"line":27,"column":0},"end":{"line":35,"column":2}},"7":{"start":{"line":40,"column":0},"end":{"line":40,"column":78}},"8":{"start":{"line":45,"column":0},"end":{"line":45,"column":59}},"9":{"start":{"line":50,"column":0},"end":{"line":50,"column":75}},"10":{"start":{"line":52,"column":0},"end":{"line":52,"column":24}}},"fnMap":{},"branchMap":{},"s":{"0":14,"1":14,"2":14,"3":14,"4":14,"5":14,"6":14,"7":14,"8":14,"9":14,"10":14},"f":{},"b":{},"_coverageSchema":"1a1c01bbd47fc00a2c39e90264f33305004495a9","hash":"84c5499c5a4cf54137ef899496cab952c47a9d43"}
[...]
mn":53}}],"line":329},"49":{"loc":{"start":{"line":335,"column":8},"end":{"line":335,"column":87}},"type":"if","locations":[{"start":{"line":335,"column":8},"end":{"line":335,"column":87}},{"start":{},"end":{}}],"line":335},"50":{"loc":{"start":{"line":336,"column":8},"end":{"line":336,"column":87}},"type":"if","locations":[{"start":{"line":336,"column":8},"end":{"line":336,"column":87}},{"start":{},"end":{}}],"line":336},"51":{"loc":{"start":{"line":342,"column":47},"end":{"line":342,"column":79}},"type":"binary-expr","locations":[{"start":{"line":342,"column":47},"end":{"line":342,"column":60}},{"start":{"line":342,"column":64},"end":{"line":342,"column":79}}],"line":342},"52":{"loc":{"start":{"line":357,"column":6},"end":{"line":357,"column":35}},"type":"if","locations":[{"start":{"line":357,"column":6},"end":{"line":357,"column":35}},{"start":{},"end":{}}],"line":357},"53":{"loc":{"start":{"line":368,"column":10},"end":{"line":376,"column":11}},"type":"if","locations":[{"start":{"line":368,"column":10},"end":{"line":376,"column":11}},{"start":{},"end":{}}],"line":368},"54":{"loc":{"start":{"line":370,"column":22},"end":{"line":370,"column":40}},"type":"binary-expr","locations":[{"start":{"line":370,"column":22},"end":{"line":370,"column":30}},{"start":{"line":370,"column":34},"end":{"line":370,"column":40}}],"line":370},"55":{"loc":{"start":{"line":374,"column":24},"end":{"line":374,"column":66}},"type":"cond-expr","locations":[{"start":{"line":374,"column":61},"end":{"line":374,"column":62}},{"start":{"line":374,"column":65},"end":{"line":374,"column":66}}],"line":374},"56":{"loc":{"start":{"line":380,"column":8},"end":{"line":382,"column":9}},"type":"if","locations":[{"start":{"line":380,"column":8},"end":{"line":382,"column":9}},{"start":{},"end":{}}],"line":380},"57":{"loc":{"start":{"line":380,"column":12},"end":{"line":380,"column":92}},"type":"binary-expr","locations":[{"start":{"line":380,"column":12},"end":{"line":380,"column":35}},{"start":{"line":380,"column":39},"end":{"line":380,"column":92}}],"line":380},"58":{"loc":{"start":{"line":380,"column":72},"end":{"line":380,"column":91}},"type":"binary-expr","locations":[{"start":{"line":380,"column":72},"end":{"line":380,"column":85}},{"start":{"line":380,"column":89},"end":{"line":380,"column":91}}],"line":380},"59":{"loc":{"start":{"line":386,"column":51},"end":{"line":386,"column":83}},"type":"binary-expr","locations":[{"start":{"line":386,"column":51},"end":{"line":386,"column":64}},{"start":{"line":386,"column":68},"end":{"line":386,"column":83}}],"line":386},"60":{"loc":{"start":{"line":401,"column":49},"end":{"line":401,"column":81}},"type":"binary-expr","locations":[{"start":{"line":401,"column":49},"end":{"line":401,"column":62}},{"start":{"line":401,"column":66},"end":{"line":401,"column":81}}],"line":401},"61":{"loc":{"start":{"line":414,"column":22},"end":{"line":414,"column":35}},"type":"default-arg","locations":[{"start":{"line":414,"column":30},"end":{"line":414,"column":35}}],"line":414},"62":{"loc":{"start":{"line":416,"column":6},"end":{"line":416,"column":35}},"type":"if","locations":[{"start":{"line":416,"column":6},"end":{"line":416,"column":35}},{"start":{},"end":{}}],"line":416},"63":{"loc":{"start":{"line":418,"column":18},"end":{"line":418,"column":37}},"type":"cond-expr","locations":[{"start":{"line":418,"column":26},"end":{"line":418,"column":31}},{"start":{"line":418,"column":34},"end":{"line":418,"column":37}}],"line":418},"64":{"loc":{"start":{"line":428,"column":10},"end":{"line":436,"column":11}},"type":"if","locations":[{"start":{"line":428,"column":10},"end":{"line":436,"column":11}},{"start":{},"end":{}}],"line":428},"65":{"loc":{"start":{"line":430,"column":22},"end":{"line":430,"column":44}},"type":"binary-expr","locations":[{"start":{"line":430,"column":22},"end":{"line":430,"column":30}},{"start":{"line":430,"column":34},"end":{"line":430,"column":44}}],"line":430},"66":{"loc":{"start":{"line":433,"column":22},"end":{"line":433,"column":45}},"type":"binary-expr","locations":[{"start":{"line":433,"column":22},"end":{"line":433,"column":40}},{"start":{"line":433,"column":44},"end":{"line":433,"column":45}}],"line":433},"67":{"loc":{"start":{"line":434,"column":24},"end":{"line":434,"column":66}},"type":"cond-expr","locations":[{"start":{"line":434,"column":61},"end":{"line":434,"column":62}},{"start":{"line":434,"column":65},"end":{"line":434,"column":66}}],"line":434},"68":{"loc":{"start":{"line":440,"column":8},"end":{"line":442,"column":9}},"type":"if","locations":[{"start":{"line":440,"column":8},"end":{"line":442,"column":9}},{"start":{},"end":{}}],"line":440},"69":{"loc":{"start":{"line":440,"column":12},"end":{"line":440,"column":92}},"type":"binary-expr","locations":[{"start":{"line":440,"column":12},"end":{"line":440,"column":35}},{"start":{"line":440,"column":39},"end":{"line":440,"column":92}}],"line":440},"70":{"loc":{"start":{"line":440,"column":72},"end":{"line":440,"column":91}},"type":"binary-expr","locations":[{"start":{"line":440,"column":72},"end":{"line":440,"column":85}},{"start":{"line":440,"column":89},"end":{"line":440,"column":91}}],"line":440},"71":{"loc":{"start":{"line":443,"column":34},"end":{"line":443,"column":53}},"type":"cond-expr","locations":[{"start":{"line":443,"column":42},"end":{"line":443,"column":47}},{"start":{"line":443,"column":50},"end":{"line":443,"column":53}}],"line":443},"72":{"loc":{"start":{"line":446,"column":40},"end":{"line":446,"column":59}},"type":"cond-expr","locations":[{"start":{"line":446,"column":48},"end":{"line":446,"column":53}},{"start":{"line":446,"column":56},"end":{"line":446,"column":59}}],"line":446},"73":{"loc":{"start":{"line":446,"column":69},"end":{"line":446,"column":101}},"type":"binary-expr","locations":[{"start":{"line":446,"column":69},"end":{"line":446,"column":82}},{"start":{"line":446,"column":86},"end":{"line":446,"column":101}}],"line":446},"74":{"loc":{"start":{"line":455,"column":32},"end":{"line":455,"column":51}},"type":"cond-expr","locations":[{"start":{"line":455,"column":40},"end":{"line":455,"column":45}},{"start":{"line":455,"column":48},"end":{"line":455,"column":51}}],"line":455},"75":{"loc":{"start":{"line":458,"column":38},"end":{"line":458,"column":57}},"type":"cond-expr","locations":[{"start":{"line":458,"column":46},"end":{"line":458,"column":51}},{"start":{"line":458,"column":54},"end":{"line":458,"column":57}}],"line":458},"76":{"loc":{"start":{"line":458,"column":67},"end":{"line":458,"column":99}},"type":"binary-expr","locations":[{"start":{"line":458,"column":67},"end":{"line":458,"column":80}},{"start":{"line":458,"column":84},"end":{"line":458,"column":99}}],"line":458},"77":{"loc":{"start":{"line":477,"column":33},"end":{"line":477,"column":56}},"type":"default-arg","locations":[{"start":{"line":477,"column":44},"end":{"line":477,"column":56}}],"line":477},"78":{"loc":{"start":{"line":478,"column":2},"end":{"line":480,"column":3}},"type":"if","locations":[{"start":{"line":478,"column":2},"end":{"line":480,"column":3}},{"start":{},"end":{}}],"line":478},"79":{"loc":{"start":{"line":483,"column":4},"end":{"line":510,"column":5}},"type":"switch","locations":[{"start":{"line":484,"column":6},"end":{"line":485,"column":62}},{"start":{"line":486,"column":6},"end":{"line":486,"column":24}},{"start":{"line":487,"column":6},"end":{"line":488,"column":62}},{"start":{"line":489,"column":6},"end":{"line":489,"column":20}},{"start":{"line":490,"column":6},"end":{"line":491,"column":50}},{"start":{"line":492,"column":6},"end":{"line":492,"column":20}},{"start":{"line":493,"column":6},"end":{"line":494,"column":50}},{"start":{"line":495,"column":6},"end":{"line":496,"column":48}},{"start":{"line":497,"column":6},"end":{"line":498,"column":54}},{"start":{"line":499,"column":6},"end":{"line":499,"column":17}},{"start":{"line":500,"column":6},"end":{"line":501,"column":53}},{"start":{"line":502,"column":6},"end":{"line":509,"column":11}}],"line":483},"80":{"loc":{"start":{"line":515,"column":54},"end":{"line":515,"column":86}},"type":"binary-expr","locations":[{"start":{"line":515,"column":54},"end":{"line":515,"column":67}},{"start":{"line":515,"column":71},"end":{"line":515,"column":86}}],"line":515}},"s":{"0":18,"1":18,"2":18,"3":18,"4":18,"5":103,"6":103,"7":103,"8":0,"9":29,"10":29,"11":29,"12":36,"13":36,"14":32,"15":0,"16":9,"17":1,"18":8,"19":13,"20":11,"21":5,"22":25,"23":14,"24":15,"25":15,"26":1,"27":14,"28":14,"29":14,"30":14,"31":14,"32":14,"33":14,"34":32,"35":14,"36":14,"37":0,"38":0,"39":2,"40":1,"41":1,"42":2,"43":3,"44":3,"45":0,"46":3,"47":3,"48":3,"49":3,"50":1,"51":1,"52":1,"53":2,"54":1,"55":1,"56":1,"57":1,"58":0,"59":1,"60":1,"61":0,"62":3,"63":0,"64":0,"65":3,"66":3,"67":0,"68":3,"69":3,"70":3,"71":3,"72":3,"73":3,"74":3,"75":3,"76":1,"77":1,"78":1,"79":1,"80":1,"81":0,"82":2,"83":2,"84":1,"85":1,"86":1,"87":1,"88":1,"89":0,"90":0,"91":1,"92":1,"93":1,"94":1,"95":0,"96":0,"97":0,"98":0,"99":0,"100":0,"101":0,"102":0,"103":3,"104":3,"105":3,"106":3,"107":3,"108":3,"109":3,"110":0,"111":3,"112":0,"113":0,"114":0,"115":5,"116":5,"117":1,"118":4,"119":4,"120":4,"121":4,"122":2,"123":2,"124":2,"125":2,"126":0,"127":2,"128":1,"129":1,"130":1,"131":4,"132":4,"133":4,"134":0,"135":0,"136":6,"137":6,"138":1,"139":5,"140":5,"141":5,"142":5,"143":5,"144":1,"145":1,"146":1,"147":1,"148":0,"149":4,"150":3,"151":1,"152":1,"153":5,"154":0,"155":0,"156":18,"157":18,"158":18,"159":18,"160":18,"161":28,"162":13,"163":15,"164":15,"165":3,"166":3,"167":1,"168":1,"169":1,"170":1,"171":2,"172":3,"173":0,"174":0,"175":18},"f":{"0":103,"1":103,"2":29,"3":36,"4":9,"5":13,"6":11,"7":5,"8":25,"9":14,"10":15,"11":2,"12":2,"13":3,"14":1,"15":1,"16":3,"17":1,"18":1,"19":5,"20":2,"21":6,"22":1,"23":28},"b":{"0":[0,103],"1":[32,4],"2":[36,36],"3":[1,8],"4":[5,9],"5":[5,9],"6":[5,9],"7":[0],"8":[1,14],"9":[5,9],"10":[32,2],"11":[2,0],"12":[24,8],"13":[1,1],"14":[1,0],"15":[0,3],"16":[1,0],"17":[1,0,0],"18":[1,0],"19":[0,1],"20":[1,1],"21":[1,0],"22":[1,0],"23":[1,0],"24":[1,1],"25":[1,0],"26":[0,0],"27":[0,3],"28":[1,0],"29":[1,0],"30":[0,1],"31":[2,1,1],"32":[1,1],"33":[2,1,1],"34":[1,0],"35":[1,1],"36":[0,1],"37":[1,0],"38":[1,0],"39":[1,0],"40":[0,0],"41":[0,0,0],"42":[0,0],"43":[0,0],"44":[0,0],"45":[0,0],"46":[3,0],"47":[3,0],"48":[3,3],"49":[0,3],"50":[0,3],"51":[0,0],"52":[1,4],"53":[2,0],"54":[2,1],"55":[1,1],"56":[1,1],"57":[2,2],"58":[2,0],"59":[1,0],"60":[0,0],"61":[0],"62":[1,5],"63":[3,2],"64":[1,0],"65":[1,0],"66":[1,0],"67":[1,0],"68":[3,1],"69":[4,4],"70":[4,0],"71":[1,0],"72":[1,0],"73":[1,0],"74":[0,0],"75":[0,0],"76":[0,0],"77":[0],"78":[13,15],"79":[3,2,3,1,1,0,1,1,1,1,2,3],"80":[0,0]},"_coverageSchema":"1a1c01bbd47fc00a2c39e90264f33305004495a9","hash":"e88995ac75176c02a72252da84a3f55bc1d164b3"}
,"C:\\Work\\Windsurf\\code-review-platform\\server\\utils\\codeMetrics.js": {"path":"C:\\Work\\Windsurf\\code-review-platform\\server\\utils\\codeMetrics.js","statementMap":{"0":{"start":{"line":1,"column":15},"end":{"line":1,"column":39}},"1":{"start":{"line":2,"column":17},"end":{"line":2,"column":51}},"2":{"start":{"line":4,"column":19},"end":{"line":7,"column":1}},"3":{"start":{"line":5,"column":2},"end":{"line":5,"column":22}},"4":{"start":{"line":5,"column":13},"end":{"line":5,"column":22}},"5":{"start":{"line":6,"column":2},"end":{"line":6,"column":41}},"6":{"start":{"line":10,"column":27},"end":{"line":25,"column":1}},"7":{"start":{"line":11,"column":2},"end":{"line":11,"column":22}},"8":{"start":{"line":11,"column":13},"end":{"line":11,"column":22}},"9":{"start":{"line":14,"column":31},"end":{"line":17,"column":3}},"10":{"start":{"line":19,"column":21},"end":{"line":22,"column":7}},"11":{"start":{"line":20,"column":20},"end":{"line":20,"column":56}},"12":{"start":{"line":21,"column":4},"end":{"line":21,"column":50}},"13":{"start":{"line":24,"column":2},"end":{"line":24,"column":35}},"14":{"start":{"line":32,"column":29},"end":{"line":62,"column":1}},"15":{"start":{"line":33,"column":2},"end":{"line":61,"column":3}},"16":{"start":{"line":35,"column":16},"end":{"line":35,"column":32}},"17":{"start":{"line":36,"column":28},"end":{"line":36,"column":52}},"18":{"start":{"line":41,"column":28},"end":{"line":44,"column":5}},"19":{"start":{"line":46,"column":4},"end":{"line":51,"column":6}},"20":{"start":{"line":53,"column":4},"end":{"line":53,"column":60}},"21":{"start":{"line":55,"column":4},"end":{"line":60,"column":6}},"22":{"start":{"line":64,"column":0},"end":{"line":66,"column":2}}},"fnMap":{"0":{"name":"(anonymous_0)","decl":{"start":{"line":4,"column":19},"end":{"line":4,"column":20}},"loc":{"start":{"line":4,"column":29},"end":{"line":7,"column":1}},"line":4},"1":{"name":"(anonymous_1)","decl":{"start":{"line":10,"column":27},"end":{"line":10,"column":28}},"loc":{"start":{"line":10,"column":37},"end":{"line":25,"column":1}},"line":10},"2":{"name":"(anonymous_2)","decl":{"start":{"line":19,"column":49},"end":{"line":19,"column":50}},"loc":{"start":{"line":19,"column":69},"end":{"line":22,"column":3}},"line":19},"3":{"name":"(anonymous_3)","decl":{"start":{"line":32,"column":29},"end":{"line":32,"column":30}},"loc":{"start":{"line":32,"column":39},"end":{"line":62,"column":1}},"line":32}},"branchMap":{"0":{"loc":{"start":{"line":5,"column":2},"end":{"line":5,"column":22}},"type":"if","locations":[{"start":{"line":5,"column":2},"end":{"line":5,"column":22}},{"start":{},"end":{}}],"line":5},"1":{"loc":{"start":{"line":11,"column":2},"end":{"line":11,"column":22}},"type":"if","locations":[{"start":{"line":11,"column":2},"end":{"line":11,"column":22}},{"start":{},"end":{}}],"line":11},"2":{"loc":{"start":{"line":21,"column":20},"end":{"line":21,"column":48}},"type":"cond-expr","locations":[{"start":{"line":21,"column":30},"end":{"line":21,"column":44}},{"start":{"line":21,"column":47},"end":{"line":21,"column":48}}],"line":21}},"s":{"0":16,"1":16,"2":16,"3":7,"4":2,"5":5,"6":16,"7":6,"8":2,"9":4,"10":4,"11":32,"12":32,"13":4,"14":16,"15":7,"16":7,"17":6,"18":6,"19":6,"20":1,"21":1,"22":16},"f":{"0":7,"1":6,"2":32,"3":7},"b":{"0":[2,5],"1":[2,4],"2":[7,25]},"_coverageSchema":"1a1c01bbd47fc00a2c39e90264f33305004495a9","hash":"0916fe16c1b67ebcc6e897ada8674b09ba3332f9"}
,"C:\\Work\\Windsurf\\code-review-platform\\server\\utils\\logger.js": {"path":"C:\\Work\\Windsurf\\code-review-platform\\server\\utils\\logger.js","statementMap":{"0":{"start":{"line":1,"column":16},"end":{"line":1,"column":34}},"1":{"start":{"line":2,"column":13},"end":{"line":2,"column":28}},"2":{"start":{"line":4,"column":55},"end":{"line":4,"column":69}},"3":{"start":{"line":6,"column":18},"end":{"line":10,"column":2}},"4":{"start":{"line":7,"column":21},"end":{"line":7,"column":89}},"5":{"start":{"line":8,"column":21},"end":{"line":8,"column":46}},"6":{"start":{"line":9,"column":2},"end":{"line":9,"column":71}},"7":{"start":{"line":12,"column":15},"end":{"line":34,"column":2}},"8":{"start":{"line":37,"column":0},"end":{"line":41,"column":2}},"9":{"start":{"line":39,"column":4},"end":{"line":39,"column":32}},"10":{"start":{"line":43,"column":0},"end":{"line":43,"column":24}}},"fnMap":{"0":{"name":"(anonymous_0)","decl":{"start":{"line":6,"column":25},"end":{"line":6,"column":26}},"loc":{"start":{"line":6,"column":76},"end":{"line":10,"column":1}},"line":6},"1":{"name":"(anonymous_1)","decl":{"start":{"line":38,"column":9},"end":{"line":38,"column":10}},"loc":{"start":{"line":38,"column":22},"end":{"line":40,"column":3}},"line":38}},"branchMap":{"0":{"loc":{"start":{"line":7,"column":21},"end":{"line":7,"column":89}},"type":"cond-expr","locations":[{"start":{"line":7,"column":48},"end":{"line":7,"column":84}},{"start":{"line":7,"column":87},"end":{"line":7,"column":89}}],"line":7},"1":{"loc":{"start":{"line":8,"column":21},"end":{"line":8,"column":46}},"type":"cond-expr","locations":[{"start":{"line":8,"column":29},"end":{"line":8,"column":41}},{"start":{"line":8,"column":44},"end":{"line":8,"column":46}}],"line":8},"2":{"loc":{"start":{"line":13,"column":9},"end":{"line":13,"column":40}},"type":"binary-expr","locations":[{"start":{"line":13,"column":9},"end":{"line":13,"column":30}},{"start":{"line":13,"column":34},"end":{"line":13,"column":40}}],"line":13},"3":{"loc":{"start":{"line":17,"column":4},"end":{"line":17,"column":83}},"type":"cond-expr","locations":[{"start":{"line":17,"column":44},"end":{"line":17,"column":50}},{"start":{"line":17,"column":53},"end":{"line":17,"column":83}}],"line":17}},"s":{"0":20,"1":20,"2":20,"3":20,"4":351,"5":351,"6":351,"7":20,"8":20,"9":1,"10":20},"f":{"0":351,"1":1},"b":{"0":[0,351],"1":[0,351],"2":[20,20],"3":[2,18]},"_coverageSchema":"1a1c01bbd47fc00a2c39e90264f33305004495a9","hash":"fa756a7dbac0540dc4101eb6a69f805bd1be2b09"}
,"C:\\Work\\Windsurf\\code-review-platform\\server\\utils\\securityScanner.js": {"path":"C:\\Work\\Windsurf\\code-review-platform\\server\\utils\\securityScanner.js","statementMap":{"0":{"start":{"line":6,"column":2},"end":{"line":49,"column":4}},"1":{"start":{"line":53,"column":2},"end":{"line":53,"column":23}},"2":{"start":{"line":53,"column":13},"end":{"line":53,"column":23}},"3":{"start":{"line":54,"column":19},"end":{"line":54,"column":32}},"4":{"start":{"line":55,"column":18},"end":{"line":55,"column":48}},"5":{"start":{"line":56,"column":17},"end":{"line":56,"column":68}},"6":{"start":{"line":58,"column":16},"end":{"line":58,"column":35}},"7":{"start":{"line":59,"column":17},"end":{"line":59,"column":19}},"8":{"start":{"line":61,"column":2},"end":{"line":73,"column":5}},"9":{"start":{"line":62,"column":4},"end":{"line":72,"column":7}},"10":{"start":{"line":63,"column":6},"end":{"line":71,"column":7}},"11":{"start":{"line":64,"column":8},"end":{"line":70,"column":11}},"12":{"start":{"line":74,"column":2},"end":{"line":74,"column":16}},"13":{"start":{"line":77,"column":0},"end":{"line":77,"column":40}}},"fnMap":{"0":{"name":"buildChecks","decl":{"start":{"line":5,"column":9},"end":{"line":5,"column":20}},"loc":{"start":{"line":5,"column":23},"end":{"line":50,"column":1}},"line":5},"1":{"name":"scanSecurityIssues","decl":{"start":{"line":52,"column":9},"end":{"line":52,"column":27}},"loc":{"start":{"line":52,"column":49},"end":{"line":75,"column":1}},"line":52},"2":{"name":"(anonymous_2)","decl":{"start":{"line":61,"column":17},"end":{"line":61,"column":18}},"loc":{"start":{"line":61,"column":43},"end":{"line":73,"column":3}},"line":61},"3":{"name":"(anonymous_3)","decl":{"start":{"line":62,"column":18},"end":{"line":62,"column":19}},"loc":{"start":{"line":62,"column":31},"end":{"line":72,"column":5}},"line":62}},"branchMap":{"0":{"loc":{"start":{"line":52,"column":34},"end":{"line":52,"column":47}},"type":"default-arg","locations":[{"start":{"line":52,"column":45},"end":{"line":52,"column":47}}],"line":52},"1":{"loc":{"start":{"line":53,"column":2},"end":{"line":53,"column":23}},"type":"if","locations":[{"start":{"line":53,"column":2},"end":{"line":53,"column":23}},{"start":{},"end":{}}],"line":53},"2":{"loc":{"start":{"line":55,"column":19},"end":{"line":55,"column":33}},"type":"binary-expr","locations":[{"start":{"line":55,"column":19},"end":{"line":55,"column":27}},{"start":{"line":55,"column":31},"end":{"line":55,"column":33}}],"line":55},"3":{"loc":{"start":{"line":56,"column":43},"end":{"line":56,"column":66}},"type":"binary-expr","locations":[{"start":{"line":56,"column":43},"end":{"line":56,"column":60}},{"start":{"line":56,"column":64},"end":{"line":56,"column":66}}],"line":56},"4":{"loc":{"start":{"line":63,"column":6},"end":{"line":71,"column":7}},"type":"if","locations":[{"start":{"line":63,"column":6},"end":{"line":71,"column":7}},{"start":{},"end":{}}],"line":63}},"s":{"0":10,"1":10,"2":0,"3":10,"4":10,"5":10,"6":10,"7":10,"8":10,"9":78,"10":102,"11":7,"12":10,"13":17},"f":{"0":10,"1":10,"2":78,"3":102},"b":{"0":[0],"1":[0,10],"2":[10,0],"3":[10,0],"4":[7,95]},"_coverageSchema":"1a1c01bbd47fc00a2c39e90264f33305004495a9","hash":"f85f5b2def10efa5034ce37d0ac7e772f3db2aec"}
}
