TN:
SF:app.js
FN:29,(anonymous_0)
FN:39,(anonymous_1)
FN:47,(anonymous_2)
FNF:3
FNH:3
FNDA:147,(anonymous_0)
FNDA:1,(anonymous_1)
FNDA:1,(anonymous_2)
DA:1,6
DA:2,6
DA:3,6
DA:4,6
DA:5,6
DA:6,6
DA:7,6
DA:8,6
DA:9,6
DA:11,6
DA:14,6
DA:15,6
DA:21,6
DA:26,6
DA:29,147
DA:32,6
DA:33,6
DA:36,6
DA:39,6
DA:40,1
DA:44,6
DA:47,6
DA:48,1
DA:51,6
LF:24
LH:24
BRDA:16,0,0,0
BRDA:16,0,1,6
BRF:2
BRH:1
end_of_record
TN:
SF:babel.config.js
FNF:0
FNH:0
DA:1,0
LF:1
LH:0
BRF:0
BRH:0
end_of_record
TN:
SF:server.js
FN:41,(anonymous_0)
FN:51,(anonymous_1)
FN:59,(anonymous_2)
FN:68,onSignal
FN:76,onHealthCheck
FN:81,(anonymous_5)
FN:89,(anonymous_6)
FN:90,(anonymous_7)
FN:99,(anonymous_8)
FN:101,(anonymous_9)
FN:105,(anonymous_10)
FN:114,(anonymous_11)
FN:117,(anonymous_12)
FNF:13
FNH:0
FNDA:0,(anonymous_0)
FNDA:0,(anonymous_1)
FNDA:0,(anonymous_2)
FNDA:0,onSignal
FNDA:0,onHealthCheck
FNDA:0,(anonymous_5)
FNDA:0,(anonymous_6)
FNDA:0,(anonymous_7)
FNDA:0,(anonymous_8)
FNDA:0,(anonymous_9)
FNDA:0,(anonymous_10)
FNDA:0,(anonymous_11)
FNDA:0,(anonymous_12)
DA:1,6
DA:2,6
DA:3,6
DA:4,6
DA:5,6
DA:6,6
DA:7,6
DA:8,6
DA:9,6
DA:10,6
DA:11,6
DA:14,6
DA:15,6
DA:16,6
DA:18,6
DA:21,6
DA:24,6
DA:25,6
DA:33,6
DA:38,6
DA:41,6
DA:44,6
DA:45,6
DA:48,6
DA:51,6
DA:52,0
DA:56,6
DA:59,6
DA:60,0
DA:69,0
DA:70,0
DA:77,0
DA:81,0
DA:82,0
DA:85,6
DA:89,0
DA:90,0
DA:94,6
DA:95,0
DA:96,0
DA:97,0
DA:100,0
DA:101,0
DA:102,0
DA:106,0
DA:107,0
DA:114,6
DA:115,0
DA:117,0
DA:120,6
LF:50
LH:31
BRDA:26,0,0,0
BRDA:26,0,1,6
BRDA:78,1,0,0
BRDA:78,1,1,0
BRDA:82,2,0,0
BRDA:82,2,1,0
BRDA:94,3,0,0
BRDA:94,3,1,6
BRDA:95,4,0,0
BRDA:95,4,1,0
BRDA:96,5,0,0
BRDA:96,5,1,0
BRF:12
BRH:2
end_of_record
TN:
SF:socket.js
FN:6,(anonymous_0)
FN:19,(anonymous_1)
FN:24,(anonymous_2)
FN:30,(anonymous_3)
FN:36,(anonymous_4)
FN:46,(anonymous_5)
FN:55,(anonymous_6)
FN:64,(anonymous_7)
FN:71,(anonymous_8)
FN:81,(anonymous_9)
FNF:10
FNH:2
FNDA:6,(anonymous_0)
FNDA:0,(anonymous_1)
FNDA:0,(anonymous_2)
FNDA:0,(anonymous_3)
FNDA:0,(anonymous_4)
FNDA:0,(anonymous_5)
FNDA:0,(anonymous_6)
FNDA:0,(anonymous_7)
FNDA:50,(anonymous_8)
FNDA:0,(anonymous_9)
DA:1,6
DA:2,6
DA:6,6
DA:7,6
DA:19,6
DA:20,0
DA:21,0
DA:24,0
DA:25,0
DA:26,0
DA:30,0
DA:31,0
DA:32,0
DA:36,0
DA:37,0
DA:38,0
DA:42,0
DA:46,0
DA:47,0
DA:48,0
DA:55,0
DA:56,0
DA:60,6
DA:64,6
DA:65,0
DA:66,0
DA:71,6
DA:72,50
DA:73,50
DA:77,6
DA:81,0
LF:31
LH:11
BRDA:9,0,0,0
BRDA:9,0,1,6
BRDA:65,1,0,0
BRDA:65,1,1,0
BRDA:72,2,0,50
BRDA:72,2,1,0
BRF:6
BRH:2
end_of_record
TN:
SF:controllers\analysis.controller.js
FN:10,(anonymous_0)
FN:64,(anonymous_1)
FN:72,(anonymous_2)
FN:96,generateSuggestions
FN:114,(anonymous_4)
FN:151,getSeverity
FNF:6
FNH:5
FNDA:2,(anonymous_0)
FNDA:2,(anonymous_1)
FNDA:1,(anonymous_2)
FNDA:1,generateSuggestions
FNDA:2,(anonymous_4)
FNDA:0,getSeverity
DA:1,6
DA:2,6
DA:3,6
DA:10,6
DA:11,2
DA:12,2
DA:13,2
DA:15,2
DA:16,1
DA:20,1
DA:23,1
DA:26,1
DA:29,1
DA:30,1
DA:31,1
DA:38,1
DA:40,0
DA:45,1
DA:51,0
DA:52,0
DA:64,6
DA:65,2
DA:66,2
DA:72,2
DA:83,2
DA:85,0
DA:86,0
DA:97,1
DA:100,1
DA:101,0
DA:105,1
DA:106,0
DA:107,0
DA:109,0
DA:114,2
DA:116,1
DA:117,1
DA:120,1
DA:121,0
DA:124,1
DA:125,1
DA:128,1
DA:129,0
DA:132,1
DA:133,0
DA:137,1
DA:138,0
DA:142,1
DA:143,1
DA:147,0
DA:152,0
DA:153,0
DA:154,0
DA:155,0
LF:54
LH:36
BRDA:15,0,0,1
BRDA:15,0,1,1
BRDA:29,1,0,1
BRDA:29,1,1,0
BRDA:54,2,0,0
BRDA:54,2,1,0
BRDA:76,3,0,1
BRDA:76,3,1,0
BRDA:77,4,0,1
BRDA:77,4,1,0
BRDA:78,5,0,1
BRDA:78,5,1,0
BRDA:88,6,0,0
BRDA:88,6,1,0
BRDA:100,7,0,0
BRDA:100,7,1,1
BRDA:105,8,0,0
BRDA:105,8,1,1
BRDA:106,9,0,0
BRDA:106,9,1,0
BRDA:116,10,0,1
BRDA:116,10,1,0
BRDA:120,11,0,0
BRDA:120,11,1,1
BRDA:124,12,0,1
BRDA:124,12,1,0
BRDA:128,13,0,0
BRDA:128,13,1,1
BRDA:132,14,0,0
BRDA:132,14,1,1
BRDA:137,15,0,0
BRDA:137,15,1,1
BRDA:142,16,0,1
BRDA:142,16,1,0
BRDA:152,17,0,0
BRDA:152,17,1,0
BRDA:152,17,2,0
BRF:37
BRH:15
end_of_record
TN:
SF:controllers\auth.controller.js
FN:10,(anonymous_0)
FN:19,(anonymous_1)
FN:28,(anonymous_2)
FN:40,(anonymous_3)
FN:92,(anonymous_4)
FN:140,(anonymous_5)
FN:156,(anonymous_6)
FN:159,(anonymous_7)
FN:160,(anonymous_8)
FN:196,(anonymous_9)
FN:222,(anonymous_10)
FNF:11
FNH:11
FNDA:99,(anonymous_0)
FNDA:98,(anonymous_1)
FNDA:98,(anonymous_2)
FNDA:51,(anonymous_3)
FNDA:50,(anonymous_4)
FNDA:1,(anonymous_5)
FNDA:3,(anonymous_6)
FNDA:5,(anonymous_7)
FNDA:3,(anonymous_8)
FNDA:1,(anonymous_9)
FNDA:4,(anonymous_10)
DA:1,6
DA:2,6
DA:3,6
DA:4,6
DA:5,6
DA:6,6
DA:7,6
DA:10,6
DA:11,99
DA:19,6
DA:20,98
DA:28,6
DA:29,98
DA:36,98
DA:40,6
DA:41,51
DA:42,51
DA:45,51
DA:46,51
DA:47,1
DA:54,50
DA:60,50
DA:63,50
DA:64,50
DA:67,50
DA:68,50
DA:71,50
DA:74,50
DA:75,50
DA:78,50
DA:80,50
DA:87,1
DA:92,6
DA:93,50
DA:94,50
DA:97,50
DA:98,50
DA:99,1
DA:106,49
DA:107,49
DA:108,1
DA:115,48
DA:116,48
DA:119,48
DA:120,48
DA:123,48
DA:126,48
DA:127,48
DA:129,48
DA:135,2
DA:140,6
DA:141,1
DA:142,1
DA:143,1
DA:144,0
DA:146,1
DA:151,0
DA:156,6
DA:157,3
DA:158,3
DA:159,5
DA:160,3
DA:161,3
DA:162,1
DA:164,2
DA:167,2
DA:170,1
DA:172,1
DA:173,0
DA:176,1
DA:177,0
DA:181,1
DA:183,1
DA:188,2
DA:189,1
DA:191,1
DA:196,6
DA:197,1
DA:199,1
DA:206,1
DA:212,1
DA:217,0
DA:222,6
DA:223,4
DA:227,4
DA:228,2
DA:229,2
DA:230,0
DA:233,2
DA:234,0
DA:238,2
DA:241,2
DA:243,2
DA:244,0
DA:248,2
DA:249,2
DA:251,2
DA:252,2
DA:256,6
LF:99
LH:91
BRDA:14,0,0,99
BRDA:14,0,1,0
BRDA:46,1,0,1
BRDA:46,1,1,50
BRDA:98,2,0,1
BRDA:98,2,1,49
BRDA:107,3,0,1
BRDA:107,3,1,48
BRDA:143,4,0,0
BRDA:143,4,1,1
BRDA:158,5,0,3
BRDA:158,5,1,1
BRDA:161,6,0,1
BRDA:161,6,1,2
BRDA:172,7,0,0
BRDA:172,7,1,1
BRDA:176,8,0,0
BRDA:176,8,1,1
BRDA:176,9,0,1
BRDA:176,9,1,1
BRDA:188,10,0,1
BRDA:188,10,1,1
BRDA:188,11,0,2
BRDA:188,11,1,1
BRDA:227,12,0,2
BRDA:227,12,1,2
BRDA:227,13,0,4
BRDA:227,13,1,2
BRDA:229,14,0,0
BRDA:229,14,1,0
BRDA:233,15,0,0
BRDA:233,15,1,2
BRDA:243,16,0,0
BRDA:243,16,1,2
BRF:34
BRH:26
end_of_record
TN:
SF:controllers\review.controller.js
FN:6,(anonymous_0)
FN:18,(anonymous_1)
FN:31,(anonymous_2)
FN:45,(anonymous_3)
FN:65,(anonymous_4)
FNF:5
FNH:5
FNDA:2,(anonymous_0)
FNDA:2,(anonymous_1)
FNDA:12,(anonymous_2)
FNDA:3,(anonymous_3)
FNDA:3,(anonymous_4)
DA:1,6
DA:2,6
DA:3,6
DA:6,6
DA:7,2
DA:8,2
DA:11,2
DA:13,0
DA:18,6
DA:19,2
DA:20,2
DA:21,2
DA:22,1
DA:24,1
DA:26,1
DA:31,6
DA:32,12
DA:33,12
DA:34,12
DA:35,12
DA:36,12
DA:37,10
DA:38,10
DA:40,2
DA:45,6
DA:46,3
DA:47,3
DA:48,3
DA:49,3
DA:50,1
DA:52,2
DA:53,1
DA:55,1
DA:56,1
DA:57,1
DA:58,1
DA:60,2
DA:65,6
DA:66,3
DA:67,3
DA:68,3
DA:69,3
DA:70,1
DA:72,2
DA:73,1
DA:75,1
DA:76,1
DA:78,2
LF:48
LH:47
BRDA:21,0,0,1
BRDA:21,0,1,1
BRDA:49,1,0,1
BRDA:49,1,1,2
BRDA:52,2,0,1
BRDA:52,2,1,1
BRDA:69,3,0,1
BRDA:69,3,1,2
BRDA:72,4,0,1
BRDA:72,4,1,1
BRF:10
BRH:10
end_of_record
TN:
SF:middlewares\auth.js
FN:9,(anonymous_0)
FNF:1
FNH:1
FNDA:30,(anonymous_0)
DA:1,6
DA:2,6
DA:3,6
DA:4,6
DA:9,6
DA:10,30
DA:11,30
DA:12,30
DA:13,6
DA:15,24
DA:16,24
DA:18,24
DA:19,24
DA:20,0
DA:22,24
DA:23,24
DA:25,6
DA:28,6
LF:18
LH:17
BRDA:12,0,0,6
BRDA:12,0,1,24
BRDA:12,1,0,30
BRDA:12,1,1,24
BRDA:19,2,0,0
BRDA:19,2,1,24
BRDA:25,3,0,0
BRDA:25,3,1,6
BRF:8
BRH:6
end_of_record
TN:
SF:middlewares\error.middleware.js
FN:5,(anonymous_0)
FN:18,(anonymous_1)
FN:31,(anonymous_2)
FN:48,(anonymous_3)
FNF:4
FNH:4
FNDA:33,(anonymous_0)
FNDA:2,(anonymous_1)
FNDA:21,(anonymous_2)
FNDA:1,(anonymous_3)
DA:1,8
DA:2,8
DA:6,33
DA:7,33
DA:8,33
DA:9,33
DA:10,33
DA:11,4
DA:13,29
DA:18,8
DA:19,2
DA:21,2
DA:22,1
DA:23,1
DA:24,1
DA:27,2
DA:31,8
DA:32,21
DA:33,21
DA:40,21
DA:45,21
DA:48,8
DA:49,1
DA:53,1
DA:56,8
LF:25
LH:25
BRDA:5,0,0,29
BRDA:5,1,0,29
BRDA:9,2,0,32
BRDA:9,2,1,1
BRDA:10,3,0,4
BRDA:10,3,1,29
BRDA:21,4,0,1
BRDA:21,4,1,1
BRDA:22,5,0,1
BRDA:22,5,1,0
BRDA:23,6,0,1
BRDA:23,6,1,0
BRDA:36,7,0,21
BRDA:36,7,1,0
BRDA:41,8,0,21
BRDA:41,8,1,2
BRDA:45,9,0,21
BRDA:45,9,1,2
BRF:18
BRH:15
end_of_record
TN:
SF:middlewares\validation.middleware.js
FN:11,(anonymous_0)
FN:19,(anonymous_1)
FN:35,(anonymous_2)
FN:36,(anonymous_3)
FNF:4
FNH:4
FNDA:104,(anonymous_0)
FNDA:2,(anonymous_1)
FNDA:1,(anonymous_2)
FNDA:3,(anonymous_3)
DA:1,7
DA:2,7
DA:3,7
DA:11,7
DA:12,104
DA:13,104
DA:14,102
DA:18,2
DA:19,2
DA:20,2
DA:23,2
DA:35,7
DA:36,1
DA:37,3
DA:39,3
DA:40,2
DA:46,1
DA:50,7
LF:18
LH:18
BRDA:13,0,0,102
BRDA:13,0,1,2
BRDA:39,1,0,2
BRDA:39,1,1,1
BRDA:39,2,0,3
BRDA:39,2,1,3
BRF:6
BRH:6
end_of_record
TN:
SF:models\Analysis.js
FN:73,(anonymous_0)
FN:80,(anonymous_1)
FN:93,(anonymous_2)
FN:107,(anonymous_3)
FNF:4
FNH:1
FNDA:2,(anonymous_0)
FNDA:0,(anonymous_1)
FNDA:0,(anonymous_2)
FNDA:0,(anonymous_3)
DA:1,6
DA:3,6
DA:33,6
DA:53,6
DA:74,2
DA:80,0
DA:94,0
DA:95,0
DA:96,0
DA:97,0
DA:104,6
DA:107,6
DA:108,0
DA:114,6
DA:116,6
LF:15
LH:9
BRDA:74,0,0,2
BRDA:74,0,1,2
BRDA:74,0,2,2
BRDA:74,0,3,2
BRDA:74,0,4,2
BRDA:107,1,0,0
BRF:6
BRH:5
end_of_record
TN:
SF:models\Comment.js
FNF:0
FNH:0
DA:1,6
DA:3,6
DA:24,6
LF:3
LH:3
BRF:0
BRH:0
end_of_record
TN:
SF:models\review.model.js
FN:43,(anonymous_0)
FNF:1
FNH:1
FNDA:13,(anonymous_0)
DA:1,6
DA:2,6
DA:5,6
DA:14,6
DA:21,6
DA:44,13
DA:45,13
DA:46,13
DA:47,13
DA:54,6
DA:56,6
DA:57,6
LF:12
LH:12
BRF:0
BRH:0
end_of_record
TN:
SF:models\user.model.js
FN:10,(anonymous_0)
FN:120,(anonymous_1)
FN:134,(anonymous_2)
FN:139,(anonymous_3)
FN:148,(anonymous_4)
FN:159,(anonymous_5)
FN:172,(anonymous_6)
FNF:7
FNH:3
FNDA:55,(anonymous_0)
FNDA:153,(anonymous_1)
FNDA:0,(anonymous_2)
FNDA:0,(anonymous_3)
FNDA:0,(anonymous_4)
FNDA:0,(anonymous_5)
FNDA:114,(anonymous_6)
DA:1,6
DA:2,6
DA:3,6
DA:4,6
DA:6,6
DA:10,55
DA:102,6
DA:103,6
DA:106,6
DA:113,6
DA:120,6
DA:122,153
DA:124,55
DA:126,55
DA:127,55
DA:129,0
DA:134,6
DA:135,0
DA:139,6
DA:140,0
DA:141,0
DA:142,0
DA:144,0
DA:148,6
DA:149,0
DA:150,0
DA:154,0
DA:155,0
DA:159,6
DA:160,0
DA:161,0
DA:162,0
DA:164,0
DA:165,0
DA:166,0
DA:168,0
DA:172,6
DA:173,114
DA:174,114
DA:176,114
DA:177,114
DA:178,114
DA:179,114
DA:180,114
DA:182,114
DA:185,6
DA:187,6
LF:47
LH:30
BRDA:122,0,0,98
BRDA:122,0,1,55
BRDA:140,1,0,0
BRDA:140,1,1,0
BRDA:161,2,0,0
BRDA:161,2,1,0
BRDA:165,3,0,0
BRDA:165,3,1,0
BRF:8
BRH:2
end_of_record
TN:
SF:routes\analysis.routes.js
FNF:0
FNH:0
DA:1,6
DA:2,6
DA:3,6
DA:7,6
DA:10,6
DA:17,6
DA:24,6
DA:26,6
LF:8
LH:8
BRF:0
BRH:0
end_of_record
TN:
SF:routes\auth.routes.js
FNF:0
FNH:0
DA:1,6
DA:2,6
DA:3,6
DA:4,6
DA:5,6
DA:10,6
DA:27,6
DA:40,6
DA:45,6
DA:50,6
DA:52,6
LF:11
LH:11
BRF:0
BRH:0
end_of_record
TN:
SF:routes\comment.routes.js
FN:7,(anonymous_0)
FN:26,(anonymous_1)
FNF:2
FNH:2
FNDA:3,(anonymous_0)
FNDA:2,(anonymous_1)
DA:1,6
DA:2,6
DA:3,6
DA:4,6
DA:7,6
DA:8,3
DA:9,3
DA:10,3
DA:11,1
DA:14,2
DA:18,2
DA:20,0
DA:21,0
DA:26,6
DA:27,2
DA:28,2
DA:30,2
DA:31,1
DA:34,1
DA:40,1
DA:43,1
DA:45,1
DA:47,0
DA:48,0
DA:52,6
LF:25
LH:21
BRDA:10,0,0,1
BRDA:10,0,1,2
BRDA:30,1,0,1
BRDA:30,1,1,1
BRDA:30,2,0,2
BRDA:30,2,1,1
BRF:6
BRH:6
end_of_record
TN:
SF:routes\index.js
FNF:0
FNH:0
DA:1,6
DA:2,6
DA:3,6
DA:6,6
DA:7,6
DA:8,6
DA:9,6
DA:10,6
DA:13,6
DA:14,6
DA:15,6
DA:16,6
DA:17,6
DA:20,6
DA:22,6
LF:15
LH:15
BRF:0
BRH:0
end_of_record
TN:
SF:routes\review.routes.js
FNF:0
FNH:0
DA:1,6
DA:2,6
DA:3,6
DA:10,6
DA:13,6
DA:14,6
DA:17,6
DA:18,6
DA:19,6
DA:20,6
DA:22,6
LF:11
LH:11
BRF:0
BRH:0
end_of_record
TN:
SF:routes\user.routes.js
FNF:0
FNH:0
DA:1,6
DA:2,6
DA:7,6
LF:3
LH:3
BRF:0
BRH:0
end_of_record
TN:
SF:utils\codeAnalyzer.js
FN:17,(anonymous_0)
FN:22,(anonymous_1)
FN:28,(anonymous_2)
FN:34,(anonymous_3)
FN:44,(anonymous_4)
FN:48,(anonymous_5)
FN:51,(anonymous_6)
FN:59,(anonymous_7)
FN:63,(anonymous_8)
FN:92,(anonymous_9)
FN:134,(anonymous_10)
FN:141,(anonymous_11)
FN:150,(anonymous_12)
FN:162,(anonymous_13)
FN:172,(anonymous_14)
FN:207,(anonymous_15)
FN:242,(anonymous_16)
FN:260,(anonymous_17)
FN:313,(anonymous_18)
FN:323,(anonymous_19)
FN:360,(anonymous_20)
FN:371,(anonymous_21)
FN:411,analyzeCode
FNF:23
FNH:22
FNDA:45,(anonymous_0)
FNDA:45,(anonymous_1)
FNDA:27,(anonymous_2)
FNDA:30,(anonymous_3)
FNDA:5,(anonymous_4)
FNDA:16,(anonymous_5)
FNDA:11,(anonymous_6)
FNDA:13,(anonymous_7)
FNDA:15,(anonymous_8)
FNDA:16,(anonymous_9)
FNDA:2,(anonymous_10)
FNDA:2,(anonymous_11)
FNDA:3,(anonymous_12)
FNDA:1,(anonymous_13)
FNDA:1,(anonymous_14)
FNDA:1,(anonymous_15)
FNDA:0,(anonymous_16)
FNDA:6,(anonymous_17)
FNDA:4,(anonymous_18)
FNDA:1,(anonymous_19)
FNDA:6,(anonymous_20)
FNDA:1,(anonymous_21)
FNDA:29,analyzeCode
DA:7,7
DA:8,7
DA:9,7
DA:10,7
DA:11,7
DA:18,45
DA:19,45
DA:23,45
DA:24,0
DA:29,27
DA:30,27
DA:31,27
DA:35,30
DA:36,30
DA:37,27
DA:40,0
DA:45,5
DA:46,5
DA:48,16
DA:51,11
DA:60,13
DA:64,15
DA:93,16
DA:94,16
DA:97,15
DA:99,15
DA:101,15
DA:106,15
DA:109,15
DA:110,15
DA:111,15
DA:112,34
DA:124,15
DA:126,15
DA:129,0
DA:130,0
DA:135,2
DA:136,1
DA:138,1
DA:142,2
DA:151,3
DA:152,3
DA:154,3
DA:156,3
DA:157,3
DA:158,3
DA:161,1
DA:162,1
DA:171,2
DA:172,1
DA:173,1
DA:174,1
DA:175,1
DA:183,0
DA:186,1
DA:188,3
DA:191,1
DA:192,1
DA:208,1
DA:209,1
DA:211,1
DA:212,1
DA:213,1
DA:215,1
DA:217,1
DA:230,1
DA:233,1
DA:234,1
DA:237,0
DA:242,0
DA:244,0
DA:245,0
DA:246,0
DA:254,0
DA:259,1
DA:260,1
DA:261,6
DA:262,6
DA:263,0
DA:271,6
DA:276,0
DA:277,0
DA:286,1
DA:287,1
DA:288,1
DA:291,1
DA:292,1
DA:293,1
DA:294,1
DA:297,0
DA:298,0
DA:314,4
DA:315,4
DA:317,3
DA:319,3
DA:320,3
DA:321,3
DA:323,1
DA:325,1
DA:326,1
DA:327,1
DA:335,0
DA:338,3
DA:340,3
DA:341,3
DA:344,2
DA:345,2
DA:361,6
DA:362,6
DA:364,5
DA:365,5
DA:367,5
DA:368,5
DA:369,5
DA:371,1
DA:373,1
DA:374,1
DA:375,1
DA:383,0
DA:386,5
DA:389,4
DA:390,4
DA:402,7
DA:403,7
DA:404,7
DA:405,7
DA:406,7
DA:412,29
DA:413,13
DA:416,16
DA:417,16
DA:419,4
DA:422,3
DA:425,1
DA:428,1
DA:430,1
DA:432,1
DA:435,2
DA:437,3
DA:446,0
DA:447,0
DA:457,7
LF:142
LH:122
BRDA:23,0,0,0
BRDA:23,0,1,45
BRDA:36,1,0,27
BRDA:36,1,1,3
BRDA:36,2,0,30
BRDA:36,2,1,30
BRDA:45,3,0,0
BRDA:45,3,1,5
BRDA:65,4,0,5
BRDA:65,4,1,10
BRDA:71,5,0,5
BRDA:71,5,1,10
BRDA:74,6,0,5
BRDA:74,6,1,10
BRDA:92,7,0,0
BRDA:94,8,0,1
BRDA:94,8,1,15
BRDA:97,9,0,5
BRDA:97,9,1,10
BRDA:113,10,0,34
BRDA:113,10,1,2
BRDA:113,11,0,2
BRDA:113,11,1,0
BRDA:119,12,0,25
BRDA:119,12,1,9
BRDA:135,13,0,1
BRDA:135,13,1,1
BRDA:138,14,0,1
BRDA:138,14,1,0
BRDA:152,15,0,0
BRDA:152,15,1,3
BRDA:161,16,0,1
BRDA:161,16,1,0
BRDA:163,17,0,1
BRDA:163,17,1,0
BRDA:163,17,2,0
BRDA:166,18,0,1
BRDA:166,18,1,0
BRDA:167,19,0,0
BRDA:167,19,1,1
BRDA:171,20,0,1
BRDA:171,20,1,1
BRDA:174,21,0,1
BRDA:174,21,1,0
BRDA:179,22,0,1
BRDA:179,22,1,0
BRDA:194,23,0,1
BRDA:194,23,1,0
BRDA:209,24,0,0
BRDA:209,24,1,1
BRDA:245,25,0,0
BRDA:245,25,1,0
BRDA:250,26,0,0
BRDA:250,26,1,0
BRDA:251,27,0,0
BRDA:251,27,1,0
BRDA:259,28,0,1
BRDA:259,28,1,1
BRDA:259,28,2,0
BRDA:262,29,0,0
BRDA:262,29,1,6
BRDA:267,30,0,0
BRDA:267,30,1,0
BRDA:268,31,0,0
BRDA:268,31,1,0
BRDA:279,32,0,0
BRDA:279,32,1,0
BRDA:287,33,0,1
BRDA:287,33,1,0
BRDA:287,34,0,1
BRDA:287,34,1,1
BRDA:293,35,0,1
BRDA:293,35,1,0
BRDA:294,36,0,1
BRDA:294,36,1,0
BRDA:300,37,0,0
BRDA:300,37,1,0
BRDA:315,38,0,1
BRDA:315,38,1,3
BRDA:326,39,0,1
BRDA:326,39,1,0
BRDA:328,40,0,1
BRDA:328,40,1,0
BRDA:332,41,0,0
BRDA:332,41,1,1
BRDA:347,42,0,2
BRDA:347,42,1,0
BRDA:360,43,0,0
BRDA:362,44,0,1
BRDA:362,44,1,5
BRDA:364,45,0,3
BRDA:364,45,1,2
BRDA:374,46,0,1
BRDA:374,46,1,0
BRDA:376,47,0,1
BRDA:376,47,1,0
BRDA:379,48,0,1
BRDA:379,48,1,0
BRDA:380,49,0,1
BRDA:380,49,1,0
BRDA:389,50,0,3
BRDA:389,50,1,1
BRDA:392,51,0,3
BRDA:392,51,1,1
BRDA:392,52,0,4
BRDA:392,52,1,0
BRDA:411,53,0,0
BRDA:412,54,0,13
BRDA:412,54,1,16
BRDA:417,55,0,4
BRDA:417,55,1,2
BRDA:417,55,2,3
BRDA:417,55,3,1
BRDA:417,55,4,1
BRDA:417,55,5,0
BRDA:417,55,6,1
BRDA:417,55,7,1
BRDA:417,55,8,1
BRDA:417,55,9,1
BRDA:417,55,10,2
BRDA:417,55,11,3
BRDA:449,56,0,0
BRDA:449,56,1,0
BRF:123
BRH:75
end_of_record
TN:
SF:utils\codeMetrics.js
FN:4,(anonymous_0)
FN:10,(anonymous_1)
FN:19,(anonymous_2)
FN:32,(anonymous_3)
FNF:4
FNH:4
FNDA:5,(anonymous_0)
FNDA:5,(anonymous_1)
FNDA:32,(anonymous_2)
FNDA:5,(anonymous_3)
DA:1,7
DA:2,7
DA:4,7
DA:5,5
DA:6,4
DA:10,7
DA:11,5
DA:14,4
DA:19,4
DA:20,32
DA:21,32
DA:24,4
DA:32,7
DA:33,5
DA:35,5
DA:36,5
DA:41,5
DA:46,5
DA:53,0
DA:55,0
DA:64,7
LF:21
LH:19
BRDA:5,0,0,1
BRDA:5,0,1,4
BRDA:11,1,0,1
BRDA:11,1,1,4
BRDA:21,2,0,5
BRDA:21,2,1,27
BRF:6
BRH:6
end_of_record
TN:
SF:utils\logger.js
FN:6,(anonymous_0)
FN:38,(anonymous_1)
FNF:2
FNH:1
FNDA:170,(anonymous_0)
FNDA:0,(anonymous_1)
DA:1,8
DA:2,8
DA:4,8
DA:6,8
DA:7,170
DA:8,170
DA:9,170
DA:12,8
DA:37,8
DA:39,0
DA:43,8
LF:11
LH:10
BRDA:7,0,0,0
BRDA:7,0,1,170
BRDA:8,1,0,0
BRDA:8,1,1,170
BRDA:13,2,0,8
BRDA:13,2,1,8
BRDA:17,3,0,0
BRDA:17,3,1,8
BRF:8
BRH:5
end_of_record
