TN:
SF:app.js
FN:31,(anonymous_0)
FN:41,(anonymous_1)
FN:49,(anonymous_2)
FNF:3
FNH:3
FNDA:302,(anonymous_0)
FNDA:103,(anonymous_1)
FNDA:2,(anonymous_2)
DA:1,13
DA:2,13
DA:3,13
DA:4,13
DA:5,13
DA:6,13
DA:7,13
DA:8,13
DA:9,13
DA:11,13
DA:14,13
DA:15,13
DA:21,13
DA:26,13
DA:27,5
DA:31,302
DA:34,13
DA:35,13
DA:38,13
DA:41,13
DA:42,103
DA:46,13
DA:49,13
DA:50,2
DA:53,13
LF:25
LH:25
BRDA:16,0,0,1
BRDA:16,0,1,12
BRDA:26,1,0,5
BRDA:26,1,1,8
BRF:4
BRH:4
end_of_record
TN:
SF:babel.config.js
FNF:0
FNH:0
DA:1,0
LF:1
LH:0
BRF:0
BRH:0
end_of_record
TN:
SF:server.js
FN:41,(anonymous_0)
FN:51,(anonymous_1)
FN:59,(anonymous_2)
FN:68,onSignal
FN:73,onHealthCheck
FN:78,(anonymous_5)
FN:86,(anonymous_6)
FN:87,(anonymous_7)
FN:96,(anonymous_8)
FN:98,(anonymous_9)
FN:102,(anonymous_10)
FN:111,(anonymous_11)
FN:114,(anonymous_12)
FNF:13
FNH:7
FNDA:0,(anonymous_0)
FNDA:0,(anonymous_1)
FNDA:0,(anonymous_2)
FNDA:1,onSignal
FNDA:4,onHealthCheck
FNDA:4,(anonymous_5)
FNDA:0,(anonymous_6)
FNDA:1,(anonymous_7)
FNDA:0,(anonymous_8)
FNDA:0,(anonymous_9)
FNDA:1,(anonymous_10)
FNDA:1,(anonymous_11)
FNDA:1,(anonymous_12)
DA:1,9
DA:2,9
DA:3,9
DA:4,9
DA:5,9
DA:6,9
DA:7,9
DA:8,9
DA:9,9
DA:10,9
DA:11,9
DA:14,9
DA:15,9
DA:16,9
DA:18,9
DA:21,9
DA:24,9
DA:25,9
DA:33,9
DA:38,9
DA:41,9
DA:44,9
DA:45,9
DA:48,9
DA:51,9
DA:52,0
DA:56,9
DA:59,9
DA:60,0
DA:69,1
DA:70,1
DA:74,4
DA:78,4
DA:79,4
DA:82,9
DA:86,0
DA:87,1
DA:91,9
DA:92,1
DA:93,1
DA:94,1
DA:97,0
DA:98,0
DA:99,0
DA:103,1
DA:104,1
DA:111,9
DA:112,1
DA:114,1
DA:117,9
LF:50
LH:44
BRDA:26,0,0,0
BRDA:26,0,1,9
BRDA:75,1,0,2
BRDA:75,1,1,2
BRDA:79,2,0,2
BRDA:79,2,1,2
BRDA:91,3,0,1
BRDA:91,3,1,8
BRDA:92,4,0,1
BRDA:92,4,1,0
BRDA:93,5,0,1
BRDA:93,5,1,0
BRF:12
BRH:9
end_of_record
TN:
SF:socket.js
FN:6,(anonymous_0)
FN:19,(anonymous_1)
FN:24,(anonymous_2)
FN:30,(anonymous_3)
FN:36,(anonymous_4)
FN:46,(anonymous_5)
FN:55,(anonymous_6)
FN:64,(anonymous_7)
FN:71,(anonymous_8)
FN:81,(anonymous_9)
FNF:10
FNH:10
FNDA:16,(anonymous_0)
FNDA:1,(anonymous_1)
FNDA:1,(anonymous_2)
FNDA:1,(anonymous_3)
FNDA:1,(anonymous_4)
FNDA:1,(anonymous_5)
FNDA:1,(anonymous_6)
FNDA:1,(anonymous_7)
FNDA:70,(anonymous_8)
FNDA:1,(anonymous_9)
DA:1,15
DA:2,15
DA:6,15
DA:7,16
DA:19,16
DA:20,1
DA:21,1
DA:24,1
DA:25,1
DA:26,1
DA:30,1
DA:31,1
DA:32,1
DA:36,1
DA:37,1
DA:38,1
DA:42,1
DA:46,1
DA:47,1
DA:48,1
DA:55,1
DA:56,1
DA:60,16
DA:64,15
DA:65,1
DA:66,1
DA:71,15
DA:72,70
DA:73,70
DA:77,15
DA:81,1
LF:31
LH:31
BRDA:9,0,0,1
BRDA:9,0,1,15
BRDA:65,1,0,1
BRDA:65,1,1,0
BRDA:72,2,0,70
BRDA:72,2,1,0
BRF:6
BRH:4
end_of_record
TN:
SF:controllers\analysis.controller.js
FN:10,(anonymous_0)
FN:64,(anonymous_1)
FN:72,(anonymous_2)
FN:96,generateSuggestions
FN:114,(anonymous_4)
FN:151,getSeverity
FNF:6
FNH:6
FNDA:6,(anonymous_0)
FNDA:4,(anonymous_1)
FNDA:2,(anonymous_2)
FNDA:13,generateSuggestions
FNDA:8,(anonymous_4)
FNDA:4,getSeverity
DA:1,15
DA:2,15
DA:3,15
DA:10,15
DA:11,6
DA:12,6
DA:13,6
DA:15,6
DA:16,2
DA:20,4
DA:23,3
DA:26,3
DA:29,3
DA:30,2
DA:31,2
DA:38,2
DA:40,0
DA:45,3
DA:51,1
DA:52,1
DA:64,15
DA:65,4
DA:66,4
DA:72,3
DA:83,3
DA:85,1
DA:86,1
DA:97,13
DA:100,13
DA:101,1
DA:105,13
DA:106,3
DA:107,1
DA:109,2
DA:114,13
DA:116,13
DA:117,4
DA:120,13
DA:121,1
DA:124,13
DA:125,1
DA:128,13
DA:129,1
DA:132,13
DA:133,1
DA:137,13
DA:138,1
DA:142,13
DA:143,12
DA:147,1
DA:152,4
DA:153,1
DA:154,1
DA:155,2
DA:160,15
DA:161,15
LF:56
LH:55
BRDA:15,0,0,2
BRDA:15,0,1,4
BRDA:29,1,0,2
BRDA:29,1,1,1
BRDA:54,2,0,0
BRDA:54,2,1,1
BRDA:76,3,0,2
BRDA:76,3,1,0
BRDA:77,4,0,2
BRDA:77,4,1,0
BRDA:78,5,0,2
BRDA:78,5,1,0
BRDA:88,6,0,0
BRDA:88,6,1,1
BRDA:100,7,0,1
BRDA:100,7,1,12
BRDA:105,8,0,3
BRDA:105,8,1,10
BRDA:106,9,0,1
BRDA:106,9,1,2
BRDA:116,10,0,4
BRDA:116,10,1,9
BRDA:120,11,0,1
BRDA:120,11,1,12
BRDA:124,12,0,1
BRDA:124,12,1,12
BRDA:128,13,0,1
BRDA:128,13,1,12
BRDA:132,14,0,1
BRDA:132,14,1,12
BRDA:137,15,0,1
BRDA:137,15,1,12
BRDA:142,16,0,12
BRDA:142,16,1,1
BRDA:152,17,0,1
BRDA:152,17,1,1
BRDA:152,17,2,2
BRF:37
BRH:32
end_of_record
TN:
SF:controllers\auth.controller.js
FN:10,(anonymous_0)
FN:19,(anonymous_1)
FN:28,(anonymous_2)
FN:40,(anonymous_3)
FN:92,(anonymous_4)
FN:140,(anonymous_5)
FN:156,(anonymous_6)
FN:159,(anonymous_7)
FN:160,(anonymous_8)
FN:196,(anonymous_9)
FN:222,(anonymous_10)
FNF:11
FNH:11
FNDA:137,(anonymous_0)
FNDA:136,(anonymous_1)
FNDA:136,(anonymous_2)
FNDA:70,(anonymous_3)
FNDA:69,(anonymous_4)
FNDA:1,(anonymous_5)
FNDA:3,(anonymous_6)
FNDA:5,(anonymous_7)
FNDA:3,(anonymous_8)
FNDA:1,(anonymous_9)
FNDA:8,(anonymous_10)
DA:1,14
DA:2,14
DA:3,14
DA:4,14
DA:5,14
DA:6,14
DA:7,14
DA:10,14
DA:11,137
DA:19,14
DA:20,136
DA:28,14
DA:29,136
DA:36,136
DA:40,14
DA:41,70
DA:42,70
DA:45,70
DA:46,70
DA:47,1
DA:54,69
DA:60,69
DA:63,69
DA:64,69
DA:67,69
DA:68,69
DA:71,69
DA:74,69
DA:75,69
DA:78,69
DA:80,69
DA:87,1
DA:92,14
DA:93,69
DA:94,69
DA:97,69
DA:98,69
DA:99,1
DA:106,68
DA:107,68
DA:108,1
DA:115,67
DA:116,67
DA:119,67
DA:120,67
DA:123,67
DA:126,67
DA:127,67
DA:129,67
DA:135,2
DA:140,14
DA:141,1
DA:142,1
DA:143,1
DA:144,0
DA:146,1
DA:151,0
DA:156,14
DA:157,3
DA:158,3
DA:159,5
DA:160,3
DA:161,3
DA:162,1
DA:164,2
DA:167,2
DA:170,1
DA:172,1
DA:173,0
DA:176,1
DA:177,0
DA:181,1
DA:183,1
DA:188,2
DA:189,1
DA:191,1
DA:196,14
DA:197,1
DA:199,1
DA:206,1
DA:212,1
DA:217,0
DA:222,14
DA:223,8
DA:227,8
DA:228,5
DA:229,3
DA:230,0
DA:233,6
DA:234,1
DA:238,5
DA:241,3
DA:243,2
DA:244,0
DA:248,2
DA:249,2
DA:251,6
DA:252,6
DA:256,14
LF:99
LH:92
BRDA:14,0,0,137
BRDA:14,0,1,0
BRDA:46,1,0,1
BRDA:46,1,1,69
BRDA:98,2,0,1
BRDA:98,2,1,68
BRDA:107,3,0,1
BRDA:107,3,1,67
BRDA:143,4,0,0
BRDA:143,4,1,1
BRDA:158,5,0,3
BRDA:158,5,1,1
BRDA:161,6,0,1
BRDA:161,6,1,2
BRDA:172,7,0,0
BRDA:172,7,1,1
BRDA:176,8,0,0
BRDA:176,8,1,1
BRDA:176,9,0,1
BRDA:176,9,1,1
BRDA:188,10,0,1
BRDA:188,10,1,1
BRDA:188,11,0,2
BRDA:188,11,1,1
BRDA:227,12,0,5
BRDA:227,12,1,3
BRDA:227,13,0,8
BRDA:227,13,1,5
BRDA:229,14,0,0
BRDA:229,14,1,1
BRDA:233,15,0,1
BRDA:233,15,1,5
BRDA:243,16,0,0
BRDA:243,16,1,2
BRF:34
BRH:28
end_of_record
TN:
SF:controllers\review.controller.js
FN:6,(anonymous_0)
FN:18,(anonymous_1)
FN:31,(anonymous_2)
FN:45,(anonymous_3)
FN:65,(anonymous_4)
FNF:5
FNH:5
FNDA:2,(anonymous_0)
FNDA:2,(anonymous_1)
FNDA:19,(anonymous_2)
FNDA:6,(anonymous_3)
FNDA:3,(anonymous_4)
DA:1,13
DA:2,13
DA:3,13
DA:6,13
DA:7,2
DA:8,2
DA:11,2
DA:13,0
DA:18,13
DA:19,2
DA:20,2
DA:21,2
DA:22,1
DA:24,1
DA:26,1
DA:31,13
DA:32,19
DA:33,19
DA:34,19
DA:35,19
DA:36,19
DA:37,14
DA:38,14
DA:40,5
DA:45,13
DA:46,6
DA:47,6
DA:48,6
DA:49,6
DA:50,1
DA:52,5
DA:53,1
DA:55,4
DA:56,4
DA:57,1
DA:58,1
DA:60,5
DA:65,13
DA:66,3
DA:67,3
DA:68,3
DA:69,3
DA:70,1
DA:72,2
DA:73,1
DA:75,1
DA:76,1
DA:78,2
LF:48
LH:47
BRDA:21,0,0,1
BRDA:21,0,1,1
BRDA:49,1,0,1
BRDA:49,1,1,5
BRDA:52,2,0,1
BRDA:52,2,1,4
BRDA:69,3,0,1
BRDA:69,3,1,2
BRDA:72,4,0,1
BRDA:72,4,1,1
BRF:10
BRH:10
end_of_record
TN:
SF:middlewares\auth.js
FN:9,(anonymous_0)
FNF:1
FNH:1
FNDA:43,(anonymous_0)
DA:1,13
DA:2,13
DA:3,13
DA:4,13
DA:9,13
DA:10,43
DA:11,43
DA:12,43
DA:13,7
DA:15,36
DA:16,36
DA:18,35
DA:19,35
DA:20,0
DA:22,35
DA:23,35
DA:25,8
DA:28,8
LF:18
LH:17
BRDA:12,0,0,7
BRDA:12,0,1,36
BRDA:12,1,0,43
BRDA:12,1,1,36
BRDA:19,2,0,0
BRDA:19,2,1,35
BRDA:25,3,0,0
BRDA:25,3,1,8
BRF:8
BRH:6
end_of_record
TN:
SF:middlewares\error.middleware.js
FN:5,(anonymous_0)
FN:19,(anonymous_1)
FN:46,(anonymous_2)
FN:72,(anonymous_3)
FNF:4
FNH:4
FNDA:51,(anonymous_0)
FNDA:4,(anonymous_1)
FNDA:32,(anonymous_2)
FNDA:2,(anonymous_3)
DA:1,17
DA:2,17
DA:6,51
DA:7,51
DA:8,51
DA:9,51
DA:10,51
DA:11,51
DA:12,3
DA:14,48
DA:19,17
DA:20,4
DA:22,4
DA:23,2
DA:24,2
DA:25,2
DA:30,2
DA:31,0
DA:36,2
DA:39,2
DA:42,4
DA:46,17
DA:47,32
DA:48,32
DA:54,32
DA:55,1
DA:59,32
DA:60,9
DA:64,32
DA:69,32
DA:72,17
DA:73,2
DA:77,2
DA:80,17
LF:34
LH:33
BRDA:5,0,0,40
BRDA:5,1,0,41
BRDA:5,2,0,48
BRDA:9,3,0,50
BRDA:9,3,1,1
BRDA:10,4,0,47
BRDA:10,4,1,4
BRDA:11,5,0,3
BRDA:11,5,1,48
BRDA:22,6,0,2
BRDA:22,6,1,2
BRDA:23,7,0,2
BRDA:23,7,1,1
BRDA:24,8,0,2
BRDA:24,8,1,0
BRDA:30,9,0,0
BRDA:30,9,1,2
BRDA:36,10,0,0
BRDA:36,10,1,2
BRDA:54,11,0,1
BRDA:54,11,1,31
BRDA:54,12,0,32
BRDA:54,12,1,32
BRDA:59,13,0,9
BRDA:59,13,1,23
BRDA:59,14,0,32
BRDA:59,14,1,31
BRDA:65,15,0,32
BRDA:65,15,1,8
BRDA:69,16,0,32
BRDA:69,16,1,8
BRF:31
BRH:28
end_of_record
TN:
SF:middlewares\validation.middleware.js
FN:11,(anonymous_0)
FN:19,(anonymous_1)
FN:37,(anonymous_2)
FN:38,(anonymous_3)
FNF:4
FNH:4
FNDA:143,(anonymous_0)
FNDA:3,(anonymous_1)
FNDA:3,(anonymous_2)
FNDA:6,(anonymous_3)
DA:1,15
DA:2,15
DA:3,15
DA:11,15
DA:12,143
DA:13,143
DA:14,140
DA:18,3
DA:19,3
DA:20,3
DA:24,3
DA:37,15
DA:38,3
DA:39,6
DA:41,6
DA:43,4
DA:52,2
DA:56,15
LF:18
LH:18
BRDA:13,0,0,140
BRDA:13,0,1,3
BRDA:41,1,0,4
BRDA:41,1,1,2
BRDA:41,2,0,6
BRDA:41,2,1,6
BRF:6
BRH:6
end_of_record
TN:
SF:models\Analysis.js
FN:73,(anonymous_0)
FN:80,(anonymous_1)
FN:93,(anonymous_2)
FN:107,(anonymous_3)
FNF:4
FNH:4
FNDA:4,(anonymous_0)
FNDA:1,(anonymous_1)
FNDA:1,(anonymous_2)
FNDA:1,(anonymous_3)
DA:1,16
DA:3,16
DA:33,16
DA:53,16
DA:74,4
DA:80,1
DA:94,1
DA:95,1
DA:96,1
DA:97,1
DA:104,16
DA:107,16
DA:108,1
DA:114,16
DA:116,16
LF:15
LH:15
BRDA:74,0,0,4
BRDA:74,0,1,4
BRDA:74,0,2,4
BRDA:74,0,3,4
BRDA:74,0,4,4
BRDA:107,1,0,0
BRF:6
BRH:5
end_of_record
TN:
SF:models\Comment.js
FNF:0
FNH:0
DA:1,13
DA:3,13
DA:24,13
LF:3
LH:3
BRF:0
BRH:0
end_of_record
TN:
SF:models\review.model.js
FN:43,(anonymous_0)
FNF:1
FNH:1
FNDA:17,(anonymous_0)
DA:1,13
DA:2,13
DA:5,13
DA:14,13
DA:21,13
DA:44,17
DA:45,17
DA:46,17
DA:47,17
DA:54,13
DA:56,13
DA:57,13
LF:12
LH:12
BRF:0
BRH:0
end_of_record
TN:
SF:models\user.model.js
FN:11,(anonymous_0)
FN:121,(anonymous_1)
FN:135,(anonymous_2)
FN:140,(anonymous_3)
FN:149,(anonymous_4)
FN:160,(anonymous_5)
FN:173,(anonymous_6)
FNF:7
FNH:7
FNDA:79,(anonymous_0)
FNDA:210,(anonymous_1)
FNDA:1,(anonymous_2)
FNDA:2,(anonymous_3)
FNDA:1,(anonymous_4)
FNDA:3,(anonymous_5)
FNDA:157,(anonymous_6)
DA:1,15
DA:2,15
DA:3,15
DA:4,15
DA:5,15
DA:7,15
DA:11,79
DA:103,15
DA:104,15
DA:107,15
DA:114,15
DA:121,15
DA:123,210
DA:125,74
DA:127,74
DA:128,74
DA:130,0
DA:135,15
DA:136,1
DA:140,15
DA:141,2
DA:142,1
DA:143,1
DA:145,1
DA:149,15
DA:150,1
DA:151,1
DA:155,1
DA:156,1
DA:160,15
DA:161,3
DA:162,3
DA:163,1
DA:165,2
DA:166,2
DA:167,1
DA:169,1
DA:173,15
DA:174,157
DA:175,157
DA:177,157
DA:178,157
DA:179,157
DA:180,157
DA:181,157
DA:183,157
DA:186,15
DA:188,15
LF:48
LH:47
BRDA:123,0,0,136
BRDA:123,0,1,74
BRDA:141,1,0,1
BRDA:141,1,1,1
BRDA:162,2,0,1
BRDA:162,2,1,2
BRDA:166,3,0,1
BRDA:166,3,1,1
BRF:8
BRH:8
end_of_record
TN:
SF:routes\analysis.routes.js
FNF:0
FNH:0
DA:1,13
DA:2,13
DA:3,13
DA:7,13
DA:10,13
DA:17,13
DA:24,13
DA:26,13
LF:8
LH:8
BRF:0
BRH:0
end_of_record
TN:
SF:routes\auth.routes.js
FNF:0
FNH:0
DA:1,13
DA:2,13
DA:3,13
DA:4,13
DA:5,13
DA:10,13
DA:27,13
DA:40,13
DA:45,13
DA:50,13
DA:52,13
LF:11
LH:11
BRF:0
BRH:0
end_of_record
TN:
SF:routes\comment.routes.js
FN:7,(anonymous_0)
FN:26,(anonymous_1)
FNF:2
FNH:2
FNDA:3,(anonymous_0)
FNDA:2,(anonymous_1)
DA:1,13
DA:2,13
DA:3,13
DA:4,13
DA:7,13
DA:8,3
DA:9,3
DA:10,3
DA:11,1
DA:14,2
DA:18,2
DA:20,0
DA:21,0
DA:26,13
DA:27,2
DA:28,2
DA:30,2
DA:31,1
DA:34,1
DA:40,1
DA:43,1
DA:45,1
DA:47,0
DA:48,0
DA:52,13
LF:25
LH:21
BRDA:10,0,0,1
BRDA:10,0,1,2
BRDA:30,1,0,1
BRDA:30,1,1,1
BRDA:30,2,0,2
BRDA:30,2,1,1
BRF:6
BRH:6
end_of_record
TN:
SF:routes\index.js
FNF:0
FNH:0
DA:1,13
DA:2,13
DA:3,13
DA:6,13
DA:7,13
DA:8,13
DA:9,13
DA:10,13
DA:13,13
DA:14,13
DA:15,13
DA:16,13
DA:17,13
DA:20,13
DA:22,13
LF:15
LH:15
BRF:0
BRH:0
end_of_record
TN:
SF:routes\review.routes.js
FNF:0
FNH:0
DA:1,13
DA:2,13
DA:3,13
DA:10,13
DA:13,13
DA:14,13
DA:17,13
DA:18,13
DA:19,13
DA:20,13
DA:22,13
LF:11
LH:11
BRF:0
BRH:0
end_of_record
TN:
SF:routes\user.routes.js
FNF:0
FNH:0
DA:1,13
DA:2,13
DA:7,13
LF:3
LH:3
BRF:0
BRH:0
end_of_record
TN:
SF:utils\codeAnalyzer.js
FN:17,(anonymous_0)
FN:22,(anonymous_1)
FN:28,(anonymous_2)
FN:34,(anonymous_3)
FN:44,(anonymous_4)
FN:48,(anonymous_5)
FN:51,(anonymous_6)
FN:59,(anonymous_7)
FN:63,(anonymous_8)
FN:92,(anonymous_9)
FN:134,(anonymous_10)
FN:141,(anonymous_11)
FN:150,(anonymous_12)
FN:162,(anonymous_13)
FN:172,(anonymous_14)
FN:207,(anonymous_15)
FN:246,(anonymous_16)
FN:279,(anonymous_17)
FN:339,(anonymous_18)
FN:349,(anonymous_19)
FN:386,(anonymous_20)
FN:397,(anonymous_21)
FN:437,analyzeCode
FNF:23
FNH:23
FNDA:93,(anonymous_0)
FNDA:93,(anonymous_1)
FNDA:29,(anonymous_2)
FNDA:36,(anonymous_3)
FNDA:10,(anonymous_4)
FNDA:23,(anonymous_5)
FNDA:17,(anonymous_6)
FNDA:23,(anonymous_7)
FNDA:14,(anonymous_8)
FNDA:15,(anonymous_9)
FNDA:2,(anonymous_10)
FNDA:2,(anonymous_11)
FNDA:3,(anonymous_12)
FNDA:1,(anonymous_13)
FNDA:1,(anonymous_14)
FNDA:3,(anonymous_15)
FNDA:1,(anonymous_16)
FNDA:7,(anonymous_17)
FNDA:5,(anonymous_18)
FNDA:2,(anonymous_19)
FNDA:6,(anonymous_20)
FNDA:1,(anonymous_21)
FNDA:28,analyzeCode
DA:7,16
DA:8,16
DA:9,16
DA:10,16
DA:11,16
DA:18,93
DA:19,93
DA:23,93
DA:24,0
DA:29,29
DA:30,29
DA:31,29
DA:35,36
DA:36,36
DA:37,32
DA:40,0
DA:45,10
DA:46,9
DA:48,23
DA:51,17
DA:60,23
DA:64,14
DA:93,15
DA:94,15
DA:97,14
DA:99,14
DA:101,14
DA:106,14
DA:109,14
DA:110,14
DA:111,14
DA:112,32
DA:124,14
DA:126,14
DA:129,0
DA:130,0
DA:135,2
DA:136,1
DA:138,1
DA:142,2
DA:151,3
DA:152,3
DA:154,3
DA:156,3
DA:157,3
DA:158,3
DA:161,1
DA:162,1
DA:171,2
DA:172,1
DA:173,1
DA:174,1
DA:175,1
DA:183,0
DA:186,1
DA:188,3
DA:191,1
DA:192,1
DA:208,3
DA:209,3
DA:215,3
DA:216,3
DA:217,3
DA:218,3
DA:221,3
DA:234,3
DA:237,3
DA:238,3
DA:241,1
DA:246,1
DA:248,1
DA:249,1
DA:250,1
DA:258,0
DA:262,2
DA:264,2
DA:265,0
DA:266,0
DA:270,2
DA:271,2
DA:272,2
DA:273,0
DA:274,0
DA:279,2
DA:280,7
DA:281,7
DA:282,1
DA:290,6
DA:296,0
DA:297,0
DA:298,0
DA:300,0
DA:301,0
DA:310,3
DA:311,3
DA:313,3
DA:314,3
DA:317,3
DA:318,3
DA:319,3
DA:320,3
DA:323,0
DA:324,0
DA:340,5
DA:341,5
DA:343,4
DA:345,4
DA:346,4
DA:347,4
DA:349,2
DA:351,2
DA:352,2
DA:353,2
DA:361,0
DA:364,4
DA:366,4
DA:367,4
DA:370,2
DA:371,2
DA:387,6
DA:388,6
DA:390,5
DA:391,5
DA:393,5
DA:394,5
DA:395,5
DA:397,1
DA:399,1
DA:400,1
DA:401,1
DA:409,0
DA:412,5
DA:415,4
DA:416,4
DA:428,16
DA:429,16
DA:430,16
DA:431,16
DA:432,16
DA:438,28
DA:439,13
DA:442,15
DA:443,15
DA:445,3
DA:448,3
DA:451,1
DA:454,1
DA:456,1
DA:458,1
DA:461,2
DA:463,3
DA:472,0
DA:473,0
DA:483,16
LF:154
LH:133
BRDA:23,0,0,0
BRDA:23,0,1,93
BRDA:36,1,0,32
BRDA:36,1,1,4
BRDA:36,2,0,36
BRDA:36,2,1,36
BRDA:45,3,0,1
BRDA:45,3,1,9
BRDA:65,4,0,5
BRDA:65,4,1,9
BRDA:71,5,0,5
BRDA:71,5,1,9
BRDA:74,6,0,5
BRDA:74,6,1,9
BRDA:92,7,0,0
BRDA:94,8,0,1
BRDA:94,8,1,14
BRDA:97,9,0,5
BRDA:97,9,1,9
BRDA:113,10,0,32
BRDA:113,10,1,2
BRDA:113,11,0,2
BRDA:113,11,1,0
BRDA:119,12,0,24
BRDA:119,12,1,8
BRDA:135,13,0,1
BRDA:135,13,1,1
BRDA:138,14,0,1
BRDA:138,14,1,0
BRDA:152,15,0,0
BRDA:152,15,1,3
BRDA:161,16,0,1
BRDA:161,16,1,0
BRDA:163,17,0,1
BRDA:163,17,1,0
BRDA:163,17,2,0
BRDA:166,18,0,1
BRDA:166,18,1,0
BRDA:167,19,0,0
BRDA:167,19,1,1
BRDA:171,20,0,1
BRDA:171,20,1,1
BRDA:174,21,0,1
BRDA:174,21,1,0
BRDA:179,22,0,1
BRDA:179,22,1,0
BRDA:194,23,0,1
BRDA:194,23,1,0
BRDA:209,24,0,0
BRDA:209,24,1,3
BRDA:249,25,0,1
BRDA:249,25,1,0
BRDA:254,26,0,1
BRDA:254,26,1,0
BRDA:255,27,0,0
BRDA:255,27,1,1
BRDA:262,28,0,2
BRDA:262,28,1,1
BRDA:262,28,2,0
BRDA:264,29,0,0
BRDA:264,29,1,2
BRDA:264,30,0,2
BRDA:264,30,1,2
BRDA:264,30,2,2
BRDA:270,31,0,2
BRDA:270,31,1,0
BRDA:270,32,0,2
BRDA:270,32,1,2
BRDA:272,33,0,0
BRDA:272,33,1,2
BRDA:281,34,0,1
BRDA:281,34,1,6
BRDA:286,35,0,1
BRDA:286,35,1,0
BRDA:287,36,0,1
BRDA:287,36,1,0
BRDA:296,37,0,0
BRDA:296,37,1,0
BRDA:296,38,0,0
BRDA:296,38,1,0
BRDA:296,38,2,0
BRDA:303,39,0,0
BRDA:303,39,1,0
BRDA:310,40,0,3
BRDA:310,40,1,0
BRDA:313,41,0,3
BRDA:313,41,1,0
BRDA:313,42,0,3
BRDA:313,42,1,3
BRDA:319,43,0,1
BRDA:319,43,1,2
BRDA:320,44,0,1
BRDA:320,44,1,2
BRDA:326,45,0,0
BRDA:326,45,1,0
BRDA:341,46,0,1
BRDA:341,46,1,4
BRDA:352,47,0,2
BRDA:352,47,1,0
BRDA:354,48,0,2
BRDA:354,48,1,1
BRDA:358,49,0,1
BRDA:358,49,1,1
BRDA:373,50,0,2
BRDA:373,50,1,0
BRDA:386,51,0,0
BRDA:388,52,0,1
BRDA:388,52,1,5
BRDA:390,53,0,3
BRDA:390,53,1,2
BRDA:400,54,0,1
BRDA:400,54,1,0
BRDA:402,55,0,1
BRDA:402,55,1,0
BRDA:405,56,0,1
BRDA:405,56,1,0
BRDA:406,57,0,1
BRDA:406,57,1,0
BRDA:415,58,0,3
BRDA:415,58,1,1
BRDA:418,59,0,3
BRDA:418,59,1,1
BRDA:418,60,0,4
BRDA:418,60,1,0
BRDA:437,61,0,0
BRDA:438,62,0,13
BRDA:438,62,1,15
BRDA:443,63,0,3
BRDA:443,63,1,2
BRDA:443,63,2,3
BRDA:443,63,3,1
BRDA:443,63,4,1
BRDA:443,63,5,0
BRDA:443,63,6,1
BRDA:443,63,7,1
BRDA:443,63,8,1
BRDA:443,63,9,1
BRDA:443,63,10,2
BRDA:443,63,11,3
BRDA:475,64,0,0
BRDA:475,64,1,0
BRF:141
BRH:95
end_of_record
TN:
SF:utils\codeMetrics.js
FN:4,(anonymous_0)
FN:10,(anonymous_1)
FN:19,(anonymous_2)
FN:32,(anonymous_3)
FNF:4
FNH:4
FNDA:7,(anonymous_0)
FNDA:6,(anonymous_1)
FNDA:32,(anonymous_2)
FNDA:7,(anonymous_3)
DA:1,15
DA:2,15
DA:4,15
DA:5,7
DA:6,5
DA:10,15
DA:11,6
DA:14,4
DA:19,4
DA:20,32
DA:21,32
DA:24,4
DA:32,15
DA:33,7
DA:35,7
DA:36,6
DA:41,6
DA:46,6
DA:53,1
DA:55,1
DA:64,15
LF:21
LH:21
BRDA:5,0,0,2
BRDA:5,0,1,5
BRDA:11,1,0,2
BRDA:11,1,1,4
BRDA:21,2,0,7
BRDA:21,2,1,25
BRF:6
BRH:6
end_of_record
TN:
SF:utils\logger.js
FN:6,(anonymous_0)
FN:38,(anonymous_1)
FNF:2
FNH:2
FNDA:341,(anonymous_0)
FNDA:1,(anonymous_1)
DA:1,19
DA:2,19
DA:4,19
DA:6,19
DA:7,341
DA:8,341
DA:9,341
DA:12,19
DA:37,19
DA:39,1
DA:43,19
LF:11
LH:11
BRDA:7,0,0,0
BRDA:7,0,1,341
BRDA:8,1,0,0
BRDA:8,1,1,341
BRDA:13,2,0,19
BRDA:13,2,1,19
BRDA:17,3,0,2
BRDA:17,3,1,17
BRF:8
BRH:6
end_of_record
